<?xml version="1.0" encoding="UTF-8"?>
<testsuite xmlns:xsi="http://www.w3.org/2001/XMLSchema-instance" xsi:noNamespaceSchemaLocation="https://maven.apache.org/surefire/maven-surefire-plugin/xsd/surefire-test-report.xsd" version="3.0.2" name="com.leadflow.backend.multitenancy.TenantIsolationTest" time="12.245" tests="2" errors="2" skipped="0" failures="0">
  <properties>
[...]
</properties>
  <testcase name="shouldIsolateDataBetweenSchemas" classname="com.leadflow.backend.multitenancy.TenantIsolationTest" time="0.651">
    <error message="JDBC exception executing SQL [select r1_0.id,r1_0.created_at,r1_0.name,r1_0.updated_at from roles r1_0 where upper(r1_0.name)=upper(?)] [ERROR: relation &quot;roles&quot; does not exist&#10;  Posição: 63] [n/a]; SQL [n/a]" type="org.springframework.dao.InvalidDataAccessResourceUsageException"><![CDATA[org.springframework.dao.InvalidDataAccessResourceUsageException: 
JDBC exception executing SQL [select r1_0.id,r1_0.created_at,r1_0.name,r1_0.updated_at from roles r1_0 where upper(r1_0.name)=upper(?)] [ERROR: relation "roles" does not exist
  Posição: 63] [n/a]; SQL [n/a]
	at org.springframework.orm.jpa.vendor.HibernateJpaDialect.convertHibernateAccessException(HibernateJpaDialect.java:281)
	at org.springframework.orm.jpa.vendor.HibernateJpaDialect.convertHibernateAccessException(HibernateJpaDialect.java:256)
	at org.springframework.orm.jpa.vendor.HibernateJpaDialect.translateExceptionIfPossible(HibernateJpaDialect.java:241)
	at org.springframework.orm.jpa.AbstractEntityManagerFactoryBean.translateExceptionIfPossible(AbstractEntityManagerFactoryBean.java:560)
	at org.springframework.dao.support.ChainedPersistenceExceptionTranslator.translateExceptionIfPossible(ChainedPersistenceExceptionTranslator.java:61)
	at org.springframework.dao.support.DataAccessUtils.translateIfNecessary(DataAccessUtils.java:343)
	at org.springframework.dao.support.PersistenceExceptionTranslationInterceptor.invoke(PersistenceExceptionTranslationInterceptor.java:160)
	at org.springframework.aop.framework.ReflectiveMethodInvocation.proceed(ReflectiveMethodInvocation.java:184)
	at org.springframework.data.jpa.repository.support.CrudMethodMetadataPostProcessor$CrudMethodMetadataPopulatingMethodInterceptor.invoke(CrudMethodMetadataPostProcessor.java:136)
	at org.springframework.aop.framework.ReflectiveMethodInvocation.proceed(ReflectiveMethodInvocation.java:184)
	at org.springframework.aop.framework.JdkDynamicAopProxy.invoke(JdkDynamicAopProxy.java:223)
	at jdk.proxy2/jdk.proxy2.$Proxy194.findByNameIgnoreCase(Unknown Source)
	at com.leadflow.backend.multitenancy.TenantIsolationTest.shouldIsolateDataBetweenSchemas(TenantIsolationTest.java:74)
	at java.base/java.lang.reflect.Method.invoke(Method.java:569)
	at java.base/java.util.ArrayList.forEach(ArrayList.java:1511)
	at java.base/java.util.ArrayList.forEach(ArrayList.java:1511)
Caused by: org.hibernate.exception.SQLGrammarException: JDBC exception executing SQL [select r1_0.id,r1_0.created_at,r1_0.name,r1_0.updated_at from roles r1_0 where upper(r1_0.name)=upper(?)] [ERROR: relation "roles" does not exist
  Posição: 63] [n/a]
	at org.hibernate.exception.internal.SQLStateConversionDelegate.convert(SQLStateConversionDelegate.java:91)
	at org.hibernate.exception.internal.StandardSQLExceptionConverter.convert(StandardSQLExceptionConverter.java:58)
	at org.hibernate.engine.jdbc.spi.SqlExceptionHelper.convert(SqlExceptionHelper.java:108)
	at org.hibernate.engine.jdbc.spi.SqlExceptionHelper.convert(SqlExceptionHelper.java:94)
	at org.hibernate.sql.results.jdbc.internal.DeferredResultSetAccess.executeQuery(DeferredResultSetAccess.java:269)
	at org.hibernate.sql.results.jdbc.internal.DeferredResultSetAccess.getResultSet(DeferredResultSetAccess.java:172)
	at org.hibernate.sql.results.jdbc.internal.JdbcValuesResultSetImpl.<init>(JdbcValuesResultSetImpl.java:74)
	at org.hibernate.sql.exec.internal.JdbcSelectExecutorStandardImpl.resolveJdbcValuesSource(JdbcSelectExecutorStandardImpl.java:355)
	at org.hibernate.sql.exec.internal.JdbcSelectExecutorStandardImpl.doExecuteQuery(JdbcSelectExecutorStandardImpl.java:137)
	at org.hibernate.sql.exec.internal.JdbcSelectExecutorStandardImpl.executeQuery(JdbcSelectExecutorStandardImpl.java:102)
	at org.hibernate.sql.exec.spi.JdbcSelectExecutor.executeQuery(JdbcSelectExecutor.java:91)
	at org.hibernate.sql.exec.spi.JdbcSelectExecutor.list(JdbcSelectExecutor.java:165)
	at org.hibernate.query.sqm.internal.ConcreteSqmSelectQueryPlan.lambda$new$1(ConcreteSqmSelectQueryPlan.java:149)
	at org.hibernate.query.sqm.internal.ConcreteSqmSelectQueryPlan.withCacheableSqmInterpretation(ConcreteSqmSelectQueryPlan.java:439)
	at org.hibernate.query.sqm.internal.ConcreteSqmSelectQueryPlan.performList(ConcreteSqmSelectQueryPlan.java:359)
	at org.hibernate.query.sqm.internal.QuerySqmImpl.doList(QuerySqmImpl.java:364)
	at org.hibernate.query.spi.AbstractSelectionQuery.list(AbstractSelectionQuery.java:143)
	at org.hibernate.query.spi.AbstractSelectionQuery.getSingleResult(AbstractSelectionQuery.java:275)
	at java.base/jdk.internal.reflect.NativeMethodAccessorImpl.invoke0(Native Method)
	at java.base/jdk.internal.reflect.NativeMethodAccessorImpl.invoke(NativeMethodAccessorImpl.java:77)
	at java.base/jdk.internal.reflect.DelegatingMethodAccessorImpl.invoke(DelegatingMethodAccessorImpl.java:43)
	at java.base/java.lang.reflect.Method.invoke(Method.java:569)
	at org.springframework.orm.jpa.SharedEntityManagerCreator$DeferredQueryInvocationHandler.invoke(SharedEntityManagerCreator.java:419)
	at jdk.proxy2/jdk.proxy2.$Proxy233.getSingleResult(Unknown Source)
	at org.springframework.data.jpa.repository.query.JpaQueryExecution$SingleEntityExecution.doExecute(JpaQueryExecution.java:226)
	at org.springframework.data.jpa.repository.query.JpaQueryExecution.execute(JpaQueryExecution.java:95)
	at org.springframework.data.jpa.repository.query.AbstractJpaQuery.doExecute(AbstractJpaQuery.java:160)
	at org.springframework.data.jpa.repository.query.AbstractJpaQuery.execute(AbstractJpaQuery.java:148)
	at org.springframework.data.repository.core.support.RepositoryMethodInvoker.doInvoke(RepositoryMethodInvoker.java:170)
	at org.springframework.data.repository.core.support.RepositoryMethodInvoker.invoke(RepositoryMethodInvoker.java:158)
	at org.springframework.data.repository.core.support.QueryExecutorMethodInterceptor.doInvoke(QueryExecutorMethodInterceptor.java:170)
	at org.springframework.data.repository.core.support.QueryExecutorMethodInterceptor.invoke(QueryExecutorMethodInterceptor.java:149)
	at org.springframework.aop.framework.ReflectiveMethodInvocation.proceed(ReflectiveMethodInvocation.java:184)
	at org.springframework.data.projection.DefaultMethodInvokingMethodInterceptor.invoke(DefaultMethodInvokingMethodInterceptor.java:69)
	at org.springframework.aop.framework.ReflectiveMethodInvocation.proceed(ReflectiveMethodInvocation.java:184)
	at org.springframework.transaction.interceptor.TransactionAspectSupport.invokeWithinTransaction(TransactionAspectSupport.java:380)
	at org.springframework.transaction.interceptor.TransactionInterceptor.invoke(TransactionInterceptor.java:119)
	at org.springframework.aop.framework.ReflectiveMethodInvocation.proceed(ReflectiveMethodInvocation.java:184)
	at org.springframework.dao.support.PersistenceExceptionTranslationInterceptor.invoke(PersistenceExceptionTranslationInterceptor.java:138)
	... 9 more
Caused by: org.postgresql.util.PSQLException: ERROR: relation "roles" does not exist
  Posição: 63
	at org.postgresql.core.v3.QueryExecutorImpl.receiveErrorResponse(QueryExecutorImpl.java:2846)
	at org.postgresql.core.v3.QueryExecutorImpl.processResults(QueryExecutorImpl.java:2531)
	at org.postgresql.core.v3.QueryExecutorImpl.execute(QueryExecutorImpl.java:429)
	at org.postgresql.jdbc.PgStatement.executeInternal(PgStatement.java:526)
	at org.postgresql.jdbc.PgStatement.execute(PgStatement.java:436)
	at org.postgresql.jdbc.PgPreparedStatement.executeWithFlags(PgPreparedStatement.java:196)
	at org.postgresql.jdbc.PgPreparedStatement.executeQuery(PgPreparedStatement.java:139)
	at com.zaxxer.hikari.pool.ProxyPreparedStatement.executeQuery(ProxyPreparedStatement.java:52)
	at com.zaxxer.hikari.pool.HikariProxyPreparedStatement.executeQuery(HikariProxyPreparedStatement.java)
	at org.hibernate.sql.results.jdbc.internal.DeferredResultSetAccess.executeQuery(DeferredResultSetAccess.java:251)
	... 43 more
]]></error>
    <system-out><![CDATA[10:09:26.721 [main] INFO org.testcontainers.images.PullPolicy -- Image pull policy will be performed by: DefaultPullPolicy()
10:09:26.729 [main] INFO org.testcontainers.utility.ImageNameSubstitutor -- Image name substitution will be performed by: DefaultImageNameSubstitutor (composite of 'ConfigurationFileImageNameSubstitutor' and 'PrefixingImageNameSubstitutor')
10:09:27.056 [main] INFO org.testcontainers.dockerclient.DockerClientProviderStrategy -- Loaded org.testcontainers.dockerclient.NpipeSocketClientProviderStrategy from ~/.testcontainers.properties, will try it first
10:09:27.388 [main] INFO org.testcontainers.dockerclient.DockerClientProviderStrategy -- Found Docker environment with local Npipe socket (npipe:////./pipe/docker_engine)
10:09:27.390 [main] INFO org.testcontainers.DockerClientFactory -- Docker host IP address is localhost
10:09:27.413 [main] INFO org.testcontainers.DockerClientFactory -- Connected to docker: 
  Server Version: 29.2.0
  API Version: 1.53
  Operating System: Docker Desktop
  Total Memory: 7873 MB
10:09:27.523 [main] INFO tc.testcontainers/ryuk:0.6.0 -- Creating container for image: testcontainers/ryuk:0.6.0
10:09:27.792 [main] INFO tc.testcontainers/ryuk:0.6.0 -- Container testcontainers/ryuk:0.6.0 is starting: ce0c91c1ad80b10363ee3f1b73e3231d2ec7ccf15a7c68e1c83bdbaeadca2c1d
10:09:28.228 [main] INFO tc.testcontainers/ryuk:0.6.0 -- Container testcontainers/ryuk:0.6.0 started in PT0.7049637S
10:09:28.237 [main] INFO org.testcontainers.utility.RyukResourceReaper -- Ryuk started - will monitor and terminate Testcontainers containers on JVM exit
10:09:28.237 [main] INFO org.testcontainers.DockerClientFactory -- Checking the system...
10:09:28.238 [main] INFO org.testcontainers.DockerClientFactory -- ?? Docker server version should be at least 1.6.0
10:09:28.239 [main] INFO tc.postgres:16-alpine -- Creating container for image: postgres:16-alpine
10:09:28.241 [main] WARN tc.postgres:16-alpine -- Reuse was requested but the environment does not support the reuse of containers
To enable reuse of containers, you must set 'testcontainers.reuse.enable=true' in a file located at C:\Users\Gabri\.testcontainers.properties
10:09:28.325 [main] INFO tc.postgres:16-alpine -- Container postgres:16-alpine is starting: 67ee9100d4c77646965fc7f5af4b33d8e9bdc24589a17451e61cf33b6376e891
10:09:30.204 [main] INFO tc.postgres:16-alpine -- Container postgres:16-alpine started in PT1.9644369S
10:09:30.205 [main] INFO tc.postgres:16-alpine -- Container is started (JDBC URL: jdbc:postgresql://localhost:53635/leadflow_test?loggerLevel=OFF)
10:09:30.292 [main] INFO org.springframework.test.context.support.AnnotationConfigContextLoaderUtils -- Could not detect default configuration classes for test class [com.leadflow.backend.multitenancy.TenantIsolationTest]: TenantIsolationTest does not declare any static, non-private, non-final, nested classes annotated with @Configuration.
10:09:30.444 [main] INFO org.springframework.boot.test.context.SpringBootTestContextBootstrapper -- Found @SpringBootConfiguration com.leadflow.backend.BackendApplication for test class com.leadflow.backend.multitenancy.TenantIsolationTest

  .   ____          _            __ _ _
 /\\ / ___'_ __ _ _(_)_ __  __ _ \ \ \ \
( ( )\___ | '_ | '_| | '_ \/ _` | \ \ \ \
 \\/  ___)| |_)| | | | | || (_| |  ) ) ) )
  '  |____| .__|_| |_|_| |_\__, | / / / /
 =========|_|==============|___/=/_/_/_/

 :: Spring Boot ::               (v3.5.10)

2026-02-20T10:09:31.012-03:00  INFO 59748 --- [leadflow-backend] [           main] c.l.b.multitenancy.TenantIsolationTest   : Starting TenantIsolationTest using Java 17.0.16 with PID 59748 (started by Gabri in C:\Users\Gabri\OneDrive\Área de Trabalho\leadflow-backend)
2026-02-20T10:09:31.014-03:00  INFO 59748 --- [leadflow-backend] [           main] c.l.b.multitenancy.TenantIsolationTest   : The following 1 profile is active: "integration"
2026-02-20T10:09:32.359-03:00  INFO 59748 --- [leadflow-backend] [           main] .s.d.r.c.RepositoryConfigurationDelegate : Bootstrapping Spring Data JPA repositories in DEFAULT mode.
2026-02-20T10:09:32.406-03:00  INFO 59748 --- [leadflow-backend] [           main] .s.d.r.c.RepositoryConfigurationDelegate : Finished Spring Data repository scanning in 36 ms. Found 1 JPA repository interface.
2026-02-20T10:09:32.411-03:00  INFO 59748 --- [leadflow-backend] [           main] .s.d.r.c.RepositoryConfigurationDelegate : Bootstrapping Spring Data JPA repositories in DEFAULT mode.
2026-02-20T10:09:32.432-03:00  INFO 59748 --- [leadflow-backend] [           main] .s.d.r.c.RepositoryConfigurationDelegate : Finished Spring Data repository scanning in 22 ms. Found 6 JPA repository interfaces.
2026-02-20T10:09:33.604-03:00  INFO 59748 --- [leadflow-backend] [           main] com.zaxxer.hikari.HikariDataSource       : HikariPool-1 - Starting...
2026-02-20T10:09:33.811-03:00  INFO 59748 --- [leadflow-backend] [           main] com.zaxxer.hikari.pool.HikariPool        : HikariPool-1 - Added connection org.postgresql.jdbc.PgConnection@2b0494a8
2026-02-20T10:09:33.813-03:00  INFO 59748 --- [leadflow-backend] [           main] com.zaxxer.hikari.HikariDataSource       : HikariPool-1 - Start completed.
2026-02-20T10:09:33.844-03:00  INFO 59748 --- [leadflow-backend] [           main] org.flywaydb.core.FlywayExecutor         : Database: jdbc:postgresql://localhost:53635/leadflow_test?loggerLevel=OFF (PostgreSQL 16.12)
2026-02-20T10:09:33.927-03:00  INFO 59748 --- [leadflow-backend] [           main] o.f.c.i.s.JdbcTableSchemaHistory         : Schema history table "public"."flyway_schema_history" does not exist yet
2026-02-20T10:09:33.933-03:00  INFO 59748 --- [leadflow-backend] [           main] o.f.core.internal.command.DbValidate     : Successfully validated 4 migrations (execution time 00:00.046s)
2026-02-20T10:09:33.949-03:00  INFO 59748 --- [leadflow-backend] [           main] org.flywaydb.core.Flyway                 : All configured schemas are empty; baseline operation skipped. A baseline or migration script with a lower version than the baseline version may execute if available. Check the Schemas parameter if this is not intended.
2026-02-20T10:09:33.957-03:00  INFO 59748 --- [leadflow-backend] [           main] o.f.c.i.s.JdbcTableSchemaHistory         : Creating Schema History table "public"."flyway_schema_history" ...
2026-02-20T10:09:34.020-03:00  INFO 59748 --- [leadflow-backend] [           main] o.f.core.internal.command.DbMigrate      : Current version of schema "public": << Empty Schema >>
2026-02-20T10:09:34.046-03:00  INFO 59748 --- [leadflow-backend] [           main] o.f.core.internal.command.DbMigrate      : Migrating schema "public" to version "1 - Initial schema"
2026-02-20T10:09:34.164-03:00  INFO 59748 --- [leadflow-backend] [           main] o.f.core.internal.command.DbMigrate      : Migrating schema "public" to version "2 - Tenant schema"
2026-02-20T10:09:34.179-03:00  WARN 59748 --- [leadflow-backend] [           main] o.f.c.i.s.DefaultSqlScriptExecutor       : DB: relation "roles" already exists, skipping (SQL State: 42P07 - Error Code: 0)
2026-02-20T10:09:34.181-03:00  WARN 59748 --- [leadflow-backend] [           main] o.f.c.i.s.DefaultSqlScriptExecutor       : DB: relation "users" already exists, skipping (SQL State: 42P07 - Error Code: 0)
2026-02-20T10:09:34.183-03:00  WARN 59748 --- [leadflow-backend] [           main] o.f.c.i.s.DefaultSqlScriptExecutor       : DB: relation "leads" already exists, skipping (SQL State: 42P07 - Error Code: 0)
2026-02-20T10:09:34.184-03:00  WARN 59748 --- [leadflow-backend] [           main] o.f.c.i.s.DefaultSqlScriptExecutor       : DB: relation "lead_status_history" already exists, skipping (SQL State: 42P07 - Error Code: 0)
2026-02-20T10:09:34.186-03:00  WARN 59748 --- [leadflow-backend] [           main] o.f.c.i.s.DefaultSqlScriptExecutor       : DB: relation "settings" already exists, skipping (SQL State: 42P07 - Error Code: 0)
2026-02-20T10:09:34.187-03:00  WARN 59748 --- [leadflow-backend] [           main] o.f.c.i.s.DefaultSqlScriptExecutor       : DB: relation "logs" already exists, skipping (SQL State: 42P07 - Error Code: 0)
2026-02-20T10:09:34.189-03:00  WARN 59748 --- [leadflow-backend] [           main] o.f.c.i.s.DefaultSqlScriptExecutor       : DB: relation "idx_users_email" already exists, skipping (SQL State: 42P07 - Error Code: 0)
2026-02-20T10:09:34.193-03:00  WARN 59748 --- [leadflow-backend] [           main] o.f.c.i.s.DefaultSqlScriptExecutor       : DB: relation "idx_leads_status" already exists, skipping (SQL State: 42P07 - Error Code: 0)
2026-02-20T10:09:34.216-03:00  INFO 59748 --- [leadflow-backend] [           main] o.f.core.internal.command.DbMigrate      : Migrating schema "public" to version "3 - Public schema"
2026-02-20T10:09:34.218-03:00  WARN 59748 --- [leadflow-backend] [           main] o.f.c.i.s.DefaultSqlScriptExecutor       : DB: extension "uuid-ossp" already exists, skipping (SQL State: 42710 - Error Code: 0)
2026-02-20T10:09:34.219-03:00  WARN 59748 --- [leadflow-backend] [           main] o.f.c.i.s.DefaultSqlScriptExecutor       : DB: relation "tenants" already exists, skipping (SQL State: 42P07 - Error Code: 0)
2026-02-20T10:09:34.238-03:00  INFO 59748 --- [leadflow-backend] [           main] o.f.core.internal.command.DbMigrate      : Migrating schema "public" to version "4 - seed data"
2026-02-20T10:09:34.273-03:00  INFO 59748 --- [leadflow-backend] [           main] o.f.core.internal.command.DbMigrate      : Successfully applied 4 migrations to schema "public", now at version v4 (execution time 00:00.158s)
2026-02-20T10:09:34.400-03:00  INFO 59748 --- [leadflow-backend] [           main] o.hibernate.jpa.internal.util.LogHelper  : HHH000204: Processing PersistenceUnitInfo [name: public]
2026-02-20T10:09:34.481-03:00  INFO 59748 --- [leadflow-backend] [           main] org.hibernate.Version                    : HHH000412: Hibernate ORM core version 6.6.41.Final
2026-02-20T10:09:34.531-03:00  INFO 59748 --- [leadflow-backend] [           main] o.h.c.internal.RegionFactoryInitiator    : HHH000026: Second-level cache disabled
2026-02-20T10:09:34.866-03:00  INFO 59748 --- [leadflow-backend] [           main] o.s.o.j.p.SpringPersistenceUnitInfo      : No LoadTimeWeaver setup: ignoring JPA class transformer
2026-02-20T10:09:34.953-03:00  WARN 59748 --- [leadflow-backend] [           main] org.hibernate.orm.deprecation            : HHH90000025: PostgreSQLDialect does not need to be specified explicitly using 'hibernate.dialect' (remove the property setting and it will be selected by default)
2026-02-20T10:09:34.980-03:00  INFO 59748 --- [leadflow-backend] [           main] org.hibernate.orm.connections.pooling    : HHH10001005: Database info:
	Database JDBC URL [undefined/unknown]
	Database driver: undefined/unknown
	Database version: 16.12
	Autocommit mode: undefined/unknown
	Isolation level: undefined/unknown
	Minimum pool size: undefined/unknown
	Maximum pool size: undefined/unknown
2026-02-20T10:09:35.908-03:00  INFO 59748 --- [leadflow-backend] [           main] o.h.e.t.j.p.i.JtaPlatformInitiator       : HHH000489: No JTA platform available (set 'hibernate.transaction.jta.platform' to enable JTA platform integration)
2026-02-20T10:09:35.955-03:00  INFO 59748 --- [leadflow-backend] [           main] j.LocalContainerEntityManagerFactoryBean : Initialized JPA EntityManagerFactory for persistence unit 'public'
2026-02-20T10:09:35.963-03:00  INFO 59748 --- [leadflow-backend] [           main] o.hibernate.jpa.internal.util.LogHelper  : HHH000204: Processing PersistenceUnitInfo [name: tenant]
2026-02-20T10:09:35.967-03:00  INFO 59748 --- [leadflow-backend] [           main] o.h.c.internal.RegionFactoryInitiator    : HHH000026: Second-level cache disabled
2026-02-20T10:09:35.973-03:00  INFO 59748 --- [leadflow-backend] [           main] o.s.o.j.p.SpringPersistenceUnitInfo      : No LoadTimeWeaver setup: ignoring JPA class transformer
2026-02-20T10:09:35.979-03:00  WARN 59748 --- [leadflow-backend] [           main] org.hibernate.orm.deprecation            : HHH90000025: PostgreSQLDialect does not need to be specified explicitly using 'hibernate.dialect' (remove the property setting and it will be selected by default)
2026-02-20T10:09:35.982-03:00  INFO 59748 --- [leadflow-backend] [           main] org.hibernate.orm.connections.pooling    : HHH10001005: Database info:
	Database JDBC URL [undefined/unknown]
	Database driver: undefined/unknown
	Database version: 16.12
	Autocommit mode: undefined/unknown
	Isolation level: undefined/unknown
	Minimum pool size: undefined/unknown
	Maximum pool size: undefined/unknown
2026-02-20T10:09:36.043-03:00  INFO 59748 --- [leadflow-backend] [           main] o.h.e.t.j.p.i.JtaPlatformInitiator       : HHH000489: No JTA platform available (set 'hibernate.transaction.jta.platform' to enable JTA platform integration)
2026-02-20T10:09:36.055-03:00  INFO 59748 --- [leadflow-backend] [           main] j.LocalContainerEntityManagerFactoryBean : Initialized JPA EntityManagerFactory for persistence unit 'tenant'
2026-02-20T10:09:36.758-03:00  INFO 59748 --- [leadflow-backend] [           main] r$InitializeUserDetailsManagerConfigurer : Global AuthenticationManager configured with UserDetailsService bean with name userDetailsServiceImpl
2026-02-20T10:09:37.214-03:00  INFO 59748 --- [leadflow-backend] [           main] o.s.b.a.e.web.EndpointLinksResolver      : Exposing 1 endpoint beneath base path '/actuator'
2026-02-20T10:09:37.673-03:00  INFO 59748 --- [leadflow-backend] [           main] c.l.b.multitenancy.TenantIsolationTest   : Started TenantIsolationTest in 7.062 seconds (process running for 11.653)
2026-02-20T10:09:38.253-03:00 DEBUG 59748 --- [leadflow-backend] [           main] org.hibernate.SQL                        : 
    select
        t1_0.id 
    from
        public.tenants t1_0 
    where
        upper(t1_0.schema_name)=upper(?) 
    fetch
        first ? rows only
2026-02-20T10:09:38.253-03:00 TRACE 59748 --- [leadflow-backend] [           main] org.hibernate.orm.jdbc.bind              : binding parameter (1:VARCHAR) <- [tenant_a]
2026-02-20T10:09:38.253-03:00 TRACE 59748 --- [leadflow-backend] [           main] org.hibernate.orm.jdbc.bind              : binding parameter (2:INTEGER) <- [1]
2026-02-20T10:09:38.286-03:00 DEBUG 59748 --- [leadflow-backend] [           main] org.hibernate.SQL                        : 
    select
        t1_0.id 
    from
        public.tenants t1_0 
    where
        upper(t1_0.schema_name)=upper(?) 
    fetch
        first ? rows only
2026-02-20T10:09:38.286-03:00 TRACE 59748 --- [leadflow-backend] [           main] org.hibernate.orm.jdbc.bind              : binding parameter (1:VARCHAR) <- [tenant_b]
2026-02-20T10:09:38.287-03:00 TRACE 59748 --- [leadflow-backend] [           main] org.hibernate.orm.jdbc.bind              : binding parameter (2:INTEGER) <- [1]
2026-02-20T10:09:38.325-03:00 DEBUG 59748 --- [leadflow-backend] [           main] org.hibernate.SQL                        : 
    select
        t1_0.id,
        t1_0.created_at,
        t1_0.name,
        t1_0.schema_name 
    from
        public.tenants t1_0 
    where
        upper(t1_0.name)=upper(?)
2026-02-20T10:09:38.327-03:00 TRACE 59748 --- [leadflow-backend] [           main] org.hibernate.orm.jdbc.bind              : binding parameter (1:VARCHAR) <- [Tenant A]
2026-02-20T10:09:38.365-03:00 DEBUG 59748 --- [leadflow-backend] [           main] org.hibernate.SQL                        : 
    select
        r1_0.id,
        r1_0.created_at,
        r1_0.name,
        r1_0.updated_at 
    from
        roles r1_0 
    where
        upper(r1_0.name)=upper(?)
2026-02-20T10:09:38.366-03:00 TRACE 59748 --- [leadflow-backend] [           main] org.hibernate.orm.jdbc.bind              : binding parameter (1:VARCHAR) <- [USER]
2026-02-20T10:09:38.373-03:00  WARN 59748 --- [leadflow-backend] [           main] o.h.engine.jdbc.spi.SqlExceptionHelper   : SQL Error: 0, SQLState: 42P01
2026-02-20T10:09:38.373-03:00 ERROR 59748 --- [leadflow-backend] [           main] o.h.engine.jdbc.spi.SqlExceptionHelper   : ERROR: relation "roles" does not exist
  Posição: 63
]]></system-out>
  </testcase>
  <testcase name="shouldNotAccessOtherTenantData" classname="com.leadflow.backend.multitenancy.TenantIsolationTest" time="0.029">
    <error message="JDBC exception executing SQL [select r1_0.id,r1_0.created_at,r1_0.name,r1_0.updated_at from roles r1_0 where upper(r1_0.name)=upper(?)] [ERROR: relation &quot;roles&quot; does not exist&#10;  Posição: 63] [n/a]; SQL [n/a]" type="org.springframework.dao.InvalidDataAccessResourceUsageException"><![CDATA[org.springframework.dao.InvalidDataAccessResourceUsageException: 
JDBC exception executing SQL [select r1_0.id,r1_0.created_at,r1_0.name,r1_0.updated_at from roles r1_0 where upper(r1_0.name)=upper(?)] [ERROR: relation "roles" does not exist
  Posição: 63] [n/a]; SQL [n/a]
	at org.springframework.orm.jpa.vendor.HibernateJpaDialect.convertHibernateAccessException(HibernateJpaDialect.java:281)
	at org.springframework.orm.jpa.vendor.HibernateJpaDialect.convertHibernateAccessException(HibernateJpaDialect.java:256)
	at org.springframework.orm.jpa.vendor.HibernateJpaDialect.translateExceptionIfPossible(HibernateJpaDialect.java:241)
	at org.springframework.orm.jpa.AbstractEntityManagerFactoryBean.translateExceptionIfPossible(AbstractEntityManagerFactoryBean.java:560)
	at org.springframework.dao.support.ChainedPersistenceExceptionTranslator.translateExceptionIfPossible(ChainedPersistenceExceptionTranslator.java:61)
	at org.springframework.dao.support.DataAccessUtils.translateIfNecessary(DataAccessUtils.java:343)
	at org.springframework.dao.support.PersistenceExceptionTranslationInterceptor.invoke(PersistenceExceptionTranslationInterceptor.java:160)
	at org.springframework.aop.framework.ReflectiveMethodInvocation.proceed(ReflectiveMethodInvocation.java:184)
	at org.springframework.data.jpa.repository.support.CrudMethodMetadataPostProcessor$CrudMethodMetadataPopulatingMethodInterceptor.invoke(CrudMethodMetadataPostProcessor.java:136)
	at org.springframework.aop.framework.ReflectiveMethodInvocation.proceed(ReflectiveMethodInvocation.java:184)
	at org.springframework.aop.framework.JdkDynamicAopProxy.invoke(JdkDynamicAopProxy.java:223)
	at jdk.proxy2/jdk.proxy2.$Proxy194.findByNameIgnoreCase(Unknown Source)
	at com.leadflow.backend.multitenancy.TenantIsolationTest.shouldNotAccessOtherTenantData(TenantIsolationTest.java:126)
	at java.base/java.lang.reflect.Method.invoke(Method.java:569)
	at java.base/java.util.ArrayList.forEach(ArrayList.java:1511)
	at java.base/java.util.ArrayList.forEach(ArrayList.java:1511)
Caused by: org.hibernate.exception.SQLGrammarException: JDBC exception executing SQL [select r1_0.id,r1_0.created_at,r1_0.name,r1_0.updated_at from roles r1_0 where upper(r1_0.name)=upper(?)] [ERROR: relation "roles" does not exist
  Posição: 63] [n/a]
	at org.hibernate.exception.internal.SQLStateConversionDelegate.convert(SQLStateConversionDelegate.java:91)
	at org.hibernate.exception.internal.StandardSQLExceptionConverter.convert(StandardSQLExceptionConverter.java:58)
	at org.hibernate.engine.jdbc.spi.SqlExceptionHelper.convert(SqlExceptionHelper.java:108)
	at org.hibernate.engine.jdbc.spi.SqlExceptionHelper.convert(SqlExceptionHelper.java:94)
	at org.hibernate.sql.results.jdbc.internal.DeferredResultSetAccess.executeQuery(DeferredResultSetAccess.java:269)
	at org.hibernate.sql.results.jdbc.internal.DeferredResultSetAccess.getResultSet(DeferredResultSetAccess.java:172)
	at org.hibernate.sql.results.jdbc.internal.JdbcValuesResultSetImpl.<init>(JdbcValuesResultSetImpl.java:74)
	at org.hibernate.sql.exec.internal.JdbcSelectExecutorStandardImpl.resolveJdbcValuesSource(JdbcSelectExecutorStandardImpl.java:355)
	at org.hibernate.sql.exec.internal.JdbcSelectExecutorStandardImpl.doExecuteQuery(JdbcSelectExecutorStandardImpl.java:137)
	at org.hibernate.sql.exec.internal.JdbcSelectExecutorStandardImpl.executeQuery(JdbcSelectExecutorStandardImpl.java:102)
	at org.hibernate.sql.exec.spi.JdbcSelectExecutor.executeQuery(JdbcSelectExecutor.java:91)
	at org.hibernate.sql.exec.spi.JdbcSelectExecutor.list(JdbcSelectExecutor.java:165)
	at org.hibernate.query.sqm.internal.ConcreteSqmSelectQueryPlan.lambda$new$1(ConcreteSqmSelectQueryPlan.java:149)
	at org.hibernate.query.sqm.internal.ConcreteSqmSelectQueryPlan.withCacheableSqmInterpretation(ConcreteSqmSelectQueryPlan.java:439)
	at org.hibernate.query.sqm.internal.ConcreteSqmSelectQueryPlan.performList(ConcreteSqmSelectQueryPlan.java:359)
	at org.hibernate.query.sqm.internal.QuerySqmImpl.doList(QuerySqmImpl.java:364)
	at org.hibernate.query.spi.AbstractSelectionQuery.list(AbstractSelectionQuery.java:143)
	at org.hibernate.query.spi.AbstractSelectionQuery.getSingleResult(AbstractSelectionQuery.java:275)
	at java.base/jdk.internal.reflect.NativeMethodAccessorImpl.invoke0(Native Method)
	at java.base/jdk.internal.reflect.NativeMethodAccessorImpl.invoke(NativeMethodAccessorImpl.java:77)
	at java.base/jdk.internal.reflect.DelegatingMethodAccessorImpl.invoke(DelegatingMethodAccessorImpl.java:43)
	at java.base/java.lang.reflect.Method.invoke(Method.java:569)
	at org.springframework.orm.jpa.SharedEntityManagerCreator$DeferredQueryInvocationHandler.invoke(SharedEntityManagerCreator.java:419)
	at jdk.proxy2/jdk.proxy2.$Proxy233.getSingleResult(Unknown Source)
	at org.springframework.data.jpa.repository.query.JpaQueryExecution$SingleEntityExecution.doExecute(JpaQueryExecution.java:226)
	at org.springframework.data.jpa.repository.query.JpaQueryExecution.execute(JpaQueryExecution.java:95)
	at org.springframework.data.jpa.repository.query.AbstractJpaQuery.doExecute(AbstractJpaQuery.java:160)
	at org.springframework.data.jpa.repository.query.AbstractJpaQuery.execute(AbstractJpaQuery.java:148)
	at org.springframework.data.repository.core.support.RepositoryMethodInvoker.doInvoke(RepositoryMethodInvoker.java:170)
	at org.springframework.data.repository.core.support.RepositoryMethodInvoker.invoke(RepositoryMethodInvoker.java:158)
	at org.springframework.data.repository.core.support.QueryExecutorMethodInterceptor.doInvoke(QueryExecutorMethodInterceptor.java:170)
	at org.springframework.data.repository.core.support.QueryExecutorMethodInterceptor.invoke(QueryExecutorMethodInterceptor.java:149)
	at org.springframework.aop.framework.ReflectiveMethodInvocation.proceed(ReflectiveMethodInvocation.java:184)
	at org.springframework.data.projection.DefaultMethodInvokingMethodInterceptor.invoke(DefaultMethodInvokingMethodInterceptor.java:69)
	at org.springframework.aop.framework.ReflectiveMethodInvocation.proceed(ReflectiveMethodInvocation.java:184)
	at org.springframework.transaction.interceptor.TransactionAspectSupport.invokeWithinTransaction(TransactionAspectSupport.java:380)
	at org.springframework.transaction.interceptor.TransactionInterceptor.invoke(TransactionInterceptor.java:119)
	at org.springframework.aop.framework.ReflectiveMethodInvocation.proceed(ReflectiveMethodInvocation.java:184)
	at org.springframework.dao.support.PersistenceExceptionTranslationInterceptor.invoke(PersistenceExceptionTranslationInterceptor.java:138)
	... 9 more
Caused by: org.postgresql.util.PSQLException: ERROR: relation "roles" does not exist
  Posição: 63
	at org.postgresql.core.v3.QueryExecutorImpl.receiveErrorResponse(QueryExecutorImpl.java:2846)
	at org.postgresql.core.v3.QueryExecutorImpl.processResults(QueryExecutorImpl.java:2531)
	at org.postgresql.core.v3.QueryExecutorImpl.execute(QueryExecutorImpl.java:429)
	at org.postgresql.jdbc.PgStatement.executeInternal(PgStatement.java:526)
	at org.postgresql.jdbc.PgStatement.execute(PgStatement.java:436)
	at org.postgresql.jdbc.PgPreparedStatement.executeWithFlags(PgPreparedStatement.java:196)
	at org.postgresql.jdbc.PgPreparedStatement.executeQuery(PgPreparedStatement.java:139)
	at com.zaxxer.hikari.pool.ProxyPreparedStatement.executeQuery(ProxyPreparedStatement.java:52)
	at com.zaxxer.hikari.pool.HikariProxyPreparedStatement.executeQuery(HikariProxyPreparedStatement.java)
	at org.hibernate.sql.results.jdbc.internal.DeferredResultSetAccess.executeQuery(DeferredResultSetAccess.java:251)
	... 43 more
]]></error>
    <system-out><![CDATA[2026-02-20T10:09:38.412-03:00 DEBUG 59748 --- [leadflow-backend] [           main] org.hibernate.SQL                        : 
    select
        t1_0.id 
    from
        public.tenants t1_0 
    where
        upper(t1_0.schema_name)=upper(?) 
    fetch
        first ? rows only
2026-02-20T10:09:38.412-03:00 TRACE 59748 --- [leadflow-backend] [           main] org.hibernate.orm.jdbc.bind              : binding parameter (1:VARCHAR) <- [tenant_a]
2026-02-20T10:09:38.412-03:00 TRACE 59748 --- [leadflow-backend] [           main] org.hibernate.orm.jdbc.bind              : binding parameter (2:INTEGER) <- [1]
2026-02-20T10:09:38.418-03:00 DEBUG 59748 --- [leadflow-backend] [           main] org.hibernate.SQL                        : 
    select
        t1_0.id 
    from
        public.tenants t1_0 
    where
        upper(t1_0.schema_name)=upper(?) 
    fetch
        first ? rows only
2026-02-20T10:09:38.418-03:00 TRACE 59748 --- [leadflow-backend] [           main] org.hibernate.orm.jdbc.bind              : binding parameter (1:VARCHAR) <- [tenant_b]
2026-02-20T10:09:38.418-03:00 TRACE 59748 --- [leadflow-backend] [           main] org.hibernate.orm.jdbc.bind              : binding parameter (2:INTEGER) <- [1]
2026-02-20T10:09:38.423-03:00 DEBUG 59748 --- [leadflow-backend] [           main] org.hibernate.SQL                        : 
    select
        t1_0.id,
        t1_0.created_at,
        t1_0.name,
        t1_0.schema_name 
    from
        public.tenants t1_0 
    where
        upper(t1_0.name)=upper(?)
2026-02-20T10:09:38.425-03:00 TRACE 59748 --- [leadflow-backend] [           main] org.hibernate.orm.jdbc.bind              : binding parameter (1:VARCHAR) <- [Tenant A]
2026-02-20T10:09:38.429-03:00 DEBUG 59748 --- [leadflow-backend] [           main] org.hibernate.SQL                        : 
    select
        r1_0.id,
        r1_0.created_at,
        r1_0.name,
        r1_0.updated_at 
    from
        roles r1_0 
    where
        upper(r1_0.name)=upper(?)
2026-02-20T10:09:38.430-03:00 TRACE 59748 --- [leadflow-backend] [           main] org.hibernate.orm.jdbc.bind              : binding parameter (1:VARCHAR) <- [USER]
2026-02-20T10:09:38.431-03:00  WARN 59748 --- [leadflow-backend] [           main] o.h.engine.jdbc.spi.SqlExceptionHelper   : SQL Error: 0, SQLState: 42P01
2026-02-20T10:09:38.432-03:00 ERROR 59748 --- [leadflow-backend] [           main] o.h.engine.jdbc.spi.SqlExceptionHelper   : ERROR: relation "roles" does not exist
  Posição: 63
]]></system-out>
  </testcase>
</testsuite>