<?xml version="1.0" encoding="UTF-8"?>
<testsuite xmlns:xsi="http://www.w3.org/2001/XMLSchema-instance" xsi:noNamespaceSchemaLocation="https://maven.apache.org/surefire/maven-surefire-plugin/xsd/surefire-test-report-3.0.xsd" version="3.0" name="com.leadflow.backend.multitenancy.TenantIsolationTest" time="32.801" tests="2" errors="0" skipped="0" failures="0">
  <properties>
[...]
</properties>
  <testcase name="shouldIsolateDataBetweenSchemas" classname="com.leadflow.backend.multitenancy.TenantIsolationTest" time="0.193">
    <system-out><![CDATA[{"@timestamp":"2026-03-11T12:38:02.8429817-03:00","@version":"1","message":"Tenant context empty. Using default schema: public","logger_name":"com.leadflow.backend.multitenancy.identifier.CurrentTenantIdentifierResolverImpl","thread_name":"scheduler-1","level":"DEBUG","level_value":10000}
{"@timestamp":"2026-03-11T12:38:02.8429817-03:00","@version":"1","message":"Starting scheduled retry processor for failed webhook events","logger_name":"com.leadflow.backend.service.billing.StripeEventRetryScheduler","thread_name":"scheduler-1","level":"DEBUG","level_value":10000}
{"@timestamp":"2026-03-11T12:38:02.8436019-03:00","@version":"1","message":"\r\n    select\r\n        sel1_0.id,\r\n        sel1_0.created_at,\r\n        sel1_0.event_id,\r\n        sel1_0.event_type,\r\n        sel1_0.last_error,\r\n        sel1_0.max_retries,\r\n        sel1_0.next_retry_at,\r\n        sel1_0.payload,\r\n        sel1_0.processed_at,\r\n        sel1_0.retry_count,\r\n        sel1_0.status,\r\n        sel1_0.updated_at \r\n    from\r\n        public.stripe_event_logs sel1_0 \r\n    where\r\n        sel1_0.status=? \r\n        and sel1_0.next_retry_at is not null \r\n        and sel1_0.next_retry_at<=localtimestamp \r\n    order by\r\n        sel1_0.next_retry_at \r\n    fetch\r\n        first 10 rows only","logger_name":"org.hibernate.SQL","thread_name":"scheduler-1","level":"DEBUG","level_value":10000}
{"@timestamp":"2026-03-11T12:38:02.8450873-03:00","@version":"1","message":"Connection switched to schema: public","logger_name":"com.leadflow.backend.multitenancy.provider.MultiTenantConnectionProviderImpl","thread_name":"scheduler-1","level":"DEBUG","level_value":10000}
{"@timestamp":"2026-03-11T12:38:02.8455977-03:00","@version":"1","message":"binding parameter (1:VARCHAR) <- [RETRY_PENDING]","logger_name":"org.hibernate.orm.jdbc.bind","thread_name":"scheduler-1","level":"TRACE","level_value":5000}
{"@timestamp":"2026-03-11T12:38:02.8461138-03:00","@version":"1","message":"No webhook events pending retry at this time","logger_name":"com.leadflow.backend.service.billing.StripeEventRetryScheduler","thread_name":"scheduler-1","level":"DEBUG","level_value":10000}
{"@timestamp":"2026-03-11T12:38:02.8476975-03:00","@version":"1","message":"Connection schema reset to public","logger_name":"com.leadflow.backend.multitenancy.provider.MultiTenantConnectionProviderImpl","thread_name":"scheduler-1","level":"DEBUG","level_value":10000}
{"@timestamp":"2026-03-11T12:38:04.371073-03:00","@version":"1","message":"Tenant context empty. Using default schema: public","logger_name":"com.leadflow.backend.multitenancy.identifier.CurrentTenantIdentifierResolverImpl","thread_name":"scheduler-2","level":"DEBUG","level_value":10000}
{"@timestamp":"2026-03-11T12:38:04.3716542-03:00","@version":"1","message":"Starting scheduled retry processor for failed webhook events","logger_name":"com.leadflow.backend.service.billing.StripeEventRetryScheduler","thread_name":"scheduler-2","level":"DEBUG","level_value":10000}
{"@timestamp":"2026-03-11T12:38:04.3736698-03:00","@version":"1","message":"\r\n    select\r\n        sel1_0.id,\r\n        sel1_0.created_at,\r\n        sel1_0.event_id,\r\n        sel1_0.event_type,\r\n        sel1_0.last_error,\r\n        sel1_0.max_retries,\r\n        sel1_0.next_retry_at,\r\n        sel1_0.payload,\r\n        sel1_0.processed_at,\r\n        sel1_0.retry_count,\r\n        sel1_0.status,\r\n        sel1_0.updated_at \r\n    from\r\n        public.stripe_event_logs sel1_0 \r\n    where\r\n        sel1_0.status=? \r\n        and sel1_0.next_retry_at is not null \r\n        and sel1_0.next_retry_at<=localtimestamp \r\n    order by\r\n        sel1_0.next_retry_at \r\n    fetch\r\n        first 10 rows only","logger_name":"org.hibernate.SQL","thread_name":"scheduler-2","level":"DEBUG","level_value":10000}
{"@timestamp":"2026-03-11T12:38:04.3736698-03:00","@version":"1","message":"HikariPool-4 - Failed to validate connection org.postgresql.jdbc.PgConnection@366cd13d (This connection has been closed.). Possibly consider using a shorter maxLifetime value.","logger_name":"com.zaxxer.hikari.pool.PoolBase","thread_name":"scheduler-2","level":"WARN","level_value":30000}
{"@timestamp":"2026-03-11T12:38:04.3736698-03:00","@version":"1","message":"HikariPool-4 - Failed to validate connection org.postgresql.jdbc.PgConnection@4aa5cd3a (This connection has been closed.). Possibly consider using a shorter maxLifetime value.","logger_name":"com.zaxxer.hikari.pool.PoolBase","thread_name":"scheduler-2","level":"WARN","level_value":30000}
{"@timestamp":"2026-03-11T12:38:04.3736698-03:00","@version":"1","message":"HikariPool-4 - Failed to validate connection org.postgresql.jdbc.PgConnection@77a4e52c (This connection has been closed.). Possibly consider using a shorter maxLifetime value.","logger_name":"com.zaxxer.hikari.pool.PoolBase","thread_name":"scheduler-2","level":"WARN","level_value":30000}
{"@timestamp":"2026-03-11T12:38:07.6536321-03:00","@version":"1","message":"Tenant context empty. Using default schema: public","logger_name":"com.leadflow.backend.multitenancy.identifier.CurrentTenantIdentifierResolverImpl","thread_name":"scheduler-2","level":"DEBUG","level_value":10000}
{"@timestamp":"2026-03-11T12:38:07.6536321-03:00","@version":"1","message":"Starting webhook replay check","logger_name":"com.leadflow.backend.webhook.service.WebhookReplayService","thread_name":"scheduler-2","level":"DEBUG","level_value":10000}
{"@timestamp":"2026-03-11T12:38:07.654138-03:00","@version":"1","message":"\r\n    select\r\n        fwe1_0.id,\r\n        fwe1_0.created_at,\r\n        fwe1_0.event_data,\r\n        fwe1_0.event_type,\r\n        fwe1_0.failure_reason,\r\n        fwe1_0.max_retries,\r\n        fwe1_0.next_retry_at,\r\n        fwe1_0.original_received_at,\r\n        fwe1_0.retry_count,\r\n        fwe1_0.status,\r\n        fwe1_0.stripe_event_id,\r\n        fwe1_0.succeeded_at,\r\n        fwe1_0.tenant_id,\r\n        fwe1_0.updated_at \r\n    from\r\n        failed_webhook_events fwe1_0 \r\n    where\r\n        fwe1_0.status='PENDING' \r\n        and fwe1_0.next_retry_at<=? \r\n    order by\r\n        fwe1_0.next_retry_at \r\n    fetch\r\n        first ? rows only","logger_name":"org.hibernate.SQL","thread_name":"scheduler-2","level":"DEBUG","level_value":10000}
{"@timestamp":"2026-03-11T12:38:07.655991-03:00","@version":"1","message":"Connection switched to schema: public","logger_name":"com.leadflow.backend.multitenancy.provider.MultiTenantConnectionProviderImpl","thread_name":"scheduler-2","level":"DEBUG","level_value":10000}
{"@timestamp":"2026-03-11T12:38:07.655991-03:00","@version":"1","message":"binding parameter (1:TIMESTAMP_UTC) <- [2026-03-11T15:38:07.653632100Z]","logger_name":"org.hibernate.orm.jdbc.bind","thread_name":"scheduler-2","level":"TRACE","level_value":5000}
{"@timestamp":"2026-03-11T12:38:07.6565131-03:00","@version":"1","message":"binding parameter (2:INTEGER) <- [10]","logger_name":"org.hibernate.orm.jdbc.bind","thread_name":"scheduler-2","level":"TRACE","level_value":5000}
{"@timestamp":"2026-03-11T12:38:07.657021-03:00","@version":"1","message":"No webhooks to retry at this time","logger_name":"com.leadflow.backend.webhook.service.WebhookReplayService","thread_name":"scheduler-2","level":"DEBUG","level_value":10000}
{"@timestamp":"2026-03-11T12:38:07.6585866-03:00","@version":"1","message":"Connection schema reset to public","logger_name":"com.leadflow.backend.multitenancy.provider.MultiTenantConnectionProviderImpl","thread_name":"scheduler-2","level":"DEBUG","level_value":10000}
{"@timestamp":"2026-03-11T12:38:07.8582535-03:00","@version":"1","message":"Tenant context empty. Using default schema: public","logger_name":"com.leadflow.backend.multitenancy.identifier.CurrentTenantIdentifierResolverImpl","thread_name":"scheduler-4","level":"DEBUG","level_value":10000}
{"@timestamp":"2026-03-11T12:38:07.8589371-03:00","@version":"1","message":"Starting scheduled retry processor for failed webhook events","logger_name":"com.leadflow.backend.service.billing.StripeEventRetryScheduler","thread_name":"scheduler-4","level":"DEBUG","level_value":10000}
{"@timestamp":"2026-03-11T12:38:07.8589371-03:00","@version":"1","message":"\r\n    select\r\n        sel1_0.id,\r\n        sel1_0.created_at,\r\n        sel1_0.event_id,\r\n        sel1_0.event_type,\r\n        sel1_0.last_error,\r\n        sel1_0.max_retries,\r\n        sel1_0.next_retry_at,\r\n        sel1_0.payload,\r\n        sel1_0.processed_at,\r\n        sel1_0.retry_count,\r\n        sel1_0.status,\r\n        sel1_0.updated_at \r\n    from\r\n        public.stripe_event_logs sel1_0 \r\n    where\r\n        sel1_0.status=? \r\n        and sel1_0.next_retry_at is not null \r\n        and sel1_0.next_retry_at<=localtimestamp \r\n    order by\r\n        sel1_0.next_retry_at \r\n    fetch\r\n        first 10 rows only","logger_name":"org.hibernate.SQL","thread_name":"scheduler-4","level":"DEBUG","level_value":10000}
{"@timestamp":"2026-03-11T12:38:07.8604056-03:00","@version":"1","message":"Connection switched to schema: public","logger_name":"com.leadflow.backend.multitenancy.provider.MultiTenantConnectionProviderImpl","thread_name":"scheduler-4","level":"DEBUG","level_value":10000}
{"@timestamp":"2026-03-11T12:38:07.8604056-03:00","@version":"1","message":"binding parameter (1:VARCHAR) <- [RETRY_PENDING]","logger_name":"org.hibernate.orm.jdbc.bind","thread_name":"scheduler-4","level":"TRACE","level_value":5000}
{"@timestamp":"2026-03-11T12:38:07.8614221-03:00","@version":"1","message":"No webhook events pending retry at this time","logger_name":"com.leadflow.backend.service.billing.StripeEventRetryScheduler","thread_name":"scheduler-4","level":"DEBUG","level_value":10000}
{"@timestamp":"2026-03-11T12:38:07.8624592-03:00","@version":"1","message":"Connection schema reset to public","logger_name":"com.leadflow.backend.multitenancy.provider.MultiTenantConnectionProviderImpl","thread_name":"scheduler-4","level":"DEBUG","level_value":10000}
{"@timestamp":"2026-03-11T12:38:12.8755686-03:00","@version":"1","message":"Tenant context empty. Using default schema: public","logger_name":"com.leadflow.backend.multitenancy.identifier.CurrentTenantIdentifierResolverImpl","thread_name":"scheduler-4","level":"DEBUG","level_value":10000}
{"@timestamp":"2026-03-11T12:38:12.8755686-03:00","@version":"1","message":"Starting scheduled retry processor for failed webhook events","logger_name":"com.leadflow.backend.service.billing.StripeEventRetryScheduler","thread_name":"scheduler-4","level":"DEBUG","level_value":10000}
{"@timestamp":"2026-03-11T12:38:12.8761465-03:00","@version":"1","message":"\r\n    select\r\n        sel1_0.id,\r\n        sel1_0.created_at,\r\n        sel1_0.event_id,\r\n        sel1_0.event_type,\r\n        sel1_0.last_error,\r\n        sel1_0.max_retries,\r\n        sel1_0.next_retry_at,\r\n        sel1_0.payload,\r\n        sel1_0.processed_at,\r\n        sel1_0.retry_count,\r\n        sel1_0.status,\r\n        sel1_0.updated_at \r\n    from\r\n        public.stripe_event_logs sel1_0 \r\n    where\r\n        sel1_0.status=? \r\n        and sel1_0.next_retry_at is not null \r\n        and sel1_0.next_retry_at<=localtimestamp \r\n    order by\r\n        sel1_0.next_retry_at \r\n    fetch\r\n        first 10 rows only","logger_name":"org.hibernate.SQL","thread_name":"scheduler-4","level":"DEBUG","level_value":10000}
{"@timestamp":"2026-03-11T12:38:12.877901-03:00","@version":"1","message":"Connection switched to schema: public","logger_name":"com.leadflow.backend.multitenancy.provider.MultiTenantConnectionProviderImpl","thread_name":"scheduler-4","level":"DEBUG","level_value":10000}
{"@timestamp":"2026-03-11T12:38:12.877901-03:00","@version":"1","message":"binding parameter (1:VARCHAR) <- [RETRY_PENDING]","logger_name":"org.hibernate.orm.jdbc.bind","thread_name":"scheduler-4","level":"TRACE","level_value":5000}
{"@timestamp":"2026-03-11T12:38:12.8789528-03:00","@version":"1","message":"No webhook events pending retry at this time","logger_name":"com.leadflow.backend.service.billing.StripeEventRetryScheduler","thread_name":"scheduler-4","level":"DEBUG","level_value":10000}
{"@timestamp":"2026-03-11T12:38:12.8800009-03:00","@version":"1","message":"Connection schema reset to public","logger_name":"com.leadflow.backend.multitenancy.provider.MultiTenantConnectionProviderImpl","thread_name":"scheduler-4","level":"DEBUG","level_value":10000}
{"@timestamp":"2026-03-11T12:38:17.6247694-03:00","@version":"1","message":"SQL Error: 0, SQLState: 08001","logger_name":"org.hibernate.engine.jdbc.spi.SqlExceptionHelper","thread_name":"scheduler-2","level":"WARN","level_value":30000}
{"@timestamp":"2026-03-11T12:38:17.6247694-03:00","@version":"1","message":"HikariPool-1 - Connection is not available, request timed out after 30010ms (total=0, active=0, idle=0, waiting=0)","logger_name":"org.hibernate.engine.jdbc.spi.SqlExceptionHelper","thread_name":"scheduler-2","level":"ERROR","level_value":40000}
{"@timestamp":"2026-03-11T12:38:17.6247694-03:00","@version":"1","message":"Connection to localhost:65088 refused. Check that the hostname and port are correct and that the postmaster is accepting TCP/IP connections.","logger_name":"org.hibernate.engine.jdbc.spi.SqlExceptionHelper","thread_name":"scheduler-2","level":"ERROR","level_value":40000}
{"@timestamp":"2026-03-11T12:38:17.6247694-03:00","@version":"1","message":"â�Œ Unexpected error in scheduled retry processor","logger_name":"com.leadflow.backend.service.billing.StripeEventRetryScheduler","thread_name":"scheduler-2","level":"ERROR","level_value":40000,"stack_trace":"org.springframework.dao.DataAccessResourceFailureException: Unable to acquire JDBC Connection [HikariPool-1 - Connection is not available, request timed out after 30010ms (total=0, active=0, idle=0, waiting=0)] [n/a]\r\n\tat org.springframework.orm.jpa.vendor.HibernateJpaDialect.convertHibernateAccessException(HibernateJpaDialect.java:278)\r\n\tat org.springframework.orm.jpa.vendor.HibernateJpaDialect.convertHibernateAccessException(HibernateJpaDialect.java:256)\r\n\tat org.springframework.orm.jpa.vendor.HibernateJpaDialect.translateExceptionIfPossible(HibernateJpaDialect.java:241)\r\n\tat org.springframework.orm.jpa.AbstractEntityManagerFactoryBean.translateExceptionIfPossible(AbstractEntityManagerFactoryBean.java:560)\r\n\tat org.springframework.dao.support.ChainedPersistenceExceptionTranslator.translateExceptionIfPossible(ChainedPersistenceExceptionTranslator.java:61)\r\n\tat org.springframework.dao.support.DataAccessUtils.translateIfNecessary(DataAccessUtils.java:343)\r\n\tat org.springframework.dao.support.PersistenceExceptionTranslationInterceptor.invoke(PersistenceExceptionTranslationInterceptor.java:160)\r\n\tat org.springframework.aop.framework.ReflectiveMethodInvocation.proceed(ReflectiveMethodInvocation.java:184)\r\n\tat org.springframework.data.jpa.repository.support.CrudMethodMetadataPostProcessor$CrudMethodMetadataPopulatingMethodInterceptor.invoke(CrudMethodMetadataPostProcessor.java:136)\r\n\tat org.springframework.aop.framework.ReflectiveMethodInvocation.proceed(ReflectiveMethodInvocation.java:184)\r\n\tat org.springframework.aop.framework.JdkDynamicAopProxy.invoke(JdkDynamicAopProxy.java:223)\r\n\tat jdk.proxy2/jdk.proxy2.$Proxy267.findPendingRetries(Unknown Source)\r\n\tat com.leadflow.backend.service.billing.StripeEventRetryScheduler.processFailedEvents(StripeEventRetryScheduler.java:54)\r\n\tat jdk.internal.reflect.GeneratedMethodAccessor124.invoke(Unknown Source)\r\n\tat java.base/jdk.internal.reflect.DelegatingMethodAccessorImpl.invoke(DelegatingMethodAccessorImpl.java:43)\r\n\tat java.base/java.lang.reflect.Method.invoke(Method.java:569)\r\n\tat org.springframework.aop.support.AopUtils.invokeJoinpointUsingReflection(AopUtils.java:360)\r\n\tat org.springframework.aop.framework.ReflectiveMethodInvocation.invokeJoinpoint(ReflectiveMethodInvocation.java:196)\r\n\tat org.springframework.aop.framework.ReflectiveMethodInvocation.proceed(ReflectiveMethodInvocation.java:163)\r\n\tat org.springframework.transaction.interceptor.TransactionAspectSupport.invokeWithinTransaction(TransactionAspectSupport.java:380)\r\n\tat org.springframework.transaction.interceptor.TransactionInterceptor.invoke(TransactionInterceptor.java:119)\r\n\tat org.springframework.aop.framework.ReflectiveMethodInvocation.proceed(ReflectiveMethodInvocation.java:184)\r\n\tat org.springframework.aop.framework.CglibAopProxy$DynamicAdvisedInterceptor.intercept(CglibAopProxy.java:728)\r\n\tat com.leadflow.backend.service.billing.StripeEventRetryScheduler$$SpringCGLIB$$0.processFailedEvents(<generated>)\r\n\tat jdk.internal.reflect.GeneratedMethodAccessor124.invoke(Unknown Source)\r\n\tat java.base/jdk.internal.reflect.DelegatingMethodAccessorImpl.invoke(DelegatingMethodAccessorImpl.java:43)\r\n\tat java.base/java.lang.reflect.Method.invoke(Method.java:569)\r\n\tat org.springframework.scheduling.support.ScheduledMethodRunnable.runInternal(ScheduledMethodRunnable.java:130)\r\n\tat org.springframework.scheduling.support.ScheduledMethodRunnable.lambda$run$2(ScheduledMethodRunnable.java:124)\r\n\tat io.micrometer.observation.Observation.observe(Observation.java:498)\r\n\tat org.springframework.scheduling.support.ScheduledMethodRunnable.run(ScheduledMethodRunnable.java:124)\r\n\tat org.springframework.scheduling.config.Task$OutcomeTrackingRunnable.run(Task.java:87)\r\n\tat org.springframework.scheduling.support.DelegatingErrorHandlingRunnable.run(DelegatingErrorHandlingRunnable.java:54)\r\n\tat java.base/java.util.concurrent.Executors$RunnableAdapter.call(Executors.java:539)\r\n\tat java.base/java.util.concurrent.FutureTask.runAndReset(FutureTask.java:305)\r\n\tat java.base/java.util.concurrent.ScheduledThreadPoolExecutor$ScheduledFutureTask.run(ScheduledThreadPoolExecutor.java:305)\r\n\tat java.base/java.util.concurrent.ThreadPoolExecutor.runWorker(ThreadPoolExecutor.java:1136)\r\n\tat java.base/java.util.concurrent.ThreadPoolExecutor$Worker.run(ThreadPoolExecutor.java:635)\r\n\tat java.base/java.lang.Thread.run(Thread.java:840)\r\nCaused by: org.hibernate.exception.JDBCConnectionException: Unable to acquire JDBC Connection [HikariPool-1 - Connection is not available, request timed out after 30010ms (total=0, active=0, idle=0, waiting=0)] [n/a]\r\n\tat org.hibernate.exception.internal.SQLExceptionTypeDelegate.convert(SQLExceptionTypeDelegate.java:51)\r\n\tat org.hibernate.exception.internal.StandardSQLExceptionConverter.convert(StandardSQLExceptionConverter.java:58)\r\n\tat org.hibernate.engine.jdbc.spi.SqlExceptionHelper.convert(SqlExceptionHelper.java:108)\r\n\tat org.hibernate.engine.jdbc.spi.SqlExceptionHelper.convert(SqlExceptionHelper.java:94)\r\n\tat org.hibernate.resource.jdbc.internal.LogicalConnectionManagedImpl.acquireConnectionIfNeeded(LogicalConnectionManagedImpl.java:129)\r\n\tat org.hibernate.resource.jdbc.internal.LogicalConnectionManagedImpl.getPhysicalConnection(LogicalConnectionManagedImpl.java:156)\r\n\tat org.hibernate.engine.jdbc.internal.StatementPreparerImpl.connection(StatementPreparerImpl.java:56)\r\n\tat org.hibernate.engine.jdbc.internal.StatementPreparerImpl$4.doPrepare(StatementPreparerImpl.java:151)\r\n\tat org.hibernate.engine.jdbc.internal.StatementPreparerImpl$StatementPreparationTemplate.prepareStatement(StatementPreparerImpl.java:180)\r\n\tat org.hibernate.engine.jdbc.internal.StatementPreparerImpl.prepareQueryStatement(StatementPreparerImpl.java:153)\r\n\tat org.hibernate.sql.exec.internal.StandardStatementCreator.createStatement(StandardStatementCreator.java:49)\r\n\tat org.hibernate.sql.results.jdbc.internal.DeferredResultSetAccess.executeQuery(DeferredResultSetAccess.java:236)\r\n\tat org.hibernate.sql.results.jdbc.internal.DeferredResultSetAccess.getResultSet(DeferredResultSetAccess.java:172)\r\n\tat org.hibernate.sql.results.jdbc.internal.JdbcValuesResultSetImpl.<init>(JdbcValuesResultSetImpl.java:74)\r\n\tat org.hibernate.sql.exec.internal.JdbcSelectExecutorStandardImpl.resolveJdbcValuesSource(JdbcSelectExecutorStandardImpl.java:355)\r\n\tat org.hibernate.sql.exec.internal.JdbcSelectExecutorStandardImpl.doExecuteQuery(JdbcSelectExecutorStandardImpl.java:137)\r\n\tat org.hibernate.sql.exec.internal.JdbcSelectExecutorStandardImpl.executeQuery(JdbcSelectExecutorStandardImpl.java:102)\r\n\tat org.hibernate.sql.exec.spi.JdbcSelectExecutor.executeQuery(JdbcSelectExecutor.java:91)\r\n\tat org.hibernate.sql.exec.spi.JdbcSelectExecutor.list(JdbcSelectExecutor.java:165)\r\n\tat org.hibernate.query.sqm.internal.ConcreteSqmSelectQueryPlan.lambda$new$1(ConcreteSqmSelectQueryPlan.java:149)\r\n\tat org.hibernate.query.sqm.internal.ConcreteSqmSelectQueryPlan.withCacheableSqmInterpretation(ConcreteSqmSelectQueryPlan.java:439)\r\n\tat org.hibernate.query.sqm.internal.ConcreteSqmSelectQueryPlan.performList(ConcreteSqmSelectQueryPlan.java:359)\r\n\tat org.hibernate.query.sqm.internal.QuerySqmImpl.doList(QuerySqmImpl.java:364)\r\n\tat org.hibernate.query.spi.AbstractSelectionQuery.list(AbstractSelectionQuery.java:143)\r\n\tat org.hibernate.query.Query.getResultList(Query.java:120)\r\n\tat org.springframework.data.jpa.repository.query.JpaQueryExecution$CollectionExecution.doExecute(JpaQueryExecution.java:132)\r\n\tat org.springframework.data.jpa.repository.query.JpaQueryExecution.execute(JpaQueryExecution.java:95)\r\n\tat org.springframework.data.jpa.repository.query.AbstractJpaQuery.doExecute(AbstractJpaQuery.java:160)\r\n\tat org.springframework.data.jpa.repository.query.AbstractJpaQuery.execute(AbstractJpaQuery.java:148)\r\n\tat org.springframework.data.repository.core.support.RepositoryMethodInvoker.doInvoke(RepositoryMethodInvoker.java:170)\r\n\tat org.springframework.data.repository.core.support.RepositoryMethodInvoker.invoke(RepositoryMethodInvoker.java:158)\r\n\tat org.springframework.data.repository.core.support.QueryExecutorMethodInterceptor.doInvoke(QueryExecutorMethodInterceptor.java:170)\r\n\tat org.springframework.data.repository.core.support.QueryExecutorMethodInterceptor.invoke(QueryExecutorMethodInterceptor.java:149)\r\n\tat org.springframework.aop.framework.ReflectiveMethodInvocation.proceed(ReflectiveMethodInvocation.java:184)\r\n\tat org.springframework.data.projection.DefaultMethodInvokingMethodInterceptor.invoke(DefaultMethodInvokingMethodInterceptor.java:69)\r\n\tat org.springframework.aop.framework.ReflectiveMethodInvocation.proceed(ReflectiveMethodInvocation.java:184)\r\n\tat org.springframework.transaction.interceptor.TransactionAspectSupport.invokeWithinTransaction(TransactionAspectSupport.java:380)\r\n\tat org.springframework.transaction.interceptor.TransactionInterceptor.invoke(TransactionInterceptor.java:119)\r\n\tat org.springframework.aop.framework.ReflectiveMethodInvocation.proceed(ReflectiveMethodInvocation.java:184)\r\n\tat org.springframework.dao.support.PersistenceExceptionTranslationInterceptor.invoke(PersistenceExceptionTranslationInterceptor.java:138)\r\n\t... 32 common frames omitted\r\nCaused by: java.sql.SQLTransientConnectionException: HikariPool-1 - Connection is not available, request timed out after 30010ms (total=0, active=0, idle=0, waiting=0)\r\n\tat com.zaxxer.hikari.pool.HikariPool.createTimeoutException(HikariPool.java:714)\r\n\tat com.zaxxer.hikari.pool.HikariPool.getConnection(HikariPool.java:184)\r\n\tat com.zaxxer.hikari.pool.HikariPool.getConnection(HikariPool.java:142)\r\n\tat com.zaxxer.hikari.HikariDataSource.getConnection(HikariDataSource.java:127)\r\n\tat com.leadflow.backend.multitenancy.provider.MultiTenantConnectionProviderImpl.getAnyConnection(MultiTenantConnectionProviderImpl.java:44)\r\n\tat com.leadflow.backend.multitenancy.provider.MultiTenantConnectionProviderImpl.getConnection(MultiTenantConnectionProviderImpl.java:66)\r\n\tat com.leadflow.backend.multitenancy.provider.MultiTenantConnectionProviderImpl.getConnection(MultiTenantConnectionProviderImpl.java:16)\r\n\tat org.hibernate.internal.ContextualJdbcConnectionAccess.obtainConnection(ContextualJdbcConnectionAccess.java:52)\r\n\tat org.hibernate.resource.jdbc.internal.LogicalConnectionManagedImpl.acquireConnectionIfNeeded(LogicalConnectionManagedImpl.java:126)\r\n\t... 67 common frames omitted\r\nCaused by: org.postgresql.util.PSQLException: Connection to localhost:65088 refused. Check that the hostname and port are correct and that the postmaster is accepting TCP/IP connections.\r\n\tat org.postgresql.core.v3.ConnectionFactoryImpl.openConnectionImpl(ConnectionFactoryImpl.java:373)\r\n\tat org.postgresql.core.ConnectionFactory.openConnection(ConnectionFactory.java:57)\r\n\tat org.postgresql.jdbc.PgConnection.<init>(PgConnection.java:290)\r\n\tat org.postgresql.Driver.makeConnection(Driver.java:448)\r\n\tat org.postgresql.Driver.connect(Driver.java:298)\r\n\tat com.zaxxer.hikari.util.DriverDataSource.getConnection(DriverDataSource.java:144)\r\n\tat com.zaxxer.hikari.pool.PoolBase.newConnection(PoolBase.java:370)\r\n\tat com.zaxxer.hikari.pool.PoolBase.newPoolEntry(PoolBase.java:207)\r\n\tat com.zaxxer.hikari.pool.HikariPool.createPoolEntry(HikariPool.java:488)\r\n\tat com.zaxxer.hikari.pool.HikariPool$PoolEntryCreator.call(HikariPool.java:752)\r\n\tat com.zaxxer.hikari.pool.HikariPool$PoolEntryCreator.call(HikariPool.java:731)\r\n\tat java.base/java.util.concurrent.FutureTask.run(FutureTask.java:264)\r\n\t... 3 common frames omitted\r\nCaused by: java.net.ConnectException: Connection refused: getsockopt\r\n\tat java.base/sun.nio.ch.Net.pollConnect(Native Method)\r\n\tat java.base/sun.nio.ch.Net.pollConnectNow(Net.java:672)\r\n\tat java.base/sun.nio.ch.NioSocketImpl.timedFinishConnect(NioSocketImpl.java:547)\r\n\tat java.base/sun.nio.ch.NioSocketImpl.connect(NioSocketImpl.java:602)\r\n\tat java.base/java.net.SocksSocketImpl.connect(SocksSocketImpl.java:327)\r\n\tat java.base/java.net.Socket.connect(Socket.java:633)\r\n\tat org.postgresql.core.PGStream.createSocket(PGStream.java:261)\r\n\tat org.postgresql.core.PGStream.<init>(PGStream.java:122)\r\n\tat org.postgresql.core.v3.ConnectionFactoryImpl.tryConnect(ConnectionFactoryImpl.java:146)\r\n\tat org.postgresql.core.v3.ConnectionFactoryImpl.openConnectionImpl(ConnectionFactoryImpl.java:289)\r\n\t... 14 common frames omitted\r\n"}
{"@timestamp":"2026-03-11T12:38:17.6253648-03:00","@version":"1","message":"Unexpected error occurred in scheduled task","logger_name":"org.springframework.scheduling.support.TaskUtils$LoggingErrorHandler","thread_name":"scheduler-2","level":"ERROR","level_value":40000,"stack_trace":"org.springframework.transaction.UnexpectedRollbackException: Transaction silently rolled back because it has been marked as rollback-only\r\n\tat org.springframework.transaction.support.AbstractPlatformTransactionManager.processCommit(AbstractPlatformTransactionManager.java:804)\r\n\tat org.springframework.transaction.support.AbstractPlatformTransactionManager.commit(AbstractPlatformTransactionManager.java:758)\r\n\tat org.springframework.transaction.interceptor.TransactionAspectSupport.commitTransactionAfterReturning(TransactionAspectSupport.java:698)\r\n\tat org.springframework.transaction.interceptor.TransactionAspectSupport.invokeWithinTransaction(TransactionAspectSupport.java:416)\r\n\tat org.springframework.transaction.interceptor.TransactionInterceptor.invoke(TransactionInterceptor.java:119)\r\n\tat org.springframework.aop.framework.ReflectiveMethodInvocation.proceed(ReflectiveMethodInvocation.java:184)\r\n\tat org.springframework.aop.framework.CglibAopProxy$DynamicAdvisedInterceptor.intercept(CglibAopProxy.java:728)\r\n\tat com.leadflow.backend.service.billing.StripeEventRetryScheduler$$SpringCGLIB$$0.processFailedEvents(<generated>)\r\n\tat jdk.internal.reflect.GeneratedMethodAccessor124.invoke(Unknown Source)\r\n\tat java.base/jdk.internal.reflect.DelegatingMethodAccessorImpl.invoke(DelegatingMethodAccessorImpl.java:43)\r\n\tat java.base/java.lang.reflect.Method.invoke(Method.java:569)\r\n\tat org.springframework.scheduling.support.ScheduledMethodRunnable.runInternal(ScheduledMethodRunnable.java:130)\r\n\tat org.springframework.scheduling.support.ScheduledMethodRunnable.lambda$run$2(ScheduledMethodRunnable.java:124)\r\n\tat io.micrometer.observation.Observation.observe(Observation.java:498)\r\n\tat org.springframework.scheduling.support.ScheduledMethodRunnable.run(ScheduledMethodRunnable.java:124)\r\n\tat org.springframework.scheduling.config.Task$OutcomeTrackingRunnable.run(Task.java:87)\r\n\tat org.springframework.scheduling.support.DelegatingErrorHandlingRunnable.run(DelegatingErrorHandlingRunnable.java:54)\r\n\tat java.base/java.util.concurrent.Executors$RunnableAdapter.call(Executors.java:539)\r\n\tat java.base/java.util.concurrent.FutureTask.runAndReset(FutureTask.java:305)\r\n\tat java.base/java.util.concurrent.ScheduledThreadPoolExecutor$ScheduledFutureTask.run(ScheduledThreadPoolExecutor.java:305)\r\n\tat java.base/java.util.concurrent.ThreadPoolExecutor.runWorker(ThreadPoolExecutor.java:1136)\r\n\tat java.base/java.util.concurrent.ThreadPoolExecutor$Worker.run(ThreadPoolExecutor.java:635)\r\n\tat java.base/java.lang.Thread.run(Thread.java:840)\r\n"}
{"@timestamp":"2026-03-11T12:38:17.8929106-03:00","@version":"1","message":"Tenant context empty. Using default schema: public","logger_name":"com.leadflow.backend.multitenancy.identifier.CurrentTenantIdentifierResolverImpl","thread_name":"scheduler-4","level":"DEBUG","level_value":10000}
{"@timestamp":"2026-03-11T12:38:17.8929106-03:00","@version":"1","message":"Starting scheduled retry processor for failed webhook events","logger_name":"com.leadflow.backend.service.billing.StripeEventRetryScheduler","thread_name":"scheduler-4","level":"DEBUG","level_value":10000}
{"@timestamp":"2026-03-11T12:38:17.8934823-03:00","@version":"1","message":"\r\n    select\r\n        sel1_0.id,\r\n        sel1_0.created_at,\r\n        sel1_0.event_id,\r\n        sel1_0.event_type,\r\n        sel1_0.last_error,\r\n        sel1_0.max_retries,\r\n        sel1_0.next_retry_at,\r\n        sel1_0.payload,\r\n        sel1_0.processed_at,\r\n        sel1_0.retry_count,\r\n        sel1_0.status,\r\n        sel1_0.updated_at \r\n    from\r\n        public.stripe_event_logs sel1_0 \r\n    where\r\n        sel1_0.status=? \r\n        and sel1_0.next_retry_at is not null \r\n        and sel1_0.next_retry_at<=localtimestamp \r\n    order by\r\n        sel1_0.next_retry_at \r\n    fetch\r\n        first 10 rows only","logger_name":"org.hibernate.SQL","thread_name":"scheduler-4","level":"DEBUG","level_value":10000}
{"@timestamp":"2026-03-11T12:38:17.8954666-03:00","@version":"1","message":"Connection switched to schema: public","logger_name":"com.leadflow.backend.multitenancy.provider.MultiTenantConnectionProviderImpl","thread_name":"scheduler-4","level":"DEBUG","level_value":10000}
{"@timestamp":"2026-03-11T12:38:17.8954666-03:00","@version":"1","message":"binding parameter (1:VARCHAR) <- [RETRY_PENDING]","logger_name":"org.hibernate.orm.jdbc.bind","thread_name":"scheduler-4","level":"TRACE","level_value":5000}
{"@timestamp":"2026-03-11T12:38:17.8965084-03:00","@version":"1","message":"No webhook events pending retry at this time","logger_name":"com.leadflow.backend.service.billing.StripeEventRetryScheduler","thread_name":"scheduler-4","level":"DEBUG","level_value":10000}
{"@timestamp":"2026-03-11T12:38:17.8975521-03:00","@version":"1","message":"Connection schema reset to public","logger_name":"com.leadflow.backend.multitenancy.provider.MultiTenantConnectionProviderImpl","thread_name":"scheduler-4","level":"DEBUG","level_value":10000}

  .   ____          _            __ _ _
 /\\ / ___'_ __ _ _(_)_ __  __ _ \ \ \ \
( ( )\___ | '_ | '_| | '_ \/ _` | \ \ \ \
 \\/  ___)| |_)| | | | | || (_| |  ) ) ) )
  '  |____| .__|_| |_|_| |_\__, | / / / /
 =========|_|==============|___/=/_/_/_/

 :: Spring Boot ::               (v3.5.11)

{"@timestamp":"2026-03-11T12:38:19.9323506-03:00","@version":"1","message":"Starting TenantIsolationTest using Java 17.0.16 with PID 3568 (started by Gabri in C:\\Users\\Gabri\\OneDrive\\Ã�rea de Trabalho\\leadflow-backend\\leadflow-backend)","logger_name":"com.leadflow.backend.multitenancy.TenantIsolationTest","thread_name":"main","level":"INFO","level_value":20000}
{"@timestamp":"2026-03-11T12:38:19.9323506-03:00","@version":"1","message":"Running with Spring Boot v3.5.11, Spring v6.2.16","logger_name":"com.leadflow.backend.multitenancy.TenantIsolationTest","thread_name":"main","level":"DEBUG","level_value":10000}
{"@timestamp":"2026-03-11T12:38:19.9323506-03:00","@version":"1","message":"The following 1 profile is active: \"test\"","logger_name":"com.leadflow.backend.multitenancy.TenantIsolationTest","thread_name":"main","level":"INFO","level_value":20000}
{"@timestamp":"2026-03-11T12:38:20.9277013-03:00","@version":"1","message":"DB: relation \"tenants\" already exists, skipping (SQL State: 42P07 - Error Code: 0)","logger_name":"org.flywaydb.core.internal.sqlscript.DefaultSqlScriptExecutor","thread_name":"main","level":"WARN","level_value":30000}
{"@timestamp":"2026-03-11T12:38:20.9287584-03:00","@version":"1","message":"DB: relation \"idx_tenants_schema_name\" already exists, skipping (SQL State: 42P07 - Error Code: 0)","logger_name":"org.flywaydb.core.internal.sqlscript.DefaultSqlScriptExecutor","thread_name":"main","level":"WARN","level_value":30000}
{"@timestamp":"2026-03-11T12:38:20.9292782-03:00","@version":"1","message":"DB: relation \"idx_tenants_deleted_at\" already exists, skipping (SQL State: 42P07 - Error Code: 0)","logger_name":"org.flywaydb.core.internal.sqlscript.DefaultSqlScriptExecutor","thread_name":"main","level":"WARN","level_value":30000}
{"@timestamp":"2026-03-11T12:38:21.0389628-03:00","@version":"1","message":"DB: relation \"idx_vendor_usage_vendor\" already exists, skipping (SQL State: 42P07 - Error Code: 0)","logger_name":"org.flywaydb.core.internal.sqlscript.DefaultSqlScriptExecutor","thread_name":"main","level":"WARN","level_value":30000}
{"@timestamp":"2026-03-11T12:38:21.0389628-03:00","@version":"1","message":"DB: relation \"idx_vendor_usage_period\" already exists, skipping (SQL State: 42P07 - Error Code: 0)","logger_name":"org.flywaydb.core.internal.sqlscript.DefaultSqlScriptExecutor","thread_name":"main","level":"WARN","level_value":30000}
{"@timestamp":"2026-03-11T12:38:21.1706758-03:00","@version":"1","message":"DB: column \"deleted_at\" of relation \"template_users\" already exists, skipping (SQL State: 42701 - Error Code: 0)","logger_name":"org.flywaydb.core.internal.sqlscript.DefaultSqlScriptExecutor","thread_name":"main","level":"WARN","level_value":30000}
{"@timestamp":"2026-03-11T12:38:21.1871472-03:00","@version":"1","message":"DB: column \"deleted_at\" of relation \"template_leads\" already exists, skipping (SQL State: 42701 - Error Code: 0)","logger_name":"org.flywaydb.core.internal.sqlscript.DefaultSqlScriptExecutor","thread_name":"main","level":"WARN","level_value":30000}
{"@timestamp":"2026-03-11T12:38:21.3075257-03:00","@version":"1","message":"DB: relation \"idx_vendor_usage_vendor\" already exists, skipping (SQL State: 42P07 - Error Code: 0)","logger_name":"org.flywaydb.core.internal.sqlscript.DefaultSqlScriptExecutor","thread_name":"main","level":"WARN","level_value":30000}
{"@timestamp":"2026-03-11T12:38:21.3075257-03:00","@version":"1","message":"DB: relation \"idx_vendor_usage_quota\" already exists, skipping (SQL State: 42P07 - Error Code: 0)","logger_name":"org.flywaydb.core.internal.sqlscript.DefaultSqlScriptExecutor","thread_name":"main","level":"WARN","level_value":30000}
{"@timestamp":"2026-03-11T12:38:21.3075257-03:00","@version":"1","message":"DB: relation \"idx_vendor_usage_period\" already exists, skipping (SQL State: 42P07 - Error Code: 0)","logger_name":"org.flywaydb.core.internal.sqlscript.DefaultSqlScriptExecutor","thread_name":"main","level":"WARN","level_value":30000}
{"@timestamp":"2026-03-11T12:38:21.3838466-03:00","@version":"1","message":"DB: column \"alert80_sent\" of relation \"vendor_usage\" already exists, skipping (SQL State: 42701 - Error Code: 0)","logger_name":"org.flywaydb.core.internal.sqlscript.DefaultSqlScriptExecutor","thread_name":"main","level":"WARN","level_value":30000}
{"@timestamp":"2026-03-11T12:38:21.3838466-03:00","@version":"1","message":"DB: column \"alert100_sent\" of relation \"vendor_usage\" already exists, skipping (SQL State: 42701 - Error Code: 0)","logger_name":"org.flywaydb.core.internal.sqlscript.DefaultSqlScriptExecutor","thread_name":"main","level":"WARN","level_value":30000}
{"@timestamp":"2026-03-11T12:38:21.4935231-03:00","@version":"1","message":"DB: column \"score\" of relation \"vendor_leads\" already exists, skipping (SQL State: 42701 - Error Code: 0)","logger_name":"org.flywaydb.core.internal.sqlscript.DefaultSqlScriptExecutor","thread_name":"main","level":"WARN","level_value":30000}
{"@timestamp":"2026-03-11T12:38:21.5062796-03:00","@version":"1","message":"DB: column \"owner_email\" of relation \"vendor_leads\" already exists, skipping (SQL State: 42701 - Error Code: 0)","logger_name":"org.flywaydb.core.internal.sqlscript.DefaultSqlScriptExecutor","thread_name":"main","level":"WARN","level_value":30000}
{"@timestamp":"2026-03-11T12:38:21.5220289-03:00","@version":"1","message":"DB: relation \"idx_vendor_leads_vendor_stage\" already exists, skipping (SQL State: 42P07 - Error Code: 0)","logger_name":"org.flywaydb.core.internal.sqlscript.DefaultSqlScriptExecutor","thread_name":"main","level":"WARN","level_value":30000}
{"@timestamp":"2026-03-11T12:38:21.642653-03:00","@version":"1","message":"DB: column \"credentials_updated_at\" of relation \"template_users\" already exists, skipping (SQL State: 42701 - Error Code: 0)","logger_name":"org.flywaydb.core.internal.sqlscript.DefaultSqlScriptExecutor","thread_name":"main","level":"WARN","level_value":30000}
{"@timestamp":"2026-03-11T12:38:21.7121721-03:00","@version":"1","message":"DB: column \"mensagem_boas_vindas\" of relation \"vendors\" already exists, skipping (SQL State: 42701 - Error Code: 0)","logger_name":"org.flywaydb.core.internal.sqlscript.DefaultSqlScriptExecutor","thread_name":"main","level":"WARN","level_value":30000}
{"@timestamp":"2026-03-11T12:38:21.7693396-03:00","@version":"1","message":"DB: column \"user_agent\" of relation \"login_audit\" already exists, skipping (SQL State: 42701 - Error Code: 0)","logger_name":"org.flywaydb.core.internal.sqlscript.DefaultSqlScriptExecutor","thread_name":"main","level":"WARN","level_value":30000}
{"@timestamp":"2026-03-11T12:38:21.7698622-03:00","@version":"1","message":"DB: relation \"login_audit\" already exists, skipping (SQL State: 42P07 - Error Code: 0)","logger_name":"org.flywaydb.core.internal.sqlscript.DefaultSqlScriptExecutor","thread_name":"main","level":"WARN","level_value":30000}
{"@timestamp":"2026-03-11T12:38:21.8007676-03:00","@version":"1","message":"DB: column \"tenant_id\" of relation \"template_user_sessions\" already exists, skipping (SQL State: 42701 - Error Code: 0)","logger_name":"org.flywaydb.core.internal.sqlscript.DefaultSqlScriptExecutor","thread_name":"main","level":"WARN","level_value":30000}
{"@timestamp":"2026-03-11T12:38:21.8012887-03:00","@version":"1","message":"DB: column \"active\" of relation \"template_user_sessions\" already exists, skipping (SQL State: 42701 - Error Code: 0)","logger_name":"org.flywaydb.core.internal.sqlscript.DefaultSqlScriptExecutor","thread_name":"main","level":"WARN","level_value":30000}
{"@timestamp":"2026-03-11T12:38:21.8023455-03:00","@version":"1","message":"DB: relation \"idx_template_user_sessions_user_tenant_active\" already exists, skipping (SQL State: 42P07 - Error Code: 0)","logger_name":"org.flywaydb.core.internal.sqlscript.DefaultSqlScriptExecutor","thread_name":"main","level":"WARN","level_value":30000}
{"@timestamp":"2026-03-11T12:38:21.8028676-03:00","@version":"1","message":"DB: relation \"idx_template_user_sessions_token\" already exists, skipping (SQL State: 42P07 - Error Code: 0)","logger_name":"org.flywaydb.core.internal.sqlscript.DefaultSqlScriptExecutor","thread_name":"main","level":"WARN","level_value":30000}
{"@timestamp":"2026-03-11T12:38:21.8257177-03:00","@version":"1","message":"DB: relation \"idx_vendors_subscription_expires_at\" already exists, skipping (SQL State: 42P07 - Error Code: 0)","logger_name":"org.flywaydb.core.internal.sqlscript.DefaultSqlScriptExecutor","thread_name":"main","level":"WARN","level_value":30000}
{"@timestamp":"2026-03-11T12:38:21.8321986-03:00","@version":"1","message":"DB: column \"external_subscription_id\" of relation \"vendors\" already exists, skipping (SQL State: 42701 - Error Code: 0)","logger_name":"org.flywaydb.core.internal.sqlscript.DefaultSqlScriptExecutor","thread_name":"main","level":"WARN","level_value":30000}
{"@timestamp":"2026-03-11T12:38:21.8321986-03:00","@version":"1","message":"DB: column \"last_payment_at\" of relation \"vendors\" already exists, skipping (SQL State: 42701 - Error Code: 0)","logger_name":"org.flywaydb.core.internal.sqlscript.DefaultSqlScriptExecutor","thread_name":"main","level":"WARN","level_value":30000}
{"@timestamp":"2026-03-11T12:38:21.844736-03:00","@version":"1","message":"DB: relation \"idx_vendors_external_subscription_id\" already exists, skipping (SQL State: 42P07 - Error Code: 0)","logger_name":"org.flywaydb.core.internal.sqlscript.DefaultSqlScriptExecutor","thread_name":"main","level":"WARN","level_value":30000}
{"@timestamp":"2026-03-11T12:38:21.8577954-03:00","@version":"1","message":"DB: column \"subscription_expires_at\" of relation \"vendors\" already exists, skipping (SQL State: 42701 - Error Code: 0)","logger_name":"org.flywaydb.core.internal.sqlscript.DefaultSqlScriptExecutor","thread_name":"main","level":"WARN","level_value":30000}
{"@timestamp":"2026-03-11T12:38:21.8624928-03:00","@version":"1","message":"DB: relation \"idx_vendors_subscription_expires_at\" already exists, skipping (SQL State: 42P07 - Error Code: 0)","logger_name":"org.flywaydb.core.internal.sqlscript.DefaultSqlScriptExecutor","thread_name":"main","level":"WARN","level_value":30000}
{"@timestamp":"2026-03-11T12:38:21.8755608-03:00","@version":"1","message":"DB: column \"nome_vendedor\" of relation \"vendors\" already exists, skipping (SQL State: 42701 - Error Code: 0)","logger_name":"org.flywaydb.core.internal.sqlscript.DefaultSqlScriptExecutor","thread_name":"main","level":"WARN","level_value":30000}
{"@timestamp":"2026-03-11T12:38:21.8755608-03:00","@version":"1","message":"DB: column \"whatsapp_vendedor\" of relation \"vendors\" already exists, skipping (SQL State: 42701 - Error Code: 0)","logger_name":"org.flywaydb.core.internal.sqlscript.DefaultSqlScriptExecutor","thread_name":"main","level":"WARN","level_value":30000}
{"@timestamp":"2026-03-11T12:38:21.8755608-03:00","@version":"1","message":"DB: column \"nome_empresa\" of relation \"vendors\" already exists, skipping (SQL State: 42701 - Error Code: 0)","logger_name":"org.flywaydb.core.internal.sqlscript.DefaultSqlScriptExecutor","thread_name":"main","level":"WARN","level_value":30000}
{"@timestamp":"2026-03-11T12:38:21.8755608-03:00","@version":"1","message":"DB: column \"logo_url\" of relation \"vendors\" already exists, skipping (SQL State: 42701 - Error Code: 0)","logger_name":"org.flywaydb.core.internal.sqlscript.DefaultSqlScriptExecutor","thread_name":"main","level":"WARN","level_value":30000}
{"@timestamp":"2026-03-11T12:38:21.8755608-03:00","@version":"1","message":"DB: column \"cor_destaque\" of relation \"vendors\" already exists, skipping (SQL State: 42701 - Error Code: 0)","logger_name":"org.flywaydb.core.internal.sqlscript.DefaultSqlScriptExecutor","thread_name":"main","level":"WARN","level_value":30000}
{"@timestamp":"2026-03-11T12:38:21.8755608-03:00","@version":"1","message":"DB: column \"mensagem_boas_vindas\" of relation \"vendors\" already exists, skipping (SQL State: 42701 - Error Code: 0)","logger_name":"org.flywaydb.core.internal.sqlscript.DefaultSqlScriptExecutor","thread_name":"main","level":"WARN","level_value":30000}
{"@timestamp":"2026-03-11T12:38:21.8755608-03:00","@version":"1","message":"DB: column \"slug\" of relation \"vendors\" already exists, skipping (SQL State: 42701 - Error Code: 0)","logger_name":"org.flywaydb.core.internal.sqlscript.DefaultSqlScriptExecutor","thread_name":"main","level":"WARN","level_value":30000}
{"@timestamp":"2026-03-11T12:38:21.8755608-03:00","@version":"1","message":"DB: column \"email_invalid\" of relation \"vendors\" already exists, skipping (SQL State: 42701 - Error Code: 0)","logger_name":"org.flywaydb.core.internal.sqlscript.DefaultSqlScriptExecutor","thread_name":"main","level":"WARN","level_value":30000}
{"@timestamp":"2026-03-11T12:38:21.8755608-03:00","@version":"1","message":"DB: column \"created_at\" of relation \"vendors\" already exists, skipping (SQL State: 42701 - Error Code: 0)","logger_name":"org.flywaydb.core.internal.sqlscript.DefaultSqlScriptExecutor","thread_name":"main","level":"WARN","level_value":30000}
{"@timestamp":"2026-03-11T12:38:21.8755608-03:00","@version":"1","message":"DB: column \"updated_at\" of relation \"vendors\" already exists, skipping (SQL State: 42701 - Error Code: 0)","logger_name":"org.flywaydb.core.internal.sqlscript.DefaultSqlScriptExecutor","thread_name":"main","level":"WARN","level_value":30000}
{"@timestamp":"2026-03-11T12:38:21.8755608-03:00","@version":"1","message":"DB: column \"schema_name\" of relation \"vendors\" already exists, skipping (SQL State: 42701 - Error Code: 0)","logger_name":"org.flywaydb.core.internal.sqlscript.DefaultSqlScriptExecutor","thread_name":"main","level":"WARN","level_value":30000}
{"@timestamp":"2026-03-11T12:38:21.8755608-03:00","@version":"1","message":"DB: column \"name\" of relation \"vendors\" already exists, skipping (SQL State: 42701 - Error Code: 0)","logger_name":"org.flywaydb.core.internal.sqlscript.DefaultSqlScriptExecutor","thread_name":"main","level":"WARN","level_value":30000}
{"@timestamp":"2026-03-11T12:38:21.8825866-03:00","@version":"1","message":"DB: relation \"idx_vendors_slug\" already exists, skipping (SQL State: 42P07 - Error Code: 0)","logger_name":"org.flywaydb.core.internal.sqlscript.DefaultSqlScriptExecutor","thread_name":"main","level":"WARN","level_value":30000}
{"@timestamp":"2026-03-11T12:38:21.895865-03:00","@version":"1","message":"DB: column \"owner_email\" of relation \"vendor_leads\" already exists, skipping (SQL State: 42701 - Error Code: 0)","logger_name":"org.flywaydb.core.internal.sqlscript.DefaultSqlScriptExecutor","thread_name":"main","level":"WARN","level_value":30000}
{"@timestamp":"2026-03-11T12:38:21.8963803-03:00","@version":"1","message":"DB: column \"resumo_estrategico\" of relation \"vendor_leads\" already exists, skipping (SQL State: 42701 - Error Code: 0)","logger_name":"org.flywaydb.core.internal.sqlscript.DefaultSqlScriptExecutor","thread_name":"main","level":"WARN","level_value":30000}
{"@timestamp":"2026-03-11T12:38:21.8963803-03:00","@version":"1","message":"DB: column \"score\" of relation \"vendor_leads\" already exists, skipping (SQL State: 42701 - Error Code: 0)","logger_name":"org.flywaydb.core.internal.sqlscript.DefaultSqlScriptExecutor","thread_name":"main","level":"WARN","level_value":30000}
{"@timestamp":"2026-03-11T12:38:21.915407-03:00","@version":"1","message":"DB: column \"valor_credito\" of relation \"vendor_leads\" already exists, skipping (SQL State: 42701 - Error Code: 0)","logger_name":"org.flywaydb.core.internal.sqlscript.DefaultSqlScriptExecutor","thread_name":"main","level":"WARN","level_value":30000}
{"@timestamp":"2026-03-11T12:38:22.0963336-03:00","@version":"1","message":"HHH90000025: PostgreSQLDialect does not need to be specified explicitly using 'hibernate.dialect' (remove the property setting and it will be selected by default)","logger_name":"org.hibernate.orm.deprecation","thread_name":"main","level":"WARN","level_value":30000}
{"@timestamp":"2026-03-11T12:38:22.2665094-03:00","@version":"1","message":"HHH90000025: PostgreSQLDialect does not need to be specified explicitly using 'hibernate.dialect' (remove the property setting and it will be selected by default)","logger_name":"org.hibernate.orm.deprecation","thread_name":"main","level":"WARN","level_value":30000}
{"@timestamp":"2026-03-11T12:38:22.4666377-03:00","@version":"1","message":"Tenant context empty. Using default schema: public","logger_name":"com.leadflow.backend.multitenancy.identifier.CurrentTenantIdentifierResolverImpl","thread_name":"main","level":"DEBUG","level_value":10000}
{"@timestamp":"2026-03-11T12:38:22.4666377-03:00","@version":"1","message":"Tenant context empty. Using default schema: public","logger_name":"com.leadflow.backend.multitenancy.identifier.CurrentTenantIdentifierResolverImpl","thread_name":"main","level":"DEBUG","level_value":10000}
{"@timestamp":"2026-03-11T12:38:22.4666377-03:00","@version":"1","message":"Tenant context empty. Using default schema: public","logger_name":"com.leadflow.backend.multitenancy.identifier.CurrentTenantIdentifierResolverImpl","thread_name":"main","level":"DEBUG","level_value":10000}
{"@timestamp":"2026-03-11T12:38:22.4666377-03:00","@version":"1","message":"Tenant context empty. Using default schema: public","logger_name":"com.leadflow.backend.multitenancy.identifier.CurrentTenantIdentifierResolverImpl","thread_name":"main","level":"DEBUG","level_value":10000}
{"@timestamp":"2026-03-11T12:38:22.4666377-03:00","@version":"1","message":"Tenant context empty. Using default schema: public","logger_name":"com.leadflow.backend.multitenancy.identifier.CurrentTenantIdentifierResolverImpl","thread_name":"main","level":"DEBUG","level_value":10000}
{"@timestamp":"2026-03-11T12:38:22.4666377-03:00","@version":"1","message":"Tenant context empty. Using default schema: public","logger_name":"com.leadflow.backend.multitenancy.identifier.CurrentTenantIdentifierResolverImpl","thread_name":"main","level":"DEBUG","level_value":10000}
{"@timestamp":"2026-03-11T12:38:22.4666377-03:00","@version":"1","message":"Tenant context empty. Using default schema: public","logger_name":"com.leadflow.backend.multitenancy.identifier.CurrentTenantIdentifierResolverImpl","thread_name":"main","level":"DEBUG","level_value":10000}
{"@timestamp":"2026-03-11T12:38:22.5637485-03:00","@version":"1","message":"Tenant context empty. Using default schema: public","logger_name":"com.leadflow.backend.multitenancy.identifier.CurrentTenantIdentifierResolverImpl","thread_name":"main","level":"DEBUG","level_value":10000}
{"@timestamp":"2026-03-11T12:38:22.5642553-03:00","@version":"1","message":"Tenant context empty. Using default schema: public","logger_name":"com.leadflow.backend.multitenancy.identifier.CurrentTenantIdentifierResolverImpl","thread_name":"main","level":"DEBUG","level_value":10000}
{"@timestamp":"2026-03-11T12:38:22.5937825-03:00","@version":"1","message":"Tenant context empty. Using default schema: public","logger_name":"com.leadflow.backend.multitenancy.identifier.CurrentTenantIdentifierResolverImpl","thread_name":"main","level":"DEBUG","level_value":10000}
{"@timestamp":"2026-03-11T12:38:22.5953325-03:00","@version":"1","message":"Connection switched to schema: public","logger_name":"com.leadflow.backend.multitenancy.provider.MultiTenantConnectionProviderImpl","thread_name":"main","level":"DEBUG","level_value":10000}
{"@timestamp":"2026-03-11T12:38:22.5963856-03:00","@version":"1","message":"\r\n    select\r\n        count(*) \r\n    from\r\n        plans p1_0","logger_name":"org.hibernate.SQL","thread_name":"main","level":"DEBUG","level_value":10000}
{"@timestamp":"2026-03-11T12:38:22.6006069-03:00","@version":"1","message":"Connection schema reset to public","logger_name":"com.leadflow.backend.multitenancy.provider.MultiTenantConnectionProviderImpl","thread_name":"main","level":"DEBUG","level_value":10000}
{"@timestamp":"2026-03-11T12:38:22.6011322-03:00","@version":"1","message":"Plano jÃ¡ existe no banco de dados","logger_name":"com.leadflow.backend.config.PlanInitializer","thread_name":"main","level":"INFO","level_value":20000}
{"@timestamp":"2026-03-11T12:38:22.6101215-03:00","@version":"1","message":"=== Initializing Stripe Configuration ===","logger_name":"com.leadflow.backend.config.StripeProperties","thread_name":"main","level":"INFO","level_value":20000}
{"@timestamp":"2026-03-11T12:38:22.6101215-03:00","@version":"1","message":"âš ï¸�  Stripe Mode: TEST (Key: sk_test_dummy...)","logger_name":"com.leadflow.backend.config.StripeProperties","thread_name":"main","level":"WARN","level_value":30000}
{"@timestamp":"2026-03-11T12:38:22.6101215-03:00","@version":"1","message":"âœ… Stripe SDK initialized successfully","logger_name":"com.leadflow.backend.config.StripeProperties","thread_name":"main","level":"INFO","level_value":20000}
{"@timestamp":"2026-03-11T12:38:22.6101215-03:00","@version":"1","message":"Stripe Configuration Summary:","logger_name":"com.leadflow.backend.config.StripeProperties","thread_name":"main","level":"INFO","level_value":20000}
{"@timestamp":"2026-03-11T12:38:22.6101215-03:00","@version":"1","message":"  - API Key: sk_test_dummy... (TEST)","logger_name":"com.leadflow.backend.config.StripeProperties","thread_name":"main","level":"INFO","level_value":20000}
{"@timestamp":"2026-03-11T12:38:22.6101215-03:00","@version":"1","message":"  - Webhook Enabled: true","logger_name":"com.leadflow.backend.config.StripeProperties","thread_name":"main","level":"INFO","level_value":20000}
{"@timestamp":"2026-03-11T12:38:22.6101215-03:00","@version":"1","message":"  - Webhook Timestamp Tolerance: 300s","logger_name":"com.leadflow.backend.config.StripeProperties","thread_name":"main","level":"INFO","level_value":20000}
{"@timestamp":"2026-03-11T12:38:22.6101215-03:00","@version":"1","message":"  - Retry Max Attempts: 3","logger_name":"com.leadflow.backend.config.StripeProperties","thread_name":"main","level":"INFO","level_value":20000}
{"@timestamp":"2026-03-11T12:38:22.6101215-03:00","@version":"1","message":"  - Connection Timeout: 10000ms","logger_name":"com.leadflow.backend.config.StripeProperties","thread_name":"main","level":"INFO","level_value":20000}
{"@timestamp":"2026-03-11T12:38:22.6101215-03:00","@version":"1","message":"  - Read Timeout: 30000ms","logger_name":"com.leadflow.backend.config.StripeProperties","thread_name":"main","level":"INFO","level_value":20000}
{"@timestamp":"2026-03-11T12:38:22.6101215-03:00","@version":"1","message":"  - Events Persistence: true (Max Age: 90 days)","logger_name":"com.leadflow.backend.config.StripeProperties","thread_name":"main","level":"INFO","level_value":20000}
{"@timestamp":"2026-03-11T12:38:22.6331766-03:00","@version":"1","message":"Tenant context empty. Using default schema: public","logger_name":"com.leadflow.backend.multitenancy.identifier.CurrentTenantIdentifierResolverImpl","thread_name":"main","level":"DEBUG","level_value":10000}
{"@timestamp":"2026-03-11T12:38:22.6331766-03:00","@version":"1","message":"Tenant context empty. Using default schema: public","logger_name":"com.leadflow.backend.multitenancy.identifier.CurrentTenantIdentifierResolverImpl","thread_name":"main","level":"DEBUG","level_value":10000}
{"@timestamp":"2026-03-11T12:38:22.6331766-03:00","@version":"1","message":"Tenant context empty. Using default schema: public","logger_name":"com.leadflow.backend.multitenancy.identifier.CurrentTenantIdentifierResolverImpl","thread_name":"main","level":"DEBUG","level_value":10000}
{"@timestamp":"2026-03-11T12:38:22.6363773-03:00","@version":"1","message":"Tenant context empty. Using default schema: public","logger_name":"com.leadflow.backend.multitenancy.identifier.CurrentTenantIdentifierResolverImpl","thread_name":"main","level":"DEBUG","level_value":10000}
{"@timestamp":"2026-03-11T12:38:22.6395447-03:00","@version":"1","message":"Tenant context empty. Using default schema: public","logger_name":"com.leadflow.backend.multitenancy.identifier.CurrentTenantIdentifierResolverImpl","thread_name":"scheduler-2","level":"DEBUG","level_value":10000}
{"@timestamp":"2026-03-11T12:38:22.6395447-03:00","@version":"1","message":"Starting scheduled retry processor for failed webhook events","logger_name":"com.leadflow.backend.service.billing.StripeEventRetryScheduler","thread_name":"scheduler-2","level":"DEBUG","level_value":10000}
{"@timestamp":"2026-03-11T12:38:22.6401181-03:00","@version":"1","message":"\r\n    select\r\n        sel1_0.id,\r\n        sel1_0.created_at,\r\n        sel1_0.event_id,\r\n        sel1_0.event_type,\r\n        sel1_0.last_error,\r\n        sel1_0.max_retries,\r\n        sel1_0.next_retry_at,\r\n        sel1_0.payload,\r\n        sel1_0.processed_at,\r\n        sel1_0.retry_count,\r\n        sel1_0.status,\r\n        sel1_0.updated_at \r\n    from\r\n        public.stripe_event_logs sel1_0 \r\n    where\r\n        sel1_0.status=? \r\n        and sel1_0.next_retry_at is not null \r\n        and sel1_0.next_retry_at<=localtimestamp \r\n    order by\r\n        sel1_0.next_retry_at \r\n    fetch\r\n        first 10 rows only","logger_name":"org.hibernate.SQL","thread_name":"scheduler-2","level":"DEBUG","level_value":10000}
{"@timestamp":"2026-03-11T12:38:22.6465579-03:00","@version":"1","message":"Tenant context empty. Using default schema: public","logger_name":"com.leadflow.backend.multitenancy.identifier.CurrentTenantIdentifierResolverImpl","thread_name":"main","level":"DEBUG","level_value":10000}
{"@timestamp":"2026-03-11T12:38:22.6465579-03:00","@version":"1","message":"Tenant context empty. Using default schema: public","logger_name":"com.leadflow.backend.multitenancy.identifier.CurrentTenantIdentifierResolverImpl","thread_name":"main","level":"DEBUG","level_value":10000}
{"@timestamp":"2026-03-11T12:38:22.6670604-03:00","@version":"1","message":"Tenant context empty. Using default schema: public","logger_name":"com.leadflow.backend.multitenancy.identifier.CurrentTenantIdentifierResolverImpl","thread_name":"main","level":"DEBUG","level_value":10000}
{"@timestamp":"2026-03-11T12:38:22.6710773-03:00","@version":"1","message":"Tenant context empty. Using default schema: public","logger_name":"com.leadflow.backend.multitenancy.identifier.CurrentTenantIdentifierResolverImpl","thread_name":"main","level":"DEBUG","level_value":10000}
{"@timestamp":"2026-03-11T12:38:22.6717635-03:00","@version":"1","message":"Tenant context empty. Using default schema: public","logger_name":"com.leadflow.backend.multitenancy.identifier.CurrentTenantIdentifierResolverImpl","thread_name":"main","level":"DEBUG","level_value":10000}
{"@timestamp":"2026-03-11T12:38:22.6717635-03:00","@version":"1","message":"Tenant context empty. Using default schema: public","logger_name":"com.leadflow.backend.multitenancy.identifier.CurrentTenantIdentifierResolverImpl","thread_name":"main","level":"DEBUG","level_value":10000}
{"@timestamp":"2026-03-11T12:38:22.6727767-03:00","@version":"1","message":"Tenant context empty. Using default schema: public","logger_name":"com.leadflow.backend.multitenancy.identifier.CurrentTenantIdentifierResolverImpl","thread_name":"main","level":"DEBUG","level_value":10000}
{"@timestamp":"2026-03-11T12:38:22.6727767-03:00","@version":"1","message":"Tenant context empty. Using default schema: public","logger_name":"com.leadflow.backend.multitenancy.identifier.CurrentTenantIdentifierResolverImpl","thread_name":"main","level":"DEBUG","level_value":10000}
{"@timestamp":"2026-03-11T12:38:22.6727767-03:00","@version":"1","message":"Tenant context empty. Using default schema: public","logger_name":"com.leadflow.backend.multitenancy.identifier.CurrentTenantIdentifierResolverImpl","thread_name":"main","level":"DEBUG","level_value":10000}
{"@timestamp":"2026-03-11T12:38:22.6727767-03:00","@version":"1","message":"Tenant context empty. Using default schema: public","logger_name":"com.leadflow.backend.multitenancy.identifier.CurrentTenantIdentifierResolverImpl","thread_name":"main","level":"DEBUG","level_value":10000}
{"@timestamp":"2026-03-11T12:38:22.6727767-03:00","@version":"1","message":"Tenant context empty. Using default schema: public","logger_name":"com.leadflow.backend.multitenancy.identifier.CurrentTenantIdentifierResolverImpl","thread_name":"main","level":"DEBUG","level_value":10000}
{"@timestamp":"2026-03-11T12:38:22.6879209-03:00","@version":"1","message":"Tenant context empty. Using default schema: public","logger_name":"com.leadflow.backend.multitenancy.identifier.CurrentTenantIdentifierResolverImpl","thread_name":"main","level":"DEBUG","level_value":10000}
{"@timestamp":"2026-03-11T12:38:22.6879209-03:00","@version":"1","message":"Tenant context empty. Using default schema: public","logger_name":"com.leadflow.backend.multitenancy.identifier.CurrentTenantIdentifierResolverImpl","thread_name":"main","level":"DEBUG","level_value":10000}
{"@timestamp":"2026-03-11T12:38:22.6879209-03:00","@version":"1","message":"Tenant context empty. Using default schema: public","logger_name":"com.leadflow.backend.multitenancy.identifier.CurrentTenantIdentifierResolverImpl","thread_name":"main","level":"DEBUG","level_value":10000}
{"@timestamp":"2026-03-11T12:38:22.6879209-03:00","@version":"1","message":"Tenant context empty. Using default schema: public","logger_name":"com.leadflow.backend.multitenancy.identifier.CurrentTenantIdentifierResolverImpl","thread_name":"main","level":"DEBUG","level_value":10000}
{"@timestamp":"2026-03-11T12:38:22.6931485-03:00","@version":"1","message":"Tenant context empty. Using default schema: public","logger_name":"com.leadflow.backend.multitenancy.identifier.CurrentTenantIdentifierResolverImpl","thread_name":"main","level":"DEBUG","level_value":10000}
{"@timestamp":"2026-03-11T12:38:22.6931485-03:00","@version":"1","message":"Tenant context empty. Using default schema: public","logger_name":"com.leadflow.backend.multitenancy.identifier.CurrentTenantIdentifierResolverImpl","thread_name":"main","level":"DEBUG","level_value":10000}
{"@timestamp":"2026-03-11T12:38:22.6931485-03:00","@version":"1","message":"Tenant context empty. Using default schema: public","logger_name":"com.leadflow.backend.multitenancy.identifier.CurrentTenantIdentifierResolverImpl","thread_name":"main","level":"DEBUG","level_value":10000}
{"@timestamp":"2026-03-11T12:38:22.7068764-03:00","@version":"1","message":"Tenant context empty. Using default schema: public","logger_name":"com.leadflow.backend.multitenancy.identifier.CurrentTenantIdentifierResolverImpl","thread_name":"main","level":"DEBUG","level_value":10000}
{"@timestamp":"2026-03-11T12:38:22.7073974-03:00","@version":"1","message":"Tenant context empty. Using default schema: public","logger_name":"com.leadflow.backend.multitenancy.identifier.CurrentTenantIdentifierResolverImpl","thread_name":"main","level":"DEBUG","level_value":10000}
{"@timestamp":"2026-03-11T12:38:22.7073974-03:00","@version":"1","message":"Tenant context empty. Using default schema: public","logger_name":"com.leadflow.backend.multitenancy.identifier.CurrentTenantIdentifierResolverImpl","thread_name":"main","level":"DEBUG","level_value":10000}
{"@timestamp":"2026-03-11T12:38:22.7073974-03:00","@version":"1","message":"Tenant context empty. Using default schema: public","logger_name":"com.leadflow.backend.multitenancy.identifier.CurrentTenantIdentifierResolverImpl","thread_name":"main","level":"DEBUG","level_value":10000}
{"@timestamp":"2026-03-11T12:38:22.7073974-03:00","@version":"1","message":"Tenant context empty. Using default schema: public","logger_name":"com.leadflow.backend.multitenancy.identifier.CurrentTenantIdentifierResolverImpl","thread_name":"main","level":"DEBUG","level_value":10000}
{"@timestamp":"2026-03-11T12:38:22.7073974-03:00","@version":"1","message":"Tenant context empty. Using default schema: public","logger_name":"com.leadflow.backend.multitenancy.identifier.CurrentTenantIdentifierResolverImpl","thread_name":"main","level":"DEBUG","level_value":10000}
{"@timestamp":"2026-03-11T12:38:22.7089077-03:00","@version":"1","message":"Tenant context empty. Using default schema: public","logger_name":"com.leadflow.backend.multitenancy.identifier.CurrentTenantIdentifierResolverImpl","thread_name":"main","level":"DEBUG","level_value":10000}
{"@timestamp":"2026-03-11T12:38:22.7089077-03:00","@version":"1","message":"Tenant context empty. Using default schema: public","logger_name":"com.leadflow.backend.multitenancy.identifier.CurrentTenantIdentifierResolverImpl","thread_name":"main","level":"DEBUG","level_value":10000}
{"@timestamp":"2026-03-11T12:38:22.7089077-03:00","@version":"1","message":"Tenant context empty. Using default schema: public","logger_name":"com.leadflow.backend.multitenancy.identifier.CurrentTenantIdentifierResolverImpl","thread_name":"main","level":"DEBUG","level_value":10000}
{"@timestamp":"2026-03-11T12:38:22.7089077-03:00","@version":"1","message":"Tenant context empty. Using default schema: public","logger_name":"com.leadflow.backend.multitenancy.identifier.CurrentTenantIdentifierResolverImpl","thread_name":"main","level":"DEBUG","level_value":10000}
{"@timestamp":"2026-03-11T12:38:22.7089077-03:00","@version":"1","message":"Tenant context empty. Using default schema: public","logger_name":"com.leadflow.backend.multitenancy.identifier.CurrentTenantIdentifierResolverImpl","thread_name":"main","level":"DEBUG","level_value":10000}
{"@timestamp":"2026-03-11T12:38:22.7089077-03:00","@version":"1","message":"Tenant context empty. Using default schema: public","logger_name":"com.leadflow.backend.multitenancy.identifier.CurrentTenantIdentifierResolverImpl","thread_name":"main","level":"DEBUG","level_value":10000}
{"@timestamp":"2026-03-11T12:38:22.7089077-03:00","@version":"1","message":"Tenant context empty. Using default schema: public","logger_name":"com.leadflow.backend.multitenancy.identifier.CurrentTenantIdentifierResolverImpl","thread_name":"main","level":"DEBUG","level_value":10000}
{"@timestamp":"2026-03-11T12:38:22.7089077-03:00","@version":"1","message":"Tenant context empty. Using default schema: public","logger_name":"com.leadflow.backend.multitenancy.identifier.CurrentTenantIdentifierResolverImpl","thread_name":"main","level":"DEBUG","level_value":10000}
{"@timestamp":"2026-03-11T12:38:22.7089077-03:00","@version":"1","message":"Tenant context empty. Using default schema: public","logger_name":"com.leadflow.backend.multitenancy.identifier.CurrentTenantIdentifierResolverImpl","thread_name":"main","level":"DEBUG","level_value":10000}
{"@timestamp":"2026-03-11T12:38:22.7320359-03:00","@version":"1","message":"Tenant context empty. Using default schema: public","logger_name":"com.leadflow.backend.multitenancy.identifier.CurrentTenantIdentifierResolverImpl","thread_name":"main","level":"DEBUG","level_value":10000}
{"@timestamp":"2026-03-11T12:38:22.7320359-03:00","@version":"1","message":"Tenant context empty. Using default schema: public","logger_name":"com.leadflow.backend.multitenancy.identifier.CurrentTenantIdentifierResolverImpl","thread_name":"main","level":"DEBUG","level_value":10000}
{"@timestamp":"2026-03-11T12:38:22.7320359-03:00","@version":"1","message":"Tenant context empty. Using default schema: public","logger_name":"com.leadflow.backend.multitenancy.identifier.CurrentTenantIdentifierResolverImpl","thread_name":"main","level":"DEBUG","level_value":10000}
{"@timestamp":"2026-03-11T12:38:22.7320359-03:00","@version":"1","message":"Tenant context empty. Using default schema: public","logger_name":"com.leadflow.backend.multitenancy.identifier.CurrentTenantIdentifierResolverImpl","thread_name":"main","level":"DEBUG","level_value":10000}
{"@timestamp":"2026-03-11T12:38:22.733777-03:00","@version":"1","message":"Tenant context empty. Using default schema: public","logger_name":"com.leadflow.backend.multitenancy.identifier.CurrentTenantIdentifierResolverImpl","thread_name":"main","level":"DEBUG","level_value":10000}
{"@timestamp":"2026-03-11T12:38:22.7343677-03:00","@version":"1","message":"Tenant context empty. Using default schema: public","logger_name":"com.leadflow.backend.multitenancy.identifier.CurrentTenantIdentifierResolverImpl","thread_name":"main","level":"DEBUG","level_value":10000}
{"@timestamp":"2026-03-11T12:38:22.7343677-03:00","@version":"1","message":"Tenant context empty. Using default schema: public","logger_name":"com.leadflow.backend.multitenancy.identifier.CurrentTenantIdentifierResolverImpl","thread_name":"main","level":"DEBUG","level_value":10000}
{"@timestamp":"2026-03-11T12:38:22.7435718-03:00","@version":"1","message":"Tenant context empty. Using default schema: public","logger_name":"com.leadflow.backend.multitenancy.identifier.CurrentTenantIdentifierResolverImpl","thread_name":"main","level":"DEBUG","level_value":10000}
{"@timestamp":"2026-03-11T12:38:22.749491-03:00","@version":"1","message":"Tenant context empty. Using default schema: public","logger_name":"com.leadflow.backend.multitenancy.identifier.CurrentTenantIdentifierResolverImpl","thread_name":"main","level":"DEBUG","level_value":10000}
{"@timestamp":"2026-03-11T12:38:22.749997-03:00","@version":"1","message":"Tenant context empty. Using default schema: public","logger_name":"com.leadflow.backend.multitenancy.identifier.CurrentTenantIdentifierResolverImpl","thread_name":"main","level":"DEBUG","level_value":10000}
{"@timestamp":"2026-03-11T12:38:22.7505462-03:00","@version":"1","message":"Tenant context empty. Using default schema: public","logger_name":"com.leadflow.backend.multitenancy.identifier.CurrentTenantIdentifierResolverImpl","thread_name":"main","level":"DEBUG","level_value":10000}
{"@timestamp":"2026-03-11T12:38:22.7661068-03:00","@version":"1","message":"Tenant context empty. Using default schema: public","logger_name":"com.leadflow.backend.multitenancy.identifier.CurrentTenantIdentifierResolverImpl","thread_name":"main","level":"DEBUG","level_value":10000}
{"@timestamp":"2026-03-11T12:38:22.7661068-03:00","@version":"1","message":"Tenant context empty. Using default schema: public","logger_name":"com.leadflow.backend.multitenancy.identifier.CurrentTenantIdentifierResolverImpl","thread_name":"main","level":"DEBUG","level_value":10000}
{"@timestamp":"2026-03-11T12:38:22.7661068-03:00","@version":"1","message":"Tenant context empty. Using default schema: public","logger_name":"com.leadflow.backend.multitenancy.identifier.CurrentTenantIdentifierResolverImpl","thread_name":"main","level":"DEBUG","level_value":10000}
{"@timestamp":"2026-03-11T12:38:22.7707289-03:00","@version":"1","message":"Tenant context empty. Using default schema: public","logger_name":"com.leadflow.backend.multitenancy.identifier.CurrentTenantIdentifierResolverImpl","thread_name":"main","level":"DEBUG","level_value":10000}
{"@timestamp":"2026-03-11T12:38:22.7975081-03:00","@version":"1","message":"JWT secret successfully loaded","logger_name":"com.leadflow.backend.security.jwt.JwtService","thread_name":"main","level":"DEBUG","level_value":10000}
{"@timestamp":"2026-03-11T12:38:22.7975081-03:00","@version":"1","message":"JWT Expiration time: 3600000 ms","logger_name":"com.leadflow.backend.security.jwt.JwtService","thread_name":"main","level":"DEBUG","level_value":10000}
{"@timestamp":"2026-03-11T12:38:22.7975081-03:00","@version":"1","message":"JWT Issuer: leadflow","logger_name":"com.leadflow.backend.security.jwt.JwtService","thread_name":"main","level":"DEBUG","level_value":10000}
{"@timestamp":"2026-03-11T12:38:22.8072783-03:00","@version":"1","message":"Tenant context empty. Using default schema: public","logger_name":"com.leadflow.backend.multitenancy.identifier.CurrentTenantIdentifierResolverImpl","thread_name":"main","level":"DEBUG","level_value":10000}
{"@timestamp":"2026-03-11T12:38:22.8078017-03:00","@version":"1","message":"Tenant context empty. Using default schema: public","logger_name":"com.leadflow.backend.multitenancy.identifier.CurrentTenantIdentifierResolverImpl","thread_name":"main","level":"DEBUG","level_value":10000}
{"@timestamp":"2026-03-11T12:38:22.8083214-03:00","@version":"1","message":"Tenant context empty. Using default schema: public","logger_name":"com.leadflow.backend.multitenancy.identifier.CurrentTenantIdentifierResolverImpl","thread_name":"main","level":"DEBUG","level_value":10000}
{"@timestamp":"2026-03-11T12:38:22.8088463-03:00","@version":"1","message":"Tenant context empty. Using default schema: public","logger_name":"com.leadflow.backend.multitenancy.identifier.CurrentTenantIdentifierResolverImpl","thread_name":"main","level":"DEBUG","level_value":10000}
{"@timestamp":"2026-03-11T12:38:22.8088463-03:00","@version":"1","message":"Tenant context empty. Using default schema: public","logger_name":"com.leadflow.backend.multitenancy.identifier.CurrentTenantIdentifierResolverImpl","thread_name":"main","level":"DEBUG","level_value":10000}
{"@timestamp":"2026-03-11T12:38:22.8224096-03:00","@version":"1","message":"Tenant context empty. Using default schema: public","logger_name":"com.leadflow.backend.multitenancy.identifier.CurrentTenantIdentifierResolverImpl","thread_name":"main","level":"DEBUG","level_value":10000}
{"@timestamp":"2026-03-11T12:38:22.8224096-03:00","@version":"1","message":"Tenant context empty. Using default schema: public","logger_name":"com.leadflow.backend.multitenancy.identifier.CurrentTenantIdentifierResolverImpl","thread_name":"main","level":"DEBUG","level_value":10000}
{"@timestamp":"2026-03-11T12:38:22.8224096-03:00","@version":"1","message":"Tenant context empty. Using default schema: public","logger_name":"com.leadflow.backend.multitenancy.identifier.CurrentTenantIdentifierResolverImpl","thread_name":"main","level":"DEBUG","level_value":10000}
{"@timestamp":"2026-03-11T12:38:22.8224096-03:00","@version":"1","message":"Tenant context empty. Using default schema: public","logger_name":"com.leadflow.backend.multitenancy.identifier.CurrentTenantIdentifierResolverImpl","thread_name":"main","level":"DEBUG","level_value":10000}
{"@timestamp":"2026-03-11T12:38:22.8224096-03:00","@version":"1","message":"Tenant context empty. Using default schema: public","logger_name":"com.leadflow.backend.multitenancy.identifier.CurrentTenantIdentifierResolverImpl","thread_name":"main","level":"DEBUG","level_value":10000}
{"@timestamp":"2026-03-11T12:38:22.8224096-03:00","@version":"1","message":"Tenant context empty. Using default schema: public","logger_name":"com.leadflow.backend.multitenancy.identifier.CurrentTenantIdentifierResolverImpl","thread_name":"main","level":"DEBUG","level_value":10000}
{"@timestamp":"2026-03-11T12:38:22.8224096-03:00","@version":"1","message":"Tenant context empty. Using default schema: public","logger_name":"com.leadflow.backend.multitenancy.identifier.CurrentTenantIdentifierResolverImpl","thread_name":"main","level":"DEBUG","level_value":10000}
{"@timestamp":"2026-03-11T12:38:22.8284232-03:00","@version":"1","message":"Tenant context empty. Using default schema: public","logger_name":"com.leadflow.backend.multitenancy.identifier.CurrentTenantIdentifierResolverImpl","thread_name":"main","level":"DEBUG","level_value":10000}
{"@timestamp":"2026-03-11T12:38:22.8290231-03:00","@version":"1","message":"Tenant context empty. Using default schema: public","logger_name":"com.leadflow.backend.multitenancy.identifier.CurrentTenantIdentifierResolverImpl","thread_name":"main","level":"DEBUG","level_value":10000}
{"@timestamp":"2026-03-11T12:38:22.8290231-03:00","@version":"1","message":"Tenant context empty. Using default schema: public","logger_name":"com.leadflow.backend.multitenancy.identifier.CurrentTenantIdentifierResolverImpl","thread_name":"main","level":"DEBUG","level_value":10000}
{"@timestamp":"2026-03-11T12:38:22.8421975-03:00","@version":"1","message":"Tenant context empty. Using default schema: public","logger_name":"com.leadflow.backend.multitenancy.identifier.CurrentTenantIdentifierResolverImpl","thread_name":"main","level":"DEBUG","level_value":10000}
{"@timestamp":"2026-03-11T12:38:22.8432098-03:00","@version":"1","message":"Tenant context empty. Using default schema: public","logger_name":"com.leadflow.backend.multitenancy.identifier.CurrentTenantIdentifierResolverImpl","thread_name":"main","level":"DEBUG","level_value":10000}
{"@timestamp":"2026-03-11T12:38:22.864161-03:00","@version":"1","message":"Tenant context empty. Using default schema: public","logger_name":"com.leadflow.backend.multitenancy.identifier.CurrentTenantIdentifierResolverImpl","thread_name":"main","level":"DEBUG","level_value":10000}
{"@timestamp":"2026-03-11T12:38:22.864161-03:00","@version":"1","message":"Tenant context empty. Using default schema: public","logger_name":"com.leadflow.backend.multitenancy.identifier.CurrentTenantIdentifierResolverImpl","thread_name":"main","level":"DEBUG","level_value":10000}
{"@timestamp":"2026-03-11T12:38:22.864161-03:00","@version":"1","message":"Tenant context empty. Using default schema: public","logger_name":"com.leadflow.backend.multitenancy.identifier.CurrentTenantIdentifierResolverImpl","thread_name":"main","level":"DEBUG","level_value":10000}
{"@timestamp":"2026-03-11T12:38:22.872919-03:00","@version":"1","message":"Tenant context empty. Using default schema: public","logger_name":"com.leadflow.backend.multitenancy.identifier.CurrentTenantIdentifierResolverImpl","thread_name":"main","level":"DEBUG","level_value":10000}
{"@timestamp":"2026-03-11T12:38:22.872919-03:00","@version":"1","message":"Tenant context empty. Using default schema: public","logger_name":"com.leadflow.backend.multitenancy.identifier.CurrentTenantIdentifierResolverImpl","thread_name":"main","level":"DEBUG","level_value":10000}
{"@timestamp":"2026-03-11T12:38:22.872919-03:00","@version":"1","message":"Tenant context empty. Using default schema: public","logger_name":"com.leadflow.backend.multitenancy.identifier.CurrentTenantIdentifierResolverImpl","thread_name":"main","level":"DEBUG","level_value":10000}
{"@timestamp":"2026-03-11T12:38:22.8920814-03:00","@version":"1","message":"Tenant context empty. Using default schema: public","logger_name":"com.leadflow.backend.multitenancy.identifier.CurrentTenantIdentifierResolverImpl","thread_name":"main","level":"DEBUG","level_value":10000}
{"@timestamp":"2026-03-11T12:38:22.8926922-03:00","@version":"1","message":"Tenant context empty. Using default schema: public","logger_name":"com.leadflow.backend.multitenancy.identifier.CurrentTenantIdentifierResolverImpl","thread_name":"main","level":"DEBUG","level_value":10000}
{"@timestamp":"2026-03-11T12:38:22.8926922-03:00","@version":"1","message":"Tenant context empty. Using default schema: public","logger_name":"com.leadflow.backend.multitenancy.identifier.CurrentTenantIdentifierResolverImpl","thread_name":"main","level":"DEBUG","level_value":10000}
{"@timestamp":"2026-03-11T12:38:22.8926922-03:00","@version":"1","message":"Tenant context empty. Using default schema: public","logger_name":"com.leadflow.backend.multitenancy.identifier.CurrentTenantIdentifierResolverImpl","thread_name":"main","level":"DEBUG","level_value":10000}
[...]
{"@timestamp":"2026-03-11T12:38:24.7610987-03:00","@version":"1","message":"Connection switched to schema: public","logger_name":"com.leadflow.backend.multitenancy.provider.MultiTenantConnectionProviderImpl","thread_name":"main","level":"DEBUG","level_value":10000}
{"@timestamp":"2026-03-11T12:38:24.7610987-03:00","@version":"1","message":"binding parameter (1:VARCHAR) <- [ROLE_USER]","logger_name":"org.hibernate.orm.jdbc.bind","thread_name":"main","level":"TRACE","level_value":5000}
{"@timestamp":"2026-03-11T12:38:24.7631896-03:00","@version":"1","message":"Connection schema reset to public","logger_name":"com.leadflow.backend.multitenancy.provider.MultiTenantConnectionProviderImpl","thread_name":"main","level":"DEBUG","level_value":10000}
{"@timestamp":"2026-03-11T12:38:24.7637217-03:00","@version":"1","message":"Resolved tenant identifier: public","logger_name":"com.leadflow.backend.multitenancy.identifier.CurrentTenantIdentifierResolverImpl","thread_name":"main","level":"DEBUG","level_value":10000}
{"@timestamp":"2026-03-11T12:38:24.7637217-03:00","@version":"1","message":"Clearing tenant context: public","logger_name":"com.leadflow.backend.multitenancy.context.TenantContext","thread_name":"main","level":"DEBUG","level_value":10000}
>>> Created schema: tenanta06e013bd92cd49d0b124297ad2078240
{"@timestamp":"2026-03-11T12:38:24.7659857-03:00","@version":"1","message":"Tenant context empty. Using default schema: public","logger_name":"com.leadflow.backend.multitenancy.identifier.CurrentTenantIdentifierResolverImpl","thread_name":"main","level":"DEBUG","level_value":10000}
{"@timestamp":"2026-03-11T12:38:24.7665015-03:00","@version":"1","message":"Connection switched to schema: public","logger_name":"com.leadflow.backend.multitenancy.provider.MultiTenantConnectionProviderImpl","thread_name":"main","level":"DEBUG","level_value":10000}
>>> Set search_path to: tenanta06e013bd92cd49d0b124297ad2078240
>>> Created roles table in: tenanta06e013bd92cd49d0b124297ad2078240
>>> Created users table in: tenanta06e013bd92cd49d0b124297ad2078240
>>> Created leads table in: tenanta06e013bd92cd49d0b124297ad2078240
{"@timestamp":"2026-03-11T12:38:24.7818793-03:00","@version":"1","message":"Connection schema reset to public","logger_name":"com.leadflow.backend.multitenancy.provider.MultiTenantConnectionProviderImpl","thread_name":"main","level":"DEBUG","level_value":10000}
>>> Tables in schema tenanta06e013bd92cd49d0b124297ad2078240: [roles, users, leads]
>>> ALL roles/users/leads tables in DB: [{table_schema=tenanta4b5bb243a4f449059376d32b45aad072, table_name=users}, {table_schema=tenanta4b5bb243a4f449059376d32b45aad072, table_name=roles}, {table_schema=public, table_name=roles}, {table_schema=tenanta4b5bb243a4f449059376d32b45aad072, table_name=leads}, {table_schema=tenantbe70973728a044481a7dcbc2077ac784a, table_name=roles}, {table_schema=tenantbe70973728a044481a7dcbc2077ac784a, table_name=users}, {table_schema=tenantbe70973728a044481a7dcbc2077ac784a, table_name=leads}, {table_schema=tenanta06e013bd92cd49d0b124297ad2078240, table_name=roles}, {table_schema=tenanta06e013bd92cd49d0b124297ad2078240, table_name=users}, {table_schema=tenanta06e013bd92cd49d0b124297ad2078240, table_name=leads}]
>>> Created schema: tenantb63084cbbb64449b0bedc3e718fefe8c2
{"@timestamp":"2026-03-11T12:38:24.7897696-03:00","@version":"1","message":"Tenant context empty. Using default schema: public","logger_name":"com.leadflow.backend.multitenancy.identifier.CurrentTenantIdentifierResolverImpl","thread_name":"main","level":"DEBUG","level_value":10000}
{"@timestamp":"2026-03-11T12:38:24.7908232-03:00","@version":"1","message":"Connection switched to schema: public","logger_name":"com.leadflow.backend.multitenancy.provider.MultiTenantConnectionProviderImpl","thread_name":"main","level":"DEBUG","level_value":10000}
>>> Set search_path to: tenantb63084cbbb64449b0bedc3e718fefe8c2
>>> Created roles table in: tenantb63084cbbb64449b0bedc3e718fefe8c2
>>> Created users table in: tenantb63084cbbb64449b0bedc3e718fefe8c2
>>> Created leads table in: tenantb63084cbbb64449b0bedc3e718fefe8c2
{"@timestamp":"2026-03-11T12:38:24.8029716-03:00","@version":"1","message":"Connection schema reset to public","logger_name":"com.leadflow.backend.multitenancy.provider.MultiTenantConnectionProviderImpl","thread_name":"main","level":"DEBUG","level_value":10000}
>>> Tables in schema tenantb63084cbbb64449b0bedc3e718fefe8c2: [roles, users, leads]
>>> ALL roles/users/leads tables in DB: [{table_schema=tenanta4b5bb243a4f449059376d32b45aad072, table_name=users}, {table_schema=tenanta4b5bb243a4f449059376d32b45aad072, table_name=roles}, {table_schema=public, table_name=roles}, {table_schema=tenanta4b5bb243a4f449059376d32b45aad072, table_name=leads}, {table_schema=tenantbe70973728a044481a7dcbc2077ac784a, table_name=roles}, {table_schema=tenantbe70973728a044481a7dcbc2077ac784a, table_name=users}, {table_schema=tenantbe70973728a044481a7dcbc2077ac784a, table_name=leads}, {table_schema=tenanta06e013bd92cd49d0b124297ad2078240, table_name=roles}, {table_schema=tenanta06e013bd92cd49d0b124297ad2078240, table_name=users}, {table_schema=tenanta06e013bd92cd49d0b124297ad2078240, table_name=leads}, {table_schema=tenantb63084cbbb64449b0bedc3e718fefe8c2, table_name=roles}, {table_schema=tenantb63084cbbb64449b0bedc3e718fefe8c2, table_name=users}, {table_schema=tenantb63084cbbb64449b0bedc3e718fefe8c2, table_name=leads}]
{"@timestamp":"2026-03-11T12:38:24.812913-03:00","@version":"1","message":"Tenant context empty. Using default schema: public","logger_name":"com.leadflow.backend.multitenancy.identifier.CurrentTenantIdentifierResolverImpl","thread_name":"main","level":"DEBUG","level_value":10000}
{"@timestamp":"2026-03-11T12:38:24.8134256-03:00","@version":"1","message":"Tenant context set: public","logger_name":"com.leadflow.backend.multitenancy.context.TenantContext","thread_name":"main","level":"DEBUG","level_value":10000}
{"@timestamp":"2026-03-11T12:38:24.8134256-03:00","@version":"1","message":"Resolved tenant identifier: public","logger_name":"com.leadflow.backend.multitenancy.identifier.CurrentTenantIdentifierResolverImpl","thread_name":"main","level":"DEBUG","level_value":10000}
{"@timestamp":"2026-03-11T12:38:24.8144724-03:00","@version":"1","message":"\r\n    select\r\n        r1_0.id,\r\n        r1_0.created_at,\r\n        r1_0.name,\r\n        r1_0.updated_at \r\n    from\r\n        roles r1_0 \r\n    where\r\n        upper(r1_0.name)=upper(?)","logger_name":"org.hibernate.SQL","thread_name":"main","level":"DEBUG","level_value":10000}
{"@timestamp":"2026-03-11T12:38:24.8155165-03:00","@version":"1","message":"Connection switched to schema: public","logger_name":"com.leadflow.backend.multitenancy.provider.MultiTenantConnectionProviderImpl","thread_name":"main","level":"DEBUG","level_value":10000}
{"@timestamp":"2026-03-11T12:38:24.8155165-03:00","@version":"1","message":"binding parameter (1:VARCHAR) <- [ROLE_USER]","logger_name":"org.hibernate.orm.jdbc.bind","thread_name":"main","level":"TRACE","level_value":5000}
{"@timestamp":"2026-03-11T12:38:24.8170772-03:00","@version":"1","message":"Connection schema reset to public","logger_name":"com.leadflow.backend.multitenancy.provider.MultiTenantConnectionProviderImpl","thread_name":"main","level":"DEBUG","level_value":10000}
{"@timestamp":"2026-03-11T12:38:24.8175972-03:00","@version":"1","message":"Resolved tenant identifier: public","logger_name":"com.leadflow.backend.multitenancy.identifier.CurrentTenantIdentifierResolverImpl","thread_name":"main","level":"DEBUG","level_value":10000}
{"@timestamp":"2026-03-11T12:38:24.818111-03:00","@version":"1","message":"Clearing tenant context: public","logger_name":"com.leadflow.backend.multitenancy.context.TenantContext","thread_name":"main","level":"DEBUG","level_value":10000}
{"@timestamp":"2026-03-11T12:38:24.818111-03:00","@version":"1","message":"Tenant context empty. Using default schema: public","logger_name":"com.leadflow.backend.multitenancy.identifier.CurrentTenantIdentifierResolverImpl","thread_name":"main","level":"DEBUG","level_value":10000}
{"@timestamp":"2026-03-11T12:38:24.818111-03:00","@version":"1","message":"Tenant context set: tenanta06e013bd92cd49d0b124297ad2078240","logger_name":"com.leadflow.backend.multitenancy.context.TenantContext","thread_name":"main","level":"DEBUG","level_value":10000}
{"@timestamp":"2026-03-11T12:38:24.818111-03:00","@version":"1","message":"Resolved tenant identifier: tenanta06e013bd92cd49d0b124297ad2078240","logger_name":"com.leadflow.backend.multitenancy.identifier.CurrentTenantIdentifierResolverImpl","thread_name":"main","level":"DEBUG","level_value":10000}
{"@timestamp":"2026-03-11T12:38:24.8186257-03:00","@version":"1","message":"Connection switched to schema: tenanta06e013bd92cd49d0b124297ad2078240","logger_name":"com.leadflow.backend.multitenancy.provider.MultiTenantConnectionProviderImpl","thread_name":"main","level":"DEBUG","level_value":10000}
{"@timestamp":"2026-03-11T12:38:24.8207253-03:00","@version":"1","message":"Connection schema reset to public","logger_name":"com.leadflow.backend.multitenancy.provider.MultiTenantConnectionProviderImpl","thread_name":"main","level":"DEBUG","level_value":10000}
{"@timestamp":"2026-03-11T12:38:24.8217769-03:00","@version":"1","message":"Resolved tenant identifier: tenanta06e013bd92cd49d0b124297ad2078240","logger_name":"com.leadflow.backend.multitenancy.identifier.CurrentTenantIdentifierResolverImpl","thread_name":"main","level":"DEBUG","level_value":10000}
{"@timestamp":"2026-03-11T12:38:24.8223044-03:00","@version":"1","message":"\r\n    insert \r\n    into\r\n        users\r\n        (created_at, credentials_updated_at, deleted_at, email, failed_attempts, lock_until, name, password, role_id, updated_at, id) \r\n    values\r\n        (?, ?, ?, ?, ?, ?, ?, ?, ?, ?, ?)","logger_name":"org.hibernate.SQL","thread_name":"main","level":"DEBUG","level_value":10000}
{"@timestamp":"2026-03-11T12:38:24.8233504-03:00","@version":"1","message":"Connection switched to schema: tenanta06e013bd92cd49d0b124297ad2078240","logger_name":"com.leadflow.backend.multitenancy.provider.MultiTenantConnectionProviderImpl","thread_name":"main","level":"DEBUG","level_value":10000}
{"@timestamp":"2026-03-11T12:38:24.8233504-03:00","@version":"1","message":"binding parameter (1:TIMESTAMP) <- [2026-03-11T12:38:24.822304]","logger_name":"org.hibernate.orm.jdbc.bind","thread_name":"main","level":"TRACE","level_value":5000}
{"@timestamp":"2026-03-11T12:38:24.8233504-03:00","@version":"1","message":"binding parameter (2:TIMESTAMP) <- [2026-03-11T12:38:24.821776900]","logger_name":"org.hibernate.orm.jdbc.bind","thread_name":"main","level":"TRACE","level_value":5000}
{"@timestamp":"2026-03-11T12:38:24.8233504-03:00","@version":"1","message":"binding parameter (3:TIMESTAMP) <- [null]","logger_name":"org.hibernate.orm.jdbc.bind","thread_name":"main","level":"TRACE","level_value":5000}
{"@timestamp":"2026-03-11T12:38:24.8233504-03:00","@version":"1","message":"binding parameter (4:VARCHAR) <- [b_8b135de7-fe23-4126-a431-b19f1988fe69@mail.com]","logger_name":"org.hibernate.orm.jdbc.bind","thread_name":"main","level":"TRACE","level_value":5000}
{"@timestamp":"2026-03-11T12:38:24.8233504-03:00","@version":"1","message":"binding parameter (5:INTEGER) <- [0]","logger_name":"org.hibernate.orm.jdbc.bind","thread_name":"main","level":"TRACE","level_value":5000}
{"@timestamp":"2026-03-11T12:38:24.8233504-03:00","@version":"1","message":"binding parameter (6:TIMESTAMP) <- [null]","logger_name":"org.hibernate.orm.jdbc.bind","thread_name":"main","level":"TRACE","level_value":5000}
{"@timestamp":"2026-03-11T12:38:24.8233504-03:00","@version":"1","message":"binding parameter (7:VARCHAR) <- [User B]","logger_name":"org.hibernate.orm.jdbc.bind","thread_name":"main","level":"TRACE","level_value":5000}
{"@timestamp":"2026-03-11T12:38:24.8233504-03:00","@version":"1","message":"binding parameter (8:VARCHAR) <- [pass12345]","logger_name":"org.hibernate.orm.jdbc.bind","thread_name":"main","level":"TRACE","level_value":5000}
{"@timestamp":"2026-03-11T12:38:24.8233504-03:00","@version":"1","message":"binding parameter (9:UUID) <- [43b7163e-a2c2-42e1-87a3-aad619fe9594]","logger_name":"org.hibernate.orm.jdbc.bind","thread_name":"main","level":"TRACE","level_value":5000}
{"@timestamp":"2026-03-11T12:38:24.8233504-03:00","@version":"1","message":"binding parameter (10:TIMESTAMP) <- [2026-03-11T12:38:24.822304]","logger_name":"org.hibernate.orm.jdbc.bind","thread_name":"main","level":"TRACE","level_value":5000}
{"@timestamp":"2026-03-11T12:38:24.8238861-03:00","@version":"1","message":"binding parameter (11:UUID) <- [6f26bac0-0b47-4740-b87f-38f645ba796e]","logger_name":"org.hibernate.orm.jdbc.bind","thread_name":"main","level":"TRACE","level_value":5000}
{"@timestamp":"2026-03-11T12:38:24.8254486-03:00","@version":"1","message":"\r\n    insert \r\n    into\r\n        leads\r\n        (created_at, deleted_at, email, name, phone, status, updated_at, user_id, id) \r\n    values\r\n        (?, ?, ?, ?, ?, ?, ?, ?, ?)","logger_name":"org.hibernate.SQL","thread_name":"main","level":"DEBUG","level_value":10000}
{"@timestamp":"2026-03-11T12:38:24.8254486-03:00","@version":"1","message":"binding parameter (1:TIMESTAMP) <- [2026-03-11T12:38:24.825448]","logger_name":"org.hibernate.orm.jdbc.bind","thread_name":"main","level":"TRACE","level_value":5000}
{"@timestamp":"2026-03-11T12:38:24.8260701-03:00","@version":"1","message":"binding parameter (2:TIMESTAMP) <- [null]","logger_name":"org.hibernate.orm.jdbc.bind","thread_name":"main","level":"TRACE","level_value":5000}
{"@timestamp":"2026-03-11T12:38:24.8260701-03:00","@version":"1","message":"binding parameter (3:VARCHAR) <- [lead_b_f819a229-9ef8-4325-83f6-bbe521cac584@mail.com]","logger_name":"org.hibernate.orm.jdbc.bind","thread_name":"main","level":"TRACE","level_value":5000}
{"@timestamp":"2026-03-11T12:38:24.8260701-03:00","@version":"1","message":"binding parameter (4:VARCHAR) <- [Lead B]","logger_name":"org.hibernate.orm.jdbc.bind","thread_name":"main","level":"TRACE","level_value":5000}
{"@timestamp":"2026-03-11T12:38:24.8260701-03:00","@version":"1","message":"binding parameter (5:VARCHAR) <- [111]","logger_name":"org.hibernate.orm.jdbc.bind","thread_name":"main","level":"TRACE","level_value":5000}
{"@timestamp":"2026-03-11T12:38:24.8260701-03:00","@version":"1","message":"binding parameter (6:VARCHAR) <- [NEW]","logger_name":"org.hibernate.orm.jdbc.bind","thread_name":"main","level":"TRACE","level_value":5000}
{"@timestamp":"2026-03-11T12:38:24.8260701-03:00","@version":"1","message":"binding parameter (7:TIMESTAMP) <- [2026-03-11T12:38:24.825448]","logger_name":"org.hibernate.orm.jdbc.bind","thread_name":"main","level":"TRACE","level_value":5000}
{"@timestamp":"2026-03-11T12:38:24.8260701-03:00","@version":"1","message":"binding parameter (8:UUID) <- [6f26bac0-0b47-4740-b87f-38f645ba796e]","logger_name":"org.hibernate.orm.jdbc.bind","thread_name":"main","level":"TRACE","level_value":5000}
{"@timestamp":"2026-03-11T12:38:24.8260701-03:00","@version":"1","message":"binding parameter (9:UUID) <- [64bb1927-8bd6-4b4a-a0d6-65678a543150]","logger_name":"org.hibernate.orm.jdbc.bind","thread_name":"main","level":"TRACE","level_value":5000}
{"@timestamp":"2026-03-11T12:38:24.8290052-03:00","@version":"1","message":"Connection schema reset to public","logger_name":"com.leadflow.backend.multitenancy.provider.MultiTenantConnectionProviderImpl","thread_name":"main","level":"DEBUG","level_value":10000}
{"@timestamp":"2026-03-11T12:38:24.8295347-03:00","@version":"1","message":"Resolved tenant identifier: tenanta06e013bd92cd49d0b124297ad2078240","logger_name":"com.leadflow.backend.multitenancy.identifier.CurrentTenantIdentifierResolverImpl","thread_name":"main","level":"DEBUG","level_value":10000}
{"@timestamp":"2026-03-11T12:38:24.8300701-03:00","@version":"1","message":"Clearing tenant context: tenanta06e013bd92cd49d0b124297ad2078240","logger_name":"com.leadflow.backend.multitenancy.context.TenantContext","thread_name":"main","level":"DEBUG","level_value":10000}
{"@timestamp":"2026-03-11T12:38:24.8300701-03:00","@version":"1","message":"Tenant context empty. Using default schema: public","logger_name":"com.leadflow.backend.multitenancy.identifier.CurrentTenantIdentifierResolverImpl","thread_name":"main","level":"DEBUG","level_value":10000}
{"@timestamp":"2026-03-11T12:38:24.8300701-03:00","@version":"1","message":"Tenant context set: tenantb63084cbbb64449b0bedc3e718fefe8c2","logger_name":"com.leadflow.backend.multitenancy.context.TenantContext","thread_name":"main","level":"DEBUG","level_value":10000}
{"@timestamp":"2026-03-11T12:38:24.8300701-03:00","@version":"1","message":"Resolved tenant identifier: tenantb63084cbbb64449b0bedc3e718fefe8c2","logger_name":"com.leadflow.backend.multitenancy.identifier.CurrentTenantIdentifierResolverImpl","thread_name":"main","level":"DEBUG","level_value":10000}
{"@timestamp":"2026-03-11T12:38:24.8305977-03:00","@version":"1","message":"Connection switched to schema: tenantb63084cbbb64449b0bedc3e718fefe8c2","logger_name":"com.leadflow.backend.multitenancy.provider.MultiTenantConnectionProviderImpl","thread_name":"main","level":"DEBUG","level_value":10000}
{"@timestamp":"2026-03-11T12:38:24.8327335-03:00","@version":"1","message":"Connection schema reset to public","logger_name":"com.leadflow.backend.multitenancy.provider.MultiTenantConnectionProviderImpl","thread_name":"main","level":"DEBUG","level_value":10000}
{"@timestamp":"2026-03-11T12:38:24.8337926-03:00","@version":"1","message":"Resolved tenant identifier: tenantb63084cbbb64449b0bedc3e718fefe8c2","logger_name":"com.leadflow.backend.multitenancy.identifier.CurrentTenantIdentifierResolverImpl","thread_name":"main","level":"DEBUG","level_value":10000}
{"@timestamp":"2026-03-11T12:38:24.8343085-03:00","@version":"1","message":"Connection switched to schema: tenantb63084cbbb64449b0bedc3e718fefe8c2","logger_name":"com.leadflow.backend.multitenancy.provider.MultiTenantConnectionProviderImpl","thread_name":"main","level":"DEBUG","level_value":10000}
{"@timestamp":"2026-03-11T12:38:24.835892-03:00","@version":"1","message":"\r\n    select\r\n        l1_0.id,\r\n        l1_0.created_at,\r\n        l1_0.deleted_at,\r\n        l1_0.email,\r\n        l1_0.name,\r\n        l1_0.phone,\r\n        l1_0.status,\r\n        l1_0.updated_at,\r\n        l1_0.user_id \r\n    from\r\n        leads l1_0 \r\n    where\r\n        l1_0.id=?","logger_name":"org.hibernate.SQL","thread_name":"main","level":"DEBUG","level_value":10000}
{"@timestamp":"2026-03-11T12:38:24.835892-03:00","@version":"1","message":"binding parameter (1:UUID) <- [64bb1927-8bd6-4b4a-a0d6-65678a543150]","logger_name":"org.hibernate.orm.jdbc.bind","thread_name":"main","level":"TRACE","level_value":5000}
{"@timestamp":"2026-03-11T12:38:24.8390607-03:00","@version":"1","message":"Connection schema reset to public","logger_name":"com.leadflow.backend.multitenancy.provider.MultiTenantConnectionProviderImpl","thread_name":"main","level":"DEBUG","level_value":10000}
{"@timestamp":"2026-03-11T12:38:24.8412622-03:00","@version":"1","message":"Clearing tenant context: tenantb63084cbbb64449b0bedc3e718fefe8c2","logger_name":"com.leadflow.backend.multitenancy.context.TenantContext","thread_name":"main","level":"DEBUG","level_value":10000}
{"@timestamp":"2026-03-11T12:38:24.8412622-03:00","@version":"1","message":"Tenant context empty. Using default schema: public","logger_name":"com.leadflow.backend.multitenancy.identifier.CurrentTenantIdentifierResolverImpl","thread_name":"main","level":"DEBUG","level_value":10000}
]]></system-out>
  </testcase>
</testsuite>