<?xml version="1.0" encoding="UTF-8"?>
<testsuite xmlns:xsi="http://www.w3.org/2001/XMLSchema-instance" xsi:noNamespaceSchemaLocation="https://maven.apache.org/surefire/maven-surefire-plugin/xsd/surefire-test-report-3.0.xsd" version="3.0" name="com.leadflow.backend.integration.VendorLeadIntegrationTest" time="5.392" tests="1" errors="0" skipped="0" failures="0">
  <properties>
[...]
</properties>
  <testcase name="shouldPersistLeadAndStageHistory" classname="com.leadflow.backend.integration.VendorLeadIntegrationTest" time="0.121">
    <system-out><![CDATA[
  .   ____          _            __ _ _
 /\\ / ___'_ __ _ _(_)_ __  __ _ \ \ \ \
( ( )\___ | '_ | '_| | '_ \/ _` | \ \ \ \
 \\/  ___)| |_)| | | | | || (_| |  ) ) ) )
  '  |____| .__|_| |_|_| |_\__, | / / / /
 =========|_|==============|___/=/_/_/_/

 :: Spring Boot ::               (v3.5.11)

{"@timestamp":"2026-03-11T14:20:37.4717762-03:00","@version":"1","message":"Starting VendorLeadIntegrationTest using Java 17.0.16 with PID 12972 (started by Gabri in C:\\Users\\Gabri\\OneDrive\\Ã�rea de Trabalho\\leadflow-backend\\leadflow-backend)","logger_name":"com.leadflow.backend.integration.VendorLeadIntegrationTest","thread_name":"main","level":"INFO","level_value":20000}
{"@timestamp":"2026-03-11T14:20:37.4717762-03:00","@version":"1","message":"Running with Spring Boot v3.5.11, Spring v6.2.16","logger_name":"com.leadflow.backend.integration.VendorLeadIntegrationTest","thread_name":"main","level":"DEBUG","level_value":10000}
{"@timestamp":"2026-03-11T14:20:37.4717762-03:00","@version":"1","message":"The following 1 profile is active: \"test\"","logger_name":"com.leadflow.backend.integration.VendorLeadIntegrationTest","thread_name":"main","level":"INFO","level_value":20000}
{"@timestamp":"2026-03-11T14:20:38.5852187-03:00","@version":"1","message":"HHH90000025: PostgreSQLDialect does not need to be specified explicitly using 'hibernate.dialect' (remove the property setting and it will be selected by default)","logger_name":"org.hibernate.orm.deprecation","thread_name":"main","level":"WARN","level_value":30000}
{"@timestamp":"2026-03-11T14:20:38.8035296-03:00","@version":"1","message":"\r\n    set client_min_messages = WARNING","logger_name":"org.hibernate.SQL","thread_name":"main","level":"DEBUG","level_value":10000}
{"@timestamp":"2026-03-11T14:20:38.806162-03:00","@version":"1","message":"\r\n    alter table if exists public.subscriptions \r\n       drop constraint if exists FKb1uf5qnxi6uj95se8ykydntl1","logger_name":"org.hibernate.SQL","thread_name":"main","level":"DEBUG","level_value":10000}
{"@timestamp":"2026-03-11T14:20:38.808264-03:00","@version":"1","message":"\r\n    alter table if exists public.usage_limits \r\n       drop constraint if exists FKbg5wda5uc49nfxxoaoepjh6nf","logger_name":"org.hibernate.SQL","thread_name":"main","level":"DEBUG","level_value":10000}
{"@timestamp":"2026-03-11T14:20:38.809308-03:00","@version":"1","message":"\r\n    drop table if exists public.stripe_event_logs cascade","logger_name":"org.hibernate.SQL","thread_name":"main","level":"DEBUG","level_value":10000}
{"@timestamp":"2026-03-11T14:20:38.8113776-03:00","@version":"1","message":"\r\n    drop table if exists public.subscription_audits cascade","logger_name":"org.hibernate.SQL","thread_name":"main","level":"DEBUG","level_value":10000}
{"@timestamp":"2026-03-11T14:20:38.813458-03:00","@version":"1","message":"\r\n    drop table if exists public.subscriptions cascade","logger_name":"org.hibernate.SQL","thread_name":"main","level":"DEBUG","level_value":10000}
{"@timestamp":"2026-03-11T14:20:38.8145218-03:00","@version":"1","message":"\r\n    drop table if exists public.usage_limits cascade","logger_name":"org.hibernate.SQL","thread_name":"main","level":"DEBUG","level_value":10000}
{"@timestamp":"2026-03-11T14:20:38.8160727-03:00","@version":"1","message":"\r\n    alter table if exists lead_status_history \r\n       drop constraint if exists fk_lsh_user","logger_name":"org.hibernate.SQL","thread_name":"main","level":"DEBUG","level_value":10000}
{"@timestamp":"2026-03-11T14:20:38.8187185-03:00","@version":"1","message":"\r\n    alter table if exists lead_status_history \r\n       drop constraint if exists fk_lsh_lead","logger_name":"org.hibernate.SQL","thread_name":"main","level":"DEBUG","level_value":10000}
{"@timestamp":"2026-03-11T14:20:38.8202742-03:00","@version":"1","message":"\r\n    alter table if exists logs \r\n       drop constraint if exists fk_logs_user","logger_name":"org.hibernate.SQL","thread_name":"main","level":"DEBUG","level_value":10000}
{"@timestamp":"2026-03-11T14:20:38.8213658-03:00","@version":"1","message":"\r\n    alter table if exists password_reset_token \r\n       drop constraint if exists FK83nsrttkwkb6ym0anu051mtxn","logger_name":"org.hibernate.SQL","thread_name":"main","level":"DEBUG","level_value":10000}
{"@timestamp":"2026-03-11T14:20:38.8219669-03:00","@version":"1","message":"\r\n    alter table if exists refresh_tokens \r\n       drop constraint if exists fk_refresh_tokens_user","logger_name":"org.hibernate.SQL","thread_name":"main","level":"DEBUG","level_value":10000}
{"@timestamp":"2026-03-11T14:20:38.8224968-03:00","@version":"1","message":"\r\n    alter table if exists settings \r\n       drop constraint if exists fk_settings_user","logger_name":"org.hibernate.SQL","thread_name":"main","level":"DEBUG","level_value":10000}
{"@timestamp":"2026-03-11T14:20:38.8235502-03:00","@version":"1","message":"\r\n    alter table if exists users \r\n       drop constraint if exists fk_users_role","logger_name":"org.hibernate.SQL","thread_name":"main","level":"DEBUG","level_value":10000}
{"@timestamp":"2026-03-11T14:20:38.8246215-03:00","@version":"1","message":"\r\n    drop table if exists audit_logs cascade","logger_name":"org.hibernate.SQL","thread_name":"main","level":"DEBUG","level_value":10000}
{"@timestamp":"2026-03-11T14:20:38.8256689-03:00","@version":"1","message":"\r\n    drop table if exists email_events cascade","logger_name":"org.hibernate.SQL","thread_name":"main","level":"DEBUG","level_value":10000}
{"@timestamp":"2026-03-11T14:20:38.8268636-03:00","@version":"1","message":"\r\n    drop table if exists failed_webhook_events cascade","logger_name":"org.hibernate.SQL","thread_name":"main","level":"DEBUG","level_value":10000}
{"@timestamp":"2026-03-11T14:20:38.8284254-03:00","@version":"1","message":"\r\n    drop table if exists lead_status_history cascade","logger_name":"org.hibernate.SQL","thread_name":"main","level":"DEBUG","level_value":10000}
{"@timestamp":"2026-03-11T14:20:38.8294577-03:00","@version":"1","message":"\r\n    drop table if exists leads cascade","logger_name":"org.hibernate.SQL","thread_name":"main","level":"DEBUG","level_value":10000}
{"@timestamp":"2026-03-11T14:20:38.831028-03:00","@version":"1","message":"\r\n    drop table if exists login_audit cascade","logger_name":"org.hibernate.SQL","thread_name":"main","level":"DEBUG","level_value":10000}
{"@timestamp":"2026-03-11T14:20:38.8325905-03:00","@version":"1","message":"\r\n    drop table if exists logs cascade","logger_name":"org.hibernate.SQL","thread_name":"main","level":"DEBUG","level_value":10000}
{"@timestamp":"2026-03-11T14:20:38.8336369-03:00","@version":"1","message":"\r\n    drop table if exists password_reset_token cascade","logger_name":"org.hibernate.SQL","thread_name":"main","level":"DEBUG","level_value":10000}
{"@timestamp":"2026-03-11T14:20:38.8341621-03:00","@version":"1","message":"\r\n    drop table if exists payment_checkout_requests cascade","logger_name":"org.hibernate.SQL","thread_name":"main","level":"DEBUG","level_value":10000}
{"@timestamp":"2026-03-11T14:20:38.8357212-03:00","@version":"1","message":"\r\n    drop table if exists payment_events cascade","logger_name":"org.hibernate.SQL","thread_name":"main","level":"DEBUG","level_value":10000}
{"@timestamp":"2026-03-11T14:20:38.8383026-03:00","@version":"1","message":"\r\n    drop table if exists payments cascade","logger_name":"org.hibernate.SQL","thread_name":"main","level":"DEBUG","level_value":10000}
{"@timestamp":"2026-03-11T14:20:38.8403903-03:00","@version":"1","message":"\r\n    drop table if exists plans cascade","logger_name":"org.hibernate.SQL","thread_name":"main","level":"DEBUG","level_value":10000}
{"@timestamp":"2026-03-11T14:20:38.8424969-03:00","@version":"1","message":"\r\n    drop table if exists refresh_tokens cascade","logger_name":"org.hibernate.SQL","thread_name":"main","level":"DEBUG","level_value":10000}
{"@timestamp":"2026-03-11T14:20:38.8446143-03:00","@version":"1","message":"\r\n    drop table if exists roles cascade","logger_name":"org.hibernate.SQL","thread_name":"main","level":"DEBUG","level_value":10000}
{"@timestamp":"2026-03-11T14:20:38.8461948-03:00","@version":"1","message":"\r\n    drop table if exists security_audit_logs cascade","logger_name":"org.hibernate.SQL","thread_name":"main","level":"DEBUG","level_value":10000}
{"@timestamp":"2026-03-11T14:20:38.8469004-03:00","@version":"1","message":"\r\n    drop table if exists settings cascade","logger_name":"org.hibernate.SQL","thread_name":"main","level":"DEBUG","level_value":10000}
{"@timestamp":"2026-03-11T14:20:38.849189-03:00","@version":"1","message":"\r\n    drop table if exists subscription_history cascade","logger_name":"org.hibernate.SQL","thread_name":"main","level":"DEBUG","level_value":10000}
{"@timestamp":"2026-03-11T14:20:38.850254-03:00","@version":"1","message":"\r\n    drop table if exists system_audit_logs cascade","logger_name":"org.hibernate.SQL","thread_name":"main","level":"DEBUG","level_value":10000}
{"@timestamp":"2026-03-11T14:20:38.8513181-03:00","@version":"1","message":"\r\n    drop table if exists tenants cascade","logger_name":"org.hibernate.SQL","thread_name":"main","level":"DEBUG","level_value":10000}
{"@timestamp":"2026-03-11T14:20:38.8529859-03:00","@version":"1","message":"\r\n    drop table if exists user_sessions cascade","logger_name":"org.hibernate.SQL","thread_name":"main","level":"DEBUG","level_value":10000}
{"@timestamp":"2026-03-11T14:20:38.8545743-03:00","@version":"1","message":"\r\n    drop table if exists users cascade","logger_name":"org.hibernate.SQL","thread_name":"main","level":"DEBUG","level_value":10000}
{"@timestamp":"2026-03-11T14:20:38.856138-03:00","@version":"1","message":"\r\n    drop table if exists vendor_audit_logs cascade","logger_name":"org.hibernate.SQL","thread_name":"main","level":"DEBUG","level_value":10000}
{"@timestamp":"2026-03-11T14:20:38.8592782-03:00","@version":"1","message":"\r\n    drop table if exists vendor_features cascade","logger_name":"org.hibernate.SQL","thread_name":"main","level":"DEBUG","level_value":10000}
{"@timestamp":"2026-03-11T14:20:38.8624274-03:00","@version":"1","message":"\r\n    drop table if exists vendor_lead_alerts cascade","logger_name":"org.hibernate.SQL","thread_name":"main","level":"DEBUG","level_value":10000}
{"@timestamp":"2026-03-11T14:20:38.8639872-03:00","@version":"1","message":"\r\n    drop table if exists vendor_lead_conversations cascade","logger_name":"org.hibernate.SQL","thread_name":"main","level":"DEBUG","level_value":10000}
{"@timestamp":"2026-03-11T14:20:38.865009-03:00","@version":"1","message":"\r\n    drop table if exists vendor_lead_messages cascade","logger_name":"org.hibernate.SQL","thread_name":"main","level":"DEBUG","level_value":10000}
{"@timestamp":"2026-03-11T14:20:38.8665783-03:00","@version":"1","message":"\r\n    drop table if exists vendor_lead_stage_history cascade","logger_name":"org.hibernate.SQL","thread_name":"main","level":"DEBUG","level_value":10000}
{"@timestamp":"2026-03-11T14:20:38.8680275-03:00","@version":"1","message":"\r\n    drop table if exists vendor_leads cascade","logger_name":"org.hibernate.SQL","thread_name":"main","level":"DEBUG","level_value":10000}
{"@timestamp":"2026-03-11T14:20:38.8690513-03:00","@version":"1","message":"\r\n    drop table if exists vendor_risk_alerts cascade","logger_name":"org.hibernate.SQL","thread_name":"main","level":"DEBUG","level_value":10000}
{"@timestamp":"2026-03-11T14:20:38.8700843-03:00","@version":"1","message":"\r\n    drop table if exists vendor_usage cascade","logger_name":"org.hibernate.SQL","thread_name":"main","level":"DEBUG","level_value":10000}
{"@timestamp":"2026-03-11T14:20:38.8711242-03:00","@version":"1","message":"\r\n    drop table if exists vendors cascade","logger_name":"org.hibernate.SQL","thread_name":"main","level":"DEBUG","level_value":10000}
{"@timestamp":"2026-03-11T14:20:38.8727874-03:00","@version":"1","message":"\r\n    drop table if exists webhook_events cascade","logger_name":"org.hibernate.SQL","thread_name":"main","level":"DEBUG","level_value":10000}
{"@timestamp":"2026-03-11T14:20:38.8738383-03:00","@version":"1","message":"\r\n    create table public.stripe_event_logs (\r\n        max_retries integer not null,\r\n        retry_count integer not null,\r\n        created_at timestamp(6) not null,\r\n        id bigint generated by default as identity,\r\n        next_retry_at timestamp(6),\r\n        processed_at timestamp(6),\r\n        updated_at timestamp(6),\r\n        status varchar(50) not null check (status in ('PENDING','PROCESSING','SUCCESS','FAILED','RETRY_PENDING')),\r\n        event_id varchar(100) not null unique,\r\n        event_type varchar(100) not null,\r\n        last_error TEXT,\r\n        payload TEXT not null,\r\n        primary key (id)\r\n    )","logger_name":"org.hibernate.SQL","thread_name":"main","level":"DEBUG","level_value":10000}
{"@timestamp":"2026-03-11T14:20:38.8774679-03:00","@version":"1","message":"\r\n    create table public.subscription_audits (\r\n        created_at timestamp(6) not null,\r\n        id bigint generated by default as identity,\r\n        subscription_id bigint not null,\r\n        tenant_id uuid not null,\r\n        status_from varchar(50) not null check (status_from in ('ACTIVE','PAST_DUE','CANCELLED','INCOMPLETE')),\r\n        status_to varchar(50) not null check (status_to in ('ACTIVE','PAST_DUE','CANCELLED','INCOMPLETE')),\r\n        reason varchar(255),\r\n        stripe_event_id varchar(255),\r\n        stripe_subscription_id varchar(255),\r\n        primary key (id)\r\n    )","logger_name":"org.hibernate.SQL","thread_name":"main","level":"DEBUG","level_value":10000}
{"@timestamp":"2026-03-11T14:20:38.8800506-03:00","@version":"1","message":"\r\n    create table public.subscriptions (\r\n        cancelled_at timestamp(6),\r\n        created_at timestamp(6) not null,\r\n        expires_at timestamp(6) not null,\r\n        id bigint generated by default as identity,\r\n        last_payment_date timestamp(6),\r\n        plan_id bigint not null,\r\n        started_at timestamp(6) not null,\r\n        updated_at timestamp(6),\r\n        tenant_id uuid not null,\r\n        status varchar(50) not null check (status in ('ACTIVE','PAST_DUE','CANCELLED','INCOMPLETE')),\r\n        email varchar(255),\r\n        stripe_customer_id varchar(255) not null,\r\n        stripe_subscription_id varchar(255) unique,\r\n        primary key (id)\r\n    )","logger_name":"org.hibernate.SQL","thread_name":"main","level":"DEBUG","level_value":10000}
{"@timestamp":"2026-03-11T14:20:38.882181-03:00","@version":"1","message":"\r\n    create table public.usage_limits (\r\n        ai_executions_used integer not null,\r\n        leads_used integer not null,\r\n        users_used integer not null,\r\n        id bigint generated by default as identity,\r\n        plan_id bigint not null,\r\n        tenant_id uuid not null unique,\r\n        primary key (id)\r\n    )","logger_name":"org.hibernate.SQL","thread_name":"main","level":"DEBUG","level_value":10000}
{"@timestamp":"2026-03-11T14:20:38.8844651-03:00","@version":"1","message":"\r\n    create index idx_event_type \r\n       on public.stripe_event_logs (event_type)","logger_name":"org.hibernate.SQL","thread_name":"main","level":"DEBUG","level_value":10000}
{"@timestamp":"2026-03-11T14:20:38.8871351-03:00","@version":"1","message":"\r\n    create index idx_status \r\n       on public.stripe_event_logs (status)","logger_name":"org.hibernate.SQL","thread_name":"main","level":"DEBUG","level_value":10000}
{"@timestamp":"2026-03-11T14:20:38.8887118-03:00","@version":"1","message":"\r\n    create index idx_created_at \r\n       on public.stripe_event_logs (created_at)","logger_name":"org.hibernate.SQL","thread_name":"main","level":"DEBUG","level_value":10000}
{"@timestamp":"2026-03-11T14:20:38.8898071-03:00","@version":"1","message":"\r\n    create table audit_logs (\r\n        created_at timestamp(6) with time zone,\r\n        id uuid not null,\r\n        action varchar(255),\r\n        actor_email varchar(255),\r\n        details TEXT,\r\n        entity_id varchar(255),\r\n        entity_type varchar(255),\r\n        primary key (id)\r\n    )","logger_name":"org.hibernate.SQL","thread_name":"main","level":"DEBUG","level_value":10000}
{"@timestamp":"2026-03-11T14:20:38.8918892-03:00","@version":"1","message":"\r\n    create table email_events (\r\n        attempt_count integer not null,\r\n        max_attempts integer not null,\r\n        next_retry_at timestamp(6) with time zone,\r\n        occurred_at timestamp(6) with time zone not null,\r\n        processed_at timestamp(6) with time zone,\r\n        updated_at timestamp(6) with time zone not null,\r\n        id uuid not null,\r\n        email varchar(255) not null,\r\n        event_type varchar(255) not null,\r\n        html_content TEXT,\r\n        reason varchar(255),\r\n        status varchar(255) not null,\r\n        subject varchar(255),\r\n        primary key (id)\r\n    )","logger_name":"org.hibernate.SQL","thread_name":"main","level":"DEBUG","level_value":10000}
{"@timestamp":"2026-03-11T14:20:38.8929382-03:00","@version":"1","message":"\r\n    create table failed_webhook_events (\r\n        max_retries integer not null,\r\n        retry_count integer not null,\r\n        created_at timestamp(6) with time zone not null,\r\n        next_retry_at timestamp(6) with time zone not null,\r\n        original_received_at timestamp(6) with time zone not null,\r\n        succeeded_at timestamp(6) with time zone,\r\n        updated_at timestamp(6) with time zone not null,\r\n        event_data TEXT not null,\r\n        event_type varchar(255) not null,\r\n        failure_reason TEXT not null,\r\n        id varchar(255) not null,\r\n        status varchar(255) not null check (status in ('PENDING','IN_PROGRESS','SUCCEEDED','FAILED_PERMANENT')),\r\n        stripe_event_id varchar(255) not null unique,\r\n        tenant_id varchar(255),\r\n        primary key (id)\r\n    )","logger_name":"org.hibernate.SQL","thread_name":"main","level":"DEBUG","level_value":10000}
{"@timestamp":"2026-03-11T14:20:38.8963538-03:00","@version":"1","message":"\r\n    create table lead_status_history (\r\n        changed_at timestamp(6) not null,\r\n        changed_by uuid,\r\n        id uuid not null,\r\n        lead_id uuid not null,\r\n        status varchar(30) not null check (status in ('NEW','CONTACTED','QUALIFIED','CLOSED')),\r\n        primary key (id)\r\n    )","logger_name":"org.hibernate.SQL","thread_name":"main","level":"DEBUG","level_value":10000}
{"@timestamp":"2026-03-11T14:20:38.8980947-03:00","@version":"1","message":"\r\n    create table leads (\r\n        created_at timestamp(6) not null,\r\n        deleted_at timestamp(6),\r\n        updated_at timestamp(6) not null,\r\n        id uuid not null,\r\n        user_id uuid not null,\r\n        phone varchar(20),\r\n        status varchar(30) not null check (status in ('NEW','CONTACTED','QUALIFIED','CLOSED')),\r\n        email varchar(150) not null,\r\n        name varchar(150) not null,\r\n        primary key (id),\r\n        constraint uk_leads_email_user unique (email, user_id)\r\n    )","logger_name":"org.hibernate.SQL","thread_name":"main","level":"DEBUG","level_value":10000}
{"@timestamp":"2026-03-11T14:20:38.9002276-03:00","@version":"1","message":"\r\n    create table login_audit (\r\n        success boolean not null,\r\n        suspicious boolean not null,\r\n        created_at timestamp(6) with time zone not null,\r\n        id uuid not null,\r\n        tenant_id uuid not null,\r\n        user_id uuid,\r\n        ip_address varchar(45),\r\n        email varchar(320) not null,\r\n        user_agent varchar(512),\r\n        failure_reason varchar(255),\r\n        primary key (id)\r\n    )","logger_name":"org.hibernate.SQL","thread_name":"main","level":"DEBUG","level_value":10000}
{"@timestamp":"2026-03-11T14:20:38.9037133-03:00","@version":"1","message":"\r\n    create table logs (\r\n        created_at timestamp(6) not null,\r\n        id uuid not null,\r\n        user_id uuid,\r\n        action TEXT not null,\r\n        primary key (id)\r\n    )","logger_name":"org.hibernate.SQL","thread_name":"main","level":"DEBUG","level_value":10000}
{"@timestamp":"2026-03-11T14:20:38.9068687-03:00","@version":"1","message":"\r\n    create table password_reset_token (\r\n        used boolean not null,\r\n        created_at timestamp(6) not null,\r\n        expires_at timestamp(6) not null,\r\n        id uuid not null,\r\n        user_id uuid not null,\r\n        token_hash varchar(255) not null unique,\r\n        primary key (id)\r\n    )","logger_name":"org.hibernate.SQL","thread_name":"main","level":"DEBUG","level_value":10000}
{"@timestamp":"2026-03-11T14:20:38.9100639-03:00","@version":"1","message":"\r\n    create table payment_checkout_requests (\r\n        created_at timestamp(6) with time zone not null,\r\n        id uuid not null,\r\n        email varchar(255) not null,\r\n        nome_empresa varchar(255),\r\n        nome_vendedor varchar(255) not null,\r\n        provider varchar(255) not null,\r\n        reference_id varchar(255) not null,\r\n        slug varchar(255) not null,\r\n        status varchar(255) not null,\r\n        whatsapp_vendedor varchar(255) not null,\r\n        primary key (id),\r\n        constraint uq_payment_checkout_reference unique (reference_id)\r\n    )","logger_name":"org.hibernate.SQL","thread_name":"main","level":"DEBUG","level_value":10000}
{"@timestamp":"2026-03-11T14:20:38.9121429-03:00","@version":"1","message":"\r\n    create table payment_events (\r\n        processed_at timestamp(6) with time zone not null,\r\n        id uuid not null,\r\n        provider varchar(255) not null,\r\n        provider_event_id varchar(255) not null,\r\n        primary key (id),\r\n        constraint uq_payment_event_provider_id unique (provider_event_id)\r\n    )","logger_name":"org.hibernate.SQL","thread_name":"main","level":"DEBUG","level_value":10000}
{"@timestamp":"2026-03-11T14:20:38.9148809-03:00","@version":"1","message":"\r\n    create table payments (\r\n        created_at timestamp(6) with time zone not null,\r\n        id uuid not null,\r\n        email varchar(255) not null,\r\n        event_id varchar(255) not null unique,\r\n        gateway varchar(255) not null,\r\n        payload TEXT,\r\n        status varchar(255) not null,\r\n        primary key (id)\r\n    )","logger_name":"org.hibernate.SQL","thread_name":"main","level":"DEBUG","level_value":10000}
{"@timestamp":"2026-03-11T14:20:38.9175149-03:00","@version":"1","message":"\r\n    create table plans (\r\n        active boolean not null,\r\n        max_ai_executions integer not null,\r\n        max_leads integer not null,\r\n        max_users integer not null,\r\n        created_at timestamp(6) not null,\r\n        id bigint generated by default as identity,\r\n        updated_at timestamp(6) not null,\r\n        name varchar(100) not null unique,\r\n        primary key (id)\r\n    )","logger_name":"org.hibernate.SQL","thread_name":"main","level":"DEBUG","level_value":10000}
{"@timestamp":"2026-03-11T14:20:38.9210334-03:00","@version":"1","message":"\r\n    create table refresh_tokens (\r\n        revoked boolean not null,\r\n        created_at timestamp(6) not null,\r\n        expires_at timestamp(6) not null,\r\n        id uuid not null,\r\n        user_id uuid not null,\r\n        device_fingerprint varchar(255) not null,\r\n        token_hash varchar(255) not null,\r\n        primary key (id),\r\n        constraint uq_refresh_tokens_hash unique (token_hash)\r\n    )","logger_name":"org.hibernate.SQL","thread_name":"main","level":"DEBUG","level_value":10000}
{"@timestamp":"2026-03-11T14:20:38.9231096-03:00","@version":"1","message":"\r\n    create table roles (\r\n        created_at timestamp(6) not null,\r\n        updated_at timestamp(6) not null,\r\n        id uuid not null,\r\n        name varchar(50) not null,\r\n        primary key (id),\r\n        constraint uk_roles_name unique (name)\r\n    )","logger_name":"org.hibernate.SQL","thread_name":"main","level":"DEBUG","level_value":10000}
{"@timestamp":"2026-03-11T14:20:38.925197-03:00","@version":"1","message":"\r\n    create table security_audit_logs (\r\n        success boolean not null,\r\n        created_at timestamp(6) not null,\r\n        id uuid not null,\r\n        action varchar(50) not null check (action in ('LOGIN_SUCCESS','LOGIN_FAILED','ACCOUNT_LOCKED','PASSWORD_RESET_REQUESTED','PASSWORD_RESET_SUCCESS','USER_REGISTERED')),\r\n        correlation_id varchar(100),\r\n        ip_address varchar(100),\r\n        tenant varchar(100) not null,\r\n        email varchar(150) not null,\r\n        user_agent varchar(255),\r\n        primary key (id)\r\n    )","logger_name":"org.hibernate.SQL","thread_name":"main","level":"DEBUG","level_value":10000}
{"@timestamp":"2026-03-11T14:20:38.9278207-03:00","@version":"1","message":"\r\n    create table settings (\r\n        created_at timestamp(6) not null,\r\n        deleted_at timestamp(6),\r\n        updated_at timestamp(6) not null,\r\n        whatsapp varchar(15) not null,\r\n        id uuid not null,\r\n        user_id uuid not null,\r\n        company_name varchar(100),\r\n        vendor_name varchar(100) not null,\r\n        logo TEXT,\r\n        welcome_message TEXT,\r\n        primary key (id)\r\n    )","logger_name":"org.hibernate.SQL","thread_name":"main","level":"DEBUG","level_value":10000}
{"@timestamp":"2026-03-11T14:20:38.9299235-03:00","@version":"1","message":"\r\n    create table subscription_history (\r\n        changed_at timestamp(6) with time zone not null,\r\n        id uuid not null,\r\n        vendor_id uuid not null,\r\n        external_event_id varchar(255),\r\n        new_status varchar(255) not null check (new_status in ('TRIAL','ATIVA','INADIMPLENTE','SUSPENSA','CANCELADA','EXPIRADA')),\r\n        previous_status varchar(255) not null check (previous_status in ('TRIAL','ATIVA','INADIMPLENTE','SUSPENSA','CANCELADA','EXPIRADA')),\r\n        reason varchar(255),\r\n        primary key (id)\r\n    )","logger_name":"org.hibernate.SQL","thread_name":"main","level":"DEBUG","level_value":10000}
{"@timestamp":"2026-03-11T14:20:38.9327583-03:00","@version":"1","message":"\r\n    create table system_audit_logs (\r\n        created_at timestamp(6) with time zone not null,\r\n        id uuid not null,\r\n        details varchar(2000),\r\n        action varchar(255) not null,\r\n        entity varchar(255) not null,\r\n        entity_id varchar(255),\r\n        performed_by varchar(255),\r\n        tenant varchar(255),\r\n        primary key (id)\r\n    )","logger_name":"org.hibernate.SQL","thread_name":"main","level":"DEBUG","level_value":10000}
{"@timestamp":"2026-03-11T14:20:38.9347845-03:00","@version":"1","message":"\r\n    create table tenants (\r\n        created_at timestamp(6) not null,\r\n        deleted_at timestamp(6),\r\n        updated_at timestamp(6) not null,\r\n        id uuid not null,\r\n        schema_name varchar(50) not null,\r\n        name varchar(100) not null,\r\n        primary key (id),\r\n        constraint uk_tenants_schema_name unique (schema_name)\r\n    )","logger_name":"org.hibernate.SQL","thread_name":"main","level":"DEBUG","level_value":10000}
{"@timestamp":"2026-03-11T14:20:38.9377784-03:00","@version":"1","message":"\r\n    create table user_sessions (\r\n        active boolean not null,\r\n        suspicious boolean not null,\r\n        created_at timestamp(6) with time zone not null,\r\n        last_access_at timestamp(6) with time zone,\r\n        revoked_at timestamp(6) with time zone,\r\n        id uuid not null,\r\n        tenant_id uuid not null,\r\n        user_id uuid not null,\r\n        token_id varchar(36) not null unique,\r\n        initial_ip_address varchar(45),\r\n        ip_address varchar(45),\r\n        initial_user_agent varchar(512),\r\n        user_agent varchar(512),\r\n        primary key (id)\r\n    )","logger_name":"org.hibernate.SQL","thread_name":"main","level":"DEBUG","level_value":10000}
{"@timestamp":"2026-03-11T14:20:38.9404197-03:00","@version":"1","message":"\r\n    create table users (\r\n        failed_attempts integer not null,\r\n        created_at timestamp(6) not null,\r\n        credentials_updated_at timestamp(6),\r\n        deleted_at timestamp(6),\r\n        lock_until timestamp(6),\r\n        updated_at timestamp(6) not null,\r\n        id uuid not null,\r\n        role_id uuid not null,\r\n        name varchar(150) not null,\r\n        email varchar(255) not null unique,\r\n        password varchar(255) not null,\r\n        primary key (id)\r\n    )","logger_name":"org.hibernate.SQL","thread_name":"main","level":"DEBUG","level_value":10000}
{"@timestamp":"2026-03-11T14:20:38.9430473-03:00","@version":"1","message":"\r\n    create table vendor_audit_logs (\r\n        created_at timestamp(6) with time zone not null,\r\n        entidade_id uuid not null,\r\n        id uuid not null,\r\n        vendor_id uuid not null,\r\n        acao varchar(255) not null,\r\n        detalhes TEXT,\r\n        entity_type varchar(255) not null,\r\n        user_email varchar(255) not null,\r\n        primary key (id)\r\n    )","logger_name":"org.hibernate.SQL","thread_name":"main","level":"DEBUG","level_value":10000}
{"@timestamp":"2026-03-11T14:20:38.9451423-03:00","@version":"1","message":"\r\n    create table vendor_features (\r\n        enabled boolean not null,\r\n        created_at timestamp(6) with time zone not null,\r\n        updated_at timestamp(6) with time zone not null,\r\n        id uuid not null,\r\n        vendor_id uuid not null,\r\n        feature_key varchar(255) not null check (feature_key in ('AI_CHAT')),\r\n        primary key (id)\r\n    )","logger_name":"org.hibernate.SQL","thread_name":"main","level":"DEBUG","level_value":10000}
{"@timestamp":"2026-03-11T14:20:38.9467884-03:00","@version":"1","message":"\r\n    create table vendor_lead_alerts (\r\n        resolvido boolean not null,\r\n        created_at timestamp(6) with time zone not null,\r\n        id uuid not null,\r\n        vendor_lead_id uuid not null,\r\n        mensagem TEXT not null,\r\n        tipo varchar(255) not null,\r\n        primary key (id)\r\n    )","logger_name":"org.hibernate.SQL","thread_name":"main","level":"DEBUG","level_value":10000}
{"@timestamp":"2026-03-11T14:20:38.9483454-03:00","@version":"1","message":"\r\n    create table vendor_lead_conversations (\r\n        created_at timestamp(6) with time zone not null,\r\n        id uuid not null,\r\n        lead_id uuid not null,\r\n        vendor_lead_id uuid not null,\r\n        role varchar(20),\r\n        sender varchar(50),\r\n        tenant varchar(100),\r\n        content varchar(5000) not null,\r\n        primary key (id)\r\n    )","logger_name":"org.hibernate.SQL","thread_name":"main","level":"DEBUG","level_value":10000}
{"@timestamp":"2026-03-11T14:20:38.9508148-03:00","@version":"1","message":"\r\n    create table vendor_lead_messages (\r\n        created_at timestamp(6) with time zone not null,\r\n        id uuid not null,\r\n        vendor_lead_id uuid not null,\r\n        role varchar(20) not null check (role in ('USER','AI')),\r\n        message TEXT not null,\r\n        primary key (id)\r\n    )","logger_name":"org.hibernate.SQL","thread_name":"main","level":"DEBUG","level_value":10000}
{"@timestamp":"2026-03-11T14:20:38.9529976-03:00","@version":"1","message":"\r\n    create table vendor_lead_stage_history (\r\n        changed_at timestamp(6) with time zone not null,\r\n        id uuid not null,\r\n        vendor_lead_id uuid not null,\r\n        new_stage varchar(255) not null,\r\n        previous_stage varchar(255) not null,\r\n        primary key (id)\r\n    )","logger_name":"org.hibernate.SQL","thread_name":"main","level":"DEBUG","level_value":10000}
{"@timestamp":"2026-03-11T14:20:38.9545773-03:00","@version":"1","message":"\r\n    create table vendor_leads (\r\n        score integer not null,\r\n        created_date timestamp(6) with time zone not null,\r\n        id uuid not null,\r\n        vendor_id uuid not null,\r\n        nome_completo varchar(255) not null,\r\n        owner_email varchar(255),\r\n        resumo_estrategico TEXT,\r\n        stage varchar(255) not null check (stage in ('NOVO','CONTATO','PROPOSTA','FECHADO','PERDIDO')),\r\n        status varchar(255) not null,\r\n        tipo_consorcio varchar(255),\r\n        urgencia varchar(255),\r\n        valor_credito varchar(255),\r\n        whatsapp varchar(255) not null,\r\n        primary key (id)\r\n    )","logger_name":"org.hibernate.SQL","thread_name":"main","level":"DEBUG","level_value":10000}
{"@timestamp":"2026-03-11T14:20:38.9566625-03:00","@version":"1","message":"\r\n    create table vendor_risk_alerts (\r\n        resolved boolean not null,\r\n        score integer not null,\r\n        created_at timestamp(6) with time zone not null,\r\n        id uuid not null,\r\n        vendor_id uuid not null,\r\n        risk_level varchar(255) not null,\r\n        primary key (id)\r\n    )","logger_name":"org.hibernate.SQL","thread_name":"main","level":"DEBUG","level_value":10000}
{"@timestamp":"2026-03-11T14:20:38.9587463-03:00","@version":"1","message":"\r\n    create table vendor_usage (\r\n        alert100sent boolean not null,\r\n        alert80sent boolean not null,\r\n        used integer not null,\r\n        period_end timestamp(6) with time zone not null,\r\n        period_start timestamp(6) with time zone not null,\r\n        id uuid not null,\r\n        vendor_id uuid not null,\r\n        quota_type varchar(255) not null check (quota_type in ('ACTIVE_LEADS','AI_EXECUTIONS')),\r\n        primary key (id)\r\n    )","logger_name":"org.hibernate.SQL","thread_name":"main","level":"DEBUG","level_value":10000}
{"@timestamp":"2026-03-11T14:20:38.9618872-03:00","@version":"1","message":"\r\n    create table vendors (\r\n        email_invalid boolean not null,\r\n        created_at timestamp(6) with time zone not null,\r\n        last_payment_at timestamp(6) with time zone,\r\n        next_billing_at timestamp(6) with time zone,\r\n        subscription_expires_at timestamp(6) with time zone,\r\n        subscription_started_at timestamp(6) with time zone,\r\n        updated_at timestamp(6) with time zone,\r\n        id uuid not null,\r\n        cor_destaque varchar(255) not null,\r\n        external_customer_id varchar(255),\r\n        external_subscription_id varchar(255),\r\n        logo_url varchar(255),\r\n        mensagem_boas_vindas TEXT,\r\n        name varchar(255),\r\n        nome_empresa varchar(255),\r\n        nome_vendedor varchar(255) not null,\r\n        schema_name varchar(255),\r\n        slug varchar(255) not null unique,\r\n        subscription_status varchar(255) not null check (subscription_status in ('TRIAL','ATIVA','INADIMPLENTE','SUSPENSA','CANCELADA','EXPIRADA')),\r\n        user_email varchar(255) not null,\r\n        whatsapp_vendedor varchar(255) not null,\r\n        primary key (id)\r\n    )","logger_name":"org.hibernate.SQL","thread_name":"main","level":"DEBUG","level_value":10000}
{"@timestamp":"2026-03-11T14:20:38.9644727-03:00","@version":"1","message":"\r\n    create table webhook_events (\r\n        received_at timestamp(6) with time zone not null,\r\n        event_id varchar(255) not null,\r\n        primary key (event_id)\r\n    )","logger_name":"org.hibernate.SQL","thread_name":"main","level":"DEBUG","level_value":10000}
{"@timestamp":"2026-03-11T14:20:38.9654997-03:00","@version":"1","message":"\r\n    create index idx_status \r\n       on failed_webhook_events (status)","logger_name":"org.hibernate.SQL","thread_name":"main","level":"DEBUG","level_value":10000}
{"@timestamp":"2026-03-11T14:20:38.9665286-03:00","@version":"1","message":"GenerationTarget encountered exception accepting command : Error executing DDL \"\r\n    create index idx_status \r\n       on failed_webhook_events (status)\" via JDBC [ERROR: relation \"idx_status\" already exists]","logger_name":"org.hibernate.tool.schema.internal.ExceptionHandlerLoggedImpl","thread_name":"main","level":"WARN","level_value":30000,"stack_trace":"org.hibernate.tool.schema.spi.CommandAcceptanceException: Error executing DDL \"\r\n    create index idx_status \r\n       on failed_webhook_events (status)\" via JDBC [ERROR: relation \"idx_status\" already exists]\r\n\tat org.hibernate.tool.schema.internal.exec.GenerationTargetToDatabase.accept(GenerationTargetToDatabase.java:94)\r\n\tat org.hibernate.tool.schema.internal.Helper.applySqlString(Helper.java:233)\r\n\tat org.hibernate.tool.schema.internal.Helper.applySqlStrings(Helper.java:217)\r\n\tat org.hibernate.tool.schema.internal.SchemaCreatorImpl.createTableConstraints(SchemaCreatorImpl.java:392)\r\n\tat org.hibernate.tool.schema.internal.SchemaCreatorImpl.createSequencesTablesConstraints(SchemaCreatorImpl.java:358)\r\n\tat org.hibernate.tool.schema.internal.SchemaCreatorImpl.createFromMetadata(SchemaCreatorImpl.java:241)\r\n\tat org.hibernate.tool.schema.internal.SchemaCreatorImpl.performCreation(SchemaCreatorImpl.java:174)\r\n\tat org.hibernate.tool.schema.internal.SchemaCreatorImpl.doCreation(SchemaCreatorImpl.java:144)\r\n\tat org.hibernate.tool.schema.internal.SchemaCreatorImpl.doCreation(SchemaCreatorImpl.java:120)\r\n\tat org.hibernate.tool.schema.spi.SchemaManagementToolCoordinator.performDatabaseAction(SchemaManagementToolCoordinator.java:250)\r\n\tat org.hibernate.tool.schema.spi.SchemaManagementToolCoordinator.lambda$process$5(SchemaManagementToolCoordinator.java:144)\r\n\tat java.base/java.util.HashMap.forEach(HashMap.java:1421)\r\n\tat org.hibernate.tool.schema.spi.SchemaManagementToolCoordinator.process(SchemaManagementToolCoordinator.java:141)\r\n\tat org.hibernate.boot.internal.SessionFactoryObserverForSchemaExport.sessionFactoryCreated(SessionFactoryObserverForSchemaExport.java:37)\r\n\tat org.hibernate.internal.SessionFactoryObserverChain.sessionFactoryCreated(SessionFactoryObserverChain.java:35)\r\n\tat org.hibernate.internal.SessionFactoryImpl.<init>(SessionFactoryImpl.java:324)\r\n\tat org.hibernate.boot.internal.SessionFactoryBuilderImpl.build(SessionFactoryBuilderImpl.java:463)\r\n\tat org.hibernate.jpa.boot.internal.EntityManagerFactoryBuilderImpl.build(EntityManagerFactoryBuilderImpl.java:1517)\r\n\tat org.springframework.orm.jpa.vendor.SpringHibernateJpaPersistenceProvider.createContainerEntityManagerFactory(SpringHibernateJpaPersistenceProvider.java:66)\r\n\tat org.springframework.orm.jpa.LocalContainerEntityManagerFactoryBean.createNativeEntityManagerFactory(LocalContainerEntityManagerFactoryBean.java:388)\r\n\tat org.springframework.orm.jpa.AbstractEntityManagerFactoryBean.buildNativeEntityManagerFactory(AbstractEntityManagerFactoryBean.java:419)\r\n\tat org.springframework.orm.jpa.AbstractEntityManagerFactoryBean.afterPropertiesSet(AbstractEntityManagerFactoryBean.java:400)\r\n\tat org.springframework.orm.jpa.LocalContainerEntityManagerFactoryBean.afterPropertiesSet(LocalContainerEntityManagerFactoryBean.java:364)\r\n\tat org.springframework.beans.factory.support.AbstractAutowireCapableBeanFactory.invokeInitMethods(AbstractAutowireCapableBeanFactory.java:1873)\r\n\tat org.springframework.beans.factory.support.AbstractAutowireCapableBeanFactory.initializeBean(AbstractAutowireCapableBeanFactory.java:1822)\r\n\tat org.springframework.beans.factory.support.AbstractAutowireCapableBeanFactory.doCreateBean(AbstractAutowireCapableBeanFactory.java:607)\r\n\tat org.springframework.beans.factory.support.AbstractAutowireCapableBeanFactory.createBean(AbstractAutowireCapableBeanFactory.java:529)\r\n\tat org.springframework.beans.factory.support.AbstractBeanFactory.lambda$doGetBean$0(AbstractBeanFactory.java:339)\r\n\tat org.springframework.beans.factory.support.DefaultSingletonBeanRegistry.getSingleton(DefaultSingletonBeanRegistry.java:373)\r\n\tat org.springframework.beans.factory.support.AbstractBeanFactory.doGetBean(AbstractBeanFactory.java:337)\r\n\tat org.springframework.beans.factory.support.AbstractBeanFactory.getBean(AbstractBeanFactory.java:207)\r\n\tat org.springframework.context.support.AbstractApplicationContext.finishBeanFactoryInitialization(AbstractApplicationContext.java:974)\r\n\tat org.springframework.context.support.AbstractApplicationContext.refresh(AbstractApplicationContext.java:628)\r\n\tat org.springframework.boot.SpringApplication.refresh(SpringApplication.java:752)\r\n\tat org.springframework.boot.SpringApplication.refreshContext(SpringApplication.java:439)\r\n\tat org.springframework.boot.SpringApplication.run(SpringApplication.java:318)\r\n\tat org.springframework.boot.test.context.SpringBootContextLoader.lambda$loadContext$3(SpringBootContextLoader.java:152)\r\n\tat org.springframework.util.function.ThrowingSupplier.get(ThrowingSupplier.java:58)\r\n\tat org.springframework.util.function.ThrowingSupplier.get(ThrowingSupplier.java:46)\r\n\tat org.springframework.boot.SpringApplication.withHook(SpringApplication.java:1461)\r\n\tat org.springframework.boot.test.context.SpringBootContextLoader$ContextLoaderHook.run(SpringBootContextLoader.java:595)\r\n\tat org.springframework.boot.test.context.SpringBootContextLoader.loadContext(SpringBootContextLoader.java:152)\r\n\tat org.springframework.boot.test.context.SpringBootContextLoader.loadContext(SpringBootContextLoader.java:111)\r\n\tat org.springframework.test.context.cache.DefaultCacheAwareContextLoaderDelegate.loadContextInternal(DefaultCacheAwareContextLoaderDelegate.java:225)\r\n\tat org.springframework.test.context.cache.DefaultCacheAwareContextLoaderDelegate.loadContext(DefaultCacheAwareContextLoaderDelegate.java:152)\r\n\tat org.springframework.test.context.support.DefaultTestContext.getApplicationContext(DefaultTestContext.java:130)\r\n\tat org.springframework.test.context.web.ServletTestExecutionListener.setUpRequestContextIfNecessary(ServletTestExecutionListener.java:200)\r\n\tat org.springframework.test.context.web.ServletTestExecutionListener.prepareTestInstance(ServletTestExecutionListener.java:139)\r\n\tat org.springframework.test.context.TestContextManager.prepareTestInstance(TestContextManager.java:260)\r\n\tat org.springframework.test.context.junit.jupiter.SpringExtension.postProcessTestInstance(SpringExtension.java:159)\r\n\tat org.junit.jupiter.engine.descriptor.ClassBasedTestDescriptor.lambda$invokeTestInstancePostProcessors$10(ClassBasedTestDescriptor.java:383)\r\n\tat org.junit.jupiter.engine.descriptor.ClassBasedTestDescriptor.executeAndMaskThrowable(ClassBasedTestDescriptor.java:388)\r\n\tat org.junit.jupiter.engine.descriptor.ClassBasedTestDescriptor.lambda$invokeTestInstancePostProcessors$11(ClassBasedTestDescriptor.java:382)\r\n\tat java.base/java.util.stream.ForEachOps$ForEachOp$OfRef.accept(ForEachOps.java:183)\r\n\tat java.base/java.util.stream.ReferencePipeline$3$1.accept(ReferencePipeline.java:197)\r\n\tat java.base/java.util.stream.ReferencePipeline$2$1.accept(ReferencePipeline.java:179)\r\n\tat java.base/java.util.stream.ReferencePipeline$3$1.accept(ReferencePipeline.java:197)\r\n\tat java.base/java.util.ArrayList$ArrayListSpliterator.forEachRemaining(ArrayList.java:1625)\r\n\tat java.base/java.util.stream.AbstractPipeline.copyInto(AbstractPipeline.java:509)\r\n\tat java.base/java.util.stream.AbstractPipeline.wrapAndCopyInto(AbstractPipeline.java:499)\r\n\tat java.base/java.util.stream.ForEachOps$ForEachOp.evaluateSequential(ForEachOps.java:150)\r\n\tat java.base/java.util.stream.ForEachOps$ForEachOp$OfRef.evaluateSequential(ForEachOps.java:173)\r\n\tat java.base/java.util.stream.AbstractPipeline.evaluate(AbstractPipeline.java:234)\r\n\tat java.base/java.util.stream.ReferencePipeline.forEach(ReferencePipeline.java:596)\r\n\tat org.junit.jupiter.engine.descriptor.ClassBasedTestDescriptor.invokeTestInstancePostProcessors(ClassBasedTestDescriptor.java:382)\r\n\tat org.junit.jupiter.engine.descriptor.ClassBasedTestDescriptor.lambda$instantiateAndPostProcessTestInstance$6(ClassBasedTestDescriptor.java:293)\r\n\tat org.junit.platform.engine.support.hierarchical.ThrowableCollector.execute(ThrowableCollector.java:73)\r\n\tat org.junit.jupiter.engine.descriptor.ClassBasedTestDescriptor.instantiateAndPostProcessTestInstance(ClassBasedTestDescriptor.java:292)\r\n\tat org.junit.jupiter.engine.descriptor.ClassBasedTestDescriptor.lambda$testInstancesProvider$4(ClassBasedTestDescriptor.java:281)\r\n\tat java.base/java.util.Optional.orElseGet(Optional.java:364)\r\n\tat org.junit.jupiter.engine.descriptor.ClassBasedTestDescriptor.lambda$testInstancesProvider$5(ClassBasedTestDescriptor.java:280)\r\n\tat org.junit.jupiter.engine.execution.TestInstancesProvider.getTestInstances(TestInstancesProvider.java:27)\r\n\tat org.junit.jupiter.engine.descriptor.TestMethodTestDescriptor.lambda$prepare$0(TestMethodTestDescriptor.java:112)\r\n\tat org.junit.platform.engine.support.hierarchical.ThrowableCollector.execute(ThrowableCollector.java:73)\r\n\tat org.junit.jupiter.engine.descriptor.TestMethodTestDescriptor.prepare(TestMethodTestDescriptor.java:111)\r\n\tat org.junit.jupiter.engine.descriptor.TestMethodTestDescriptor.prepare(TestMethodTestDescriptor.java:69)\r\n\tat org.junit.platform.engine.support.hierarchical.NodeTestTask.lambda$prepare$2(NodeTestTask.java:128)\r\n\tat org.junit.platform.engine.support.hierarchical.ThrowableCollector.execute(ThrowableCollector.java:73)\r\n\tat org.junit.platform.engine.support.hierarchical.NodeTestTask.prepare(NodeTestTask.java:128)\r\n\tat org.junit.platform.engine.support.hierarchical.NodeTestTask.execute(NodeTestTask.java:95)\r\n\tat java.base/java.util.ArrayList.forEach(ArrayList.java:1511)\r\n\tat org.junit.platform.engine.support.hierarchical.SameThreadHierarchicalTestExecutorService.invokeAll(SameThreadHierarchicalTestExecutorService.java:41)\r\n\tat org.junit.platform.engine.support.hierarchical.NodeTestTask.lambda$executeRecursively$6(NodeTestTask.java:160)\r\n\tat org.junit.platform.engine.support.hierarchical.ThrowableCollector.execute(ThrowableCollector.java:73)\r\n\tat org.junit.platform.engine.support.hierarchical.NodeTestTask.lambda$executeRecursively$8(NodeTestTask.java:146)\r\n\tat org.junit.platform.engine.support.hierarchical.Node.around(Node.java:137)\r\n\tat org.junit.platform.engine.support.hierarchical.NodeTestTask.lambda$executeRecursively$9(NodeTestTask.java:144)\r\n\tat org.junit.platform.engine.support.hierarchical.ThrowableCollector.execute(ThrowableCollector.java:73)\r\n\tat org.junit.platform.engine.support.hierarchical.NodeTestTask.executeRecursively(NodeTestTask.java:143)\r\n\tat org.junit.platform.engine.support.hierarchical.NodeTestTask.execute(NodeTestTask.java:100)\r\n\tat java.base/java.util.ArrayList.forEach(ArrayList.java:1511)\r\n\tat org.junit.platform.engine.support.hierarchical.SameThreadHierarchicalTestExecutorService.invokeAll(SameThreadHierarchicalTestExecutorService.java:41)\r\n\tat org.junit.platform.engine.support.hierarchical.NodeTestTask.lambda$executeRecursively$6(NodeTestTask.java:160)\r\n\tat org.junit.platform.engine.support.hierarchical.ThrowableCollector.execute(ThrowableCollector.java:73)\r\n\tat org.junit.platform.engine.support.hierarchical.NodeTestTask.lambda$executeRecursively$8(NodeTestTask.java:146)\r\n\tat org.junit.platform.engine.support.hierarchical.Node.around(Node.java:137)\r\n\tat org.junit.platform.engine.support.hierarchical.NodeTestTask.lambda$executeRecursively$9(NodeTestTask.java:144)\r\n\tat org.junit.platform.engine.support.hierarchical.ThrowableCollector.execute(ThrowableCollector.java:73)\r\n\tat org.junit.platform.engine.support.hierarchical.NodeTestTask.executeRecursively(NodeTestTask.java:143)\r\n\tat org.junit.platform.engine.support.hierarchical.NodeTestTask.execute(NodeTestTask.java:100)\r\n\tat org.junit.platform.engine.support.hierarchical.SameThreadHierarchicalTestExecutorService.submit(SameThreadHierarchicalTestExecutorService.java:35)\r\n\tat org.junit.platform.engine.support.hierarchical.HierarchicalTestExecutor.execute(HierarchicalTestExecutor.java:57)\r\n\tat org.junit.platform.engine.support.hierarchical.HierarchicalTestEngine.execute(HierarchicalTestEngine.java:54)\r\n\tat org.junit.platform.launcher.core.EngineExecutionOrchestrator.execute(EngineExecutionOrchestrator.java:201)\r\n\tat org.junit.platform.launcher.core.EngineExecutionOrchestrator.execute(EngineExecutionOrchestrator.java:170)\r\n\tat org.junit.platform.launcher.core.EngineExecutionOrchestrator.execute(EngineExecutionOrchestrator.java:94)\r\n\tat org.junit.platform.launcher.core.EngineExecutionOrchestrator.lambda$execute$0(EngineExecutionOrchestrator.java:59)\r\n\tat org.junit.platform.launcher.core.EngineExecutionOrchestrator.withInterceptedStreams(EngineExecutionOrchestrator.java:142)\r\n\tat org.junit.platform.launcher.core.EngineExecutionOrchestrator.execute(EngineExecutionOrchestrator.java:58)\r\n\tat org.junit.platform.launcher.core.DefaultLauncher.execute(DefaultLauncher.java:103)\r\n\tat org.junit.platform.launcher.core.DefaultLauncher.execute(DefaultLauncher.java:85)\r\n\tat org.junit.platform.launcher.core.DelegatingLauncher.execute(DelegatingLauncher.java:47)\r\n\tat org.junit.platform.launcher.core.InterceptingLauncher.lambda$execute$1(InterceptingLauncher.java:39)\r\n\tat org.junit.platform.launcher.core.ClasspathAlignmentCheckingLauncherInterceptor.intercept(ClasspathAlignmentCheckingLauncherInterceptor.java:25)\r\n\tat org.junit.platform.launcher.core.InterceptingLauncher.execute(InterceptingLauncher.java:38)\r\n\tat org.junit.platform.launcher.core.DelegatingLauncher.execute(DelegatingLauncher.java:47)\r\n\tat org.apache.maven.surefire.junitplatform.LazyLauncher.execute(LazyLauncher.java:55)\r\n\tat org.apache.maven.surefire.junitplatform.JUnitPlatformProvider.execute(JUnitPlatformProvider.java:223)\r\n\tat org.apache.maven.surefire.junitplatform.JUnitPlatformProvider.invokeAllTests(JUnitPlatformProvider.java:175)\r\n\tat org.apache.maven.surefire.junitplatform.JUnitPlatformProvider.invoke(JUnitPlatformProvider.java:139)\r\n\tat org.apache.maven.surefire.booter.ForkedBooter.runSuitesInProcess(ForkedBooter.java:456)\r\n\tat org.apache.maven.surefire.booter.ForkedBooter.execute(ForkedBooter.java:169)\r\n\tat org.apache.maven.surefire.booter.ForkedBooter.run(ForkedBooter.java:595)\r\n\tat org.apache.maven.surefire.booter.ForkedBooter.main(ForkedBooter.java:581)\r\nCaused by: org.postgresql.util.PSQLException: ERROR: relation \"idx_status\" already exists\r\n\tat org.postgresql.core.v3.QueryExecutorImpl.receiveErrorResponse(QueryExecutorImpl.java:2875)\r\n\tat org.postgresql.core.v3.QueryExecutorImpl.processResults(QueryExecutorImpl.java:2560)\r\n\tat org.postgresql.core.v3.QueryExecutorImpl.execute(QueryExecutorImpl.java:429)\r\n\tat org.postgresql.jdbc.PgStatement.executeInternal(PgStatement.java:526)\r\n\tat org.postgresql.jdbc.PgStatement.execute(PgStatement.java:436)\r\n\tat org.postgresql.jdbc.PgStatement.executeWithFlags(PgStatement.java:358)\r\n\tat org.postgresql.jdbc.PgStatement.executeCachedSql(PgStatement.java:343)\r\n\tat org.postgresql.jdbc.PgStatement.executeWithFlags(PgStatement.java:319)\r\n\tat org.postgresql.jdbc.PgStatement.execute(PgStatement.java:314)\r\n\tat com.zaxxer.hikari.pool.ProxyStatement.execute(ProxyStatement.java:95)\r\n\tat com.zaxxer.hikari.pool.HikariProxyStatement.execute(HikariProxyStatement.java)\r\n\tat org.hibernate.tool.schema.internal.exec.GenerationTargetToDatabase.accept(GenerationTargetToDatabase.java:80)\r\n\t... 123 common frames omitted\r\n"}
{"@timestamp":"2026-03-11T14:20:38.9670592-03:00","@version":"1","message":"\r\n    create index idx_created_at \r\n       on failed_webhook_events (created_at)","logger_name":"org.hibernate.SQL","thread_name":"main","level":"DEBUG","level_value":10000}
{"@timestamp":"2026-03-11T14:20:38.9681723-03:00","@version":"1","message":"GenerationTarget encountered exception accepting command : Error executing DDL \"\r\n    create index idx_created_at \r\n       on failed_webhook_events (created_at)\" via JDBC [ERROR: relation \"idx_created_at\" already exists]","logger_name":"org.hibernate.tool.schema.internal.ExceptionHandlerLoggedImpl","thread_name":"main","level":"WARN","level_value":30000,"stack_trace":"org.hibernate.tool.schema.spi.CommandAcceptanceException: Error executing DDL \"\r\n    create index idx_created_at \r\n       on failed_webhook_events (created_at)\" via JDBC [ERROR: relation \"idx_created_at\" already exists]\r\n\tat org.hibernate.tool.schema.internal.exec.GenerationTargetToDatabase.accept(GenerationTargetToDatabase.java:94)\r\n\tat org.hibernate.tool.schema.internal.Helper.applySqlString(Helper.java:233)\r\n\tat org.hibernate.tool.schema.internal.Helper.applySqlStrings(Helper.java:217)\r\n\tat org.hibernate.tool.schema.internal.SchemaCreatorImpl.createTableConstraints(SchemaCreatorImpl.java:392)\r\n\tat org.hibernate.tool.schema.internal.SchemaCreatorImpl.createSequencesTablesConstraints(SchemaCreatorImpl.java:358)\r\n\tat org.hibernate.tool.schema.internal.SchemaCreatorImpl.createFromMetadata(SchemaCreatorImpl.java:241)\r\n\tat org.hibernate.tool.schema.internal.SchemaCreatorImpl.performCreation(SchemaCreatorImpl.java:174)\r\n\tat org.hibernate.tool.schema.internal.SchemaCreatorImpl.doCreation(SchemaCreatorImpl.java:144)\r\n\tat org.hibernate.tool.schema.internal.SchemaCreatorImpl.doCreation(SchemaCreatorImpl.java:120)\r\n\tat org.hibernate.tool.schema.spi.SchemaManagementToolCoordinator.performDatabaseAction(SchemaManagementToolCoordinator.java:250)\r\n\tat org.hibernate.tool.schema.spi.SchemaManagementToolCoordinator.lambda$process$5(SchemaManagementToolCoordinator.java:144)\r\n\tat java.base/java.util.HashMap.forEach(HashMap.java:1421)\r\n\tat org.hibernate.tool.schema.spi.SchemaManagementToolCoordinator.process(SchemaManagementToolCoordinator.java:141)\r\n\tat org.hibernate.boot.internal.SessionFactoryObserverForSchemaExport.sessionFactoryCreated(SessionFactoryObserverForSchemaExport.java:37)\r\n\tat org.hibernate.internal.SessionFactoryObserverChain.sessionFactoryCreated(SessionFactoryObserverChain.java:35)\r\n\tat org.hibernate.internal.SessionFactoryImpl.<init>(SessionFactoryImpl.java:324)\r\n\tat org.hibernate.boot.internal.SessionFactoryBuilderImpl.build(SessionFactoryBuilderImpl.java:463)\r\n\tat org.hibernate.jpa.boot.internal.EntityManagerFactoryBuilderImpl.build(EntityManagerFactoryBuilderImpl.java:1517)\r\n\tat org.springframework.orm.jpa.vendor.SpringHibernateJpaPersistenceProvider.createContainerEntityManagerFactory(SpringHibernateJpaPersistenceProvider.java:66)\r\n\tat org.springframework.orm.jpa.LocalContainerEntityManagerFactoryBean.createNativeEntityManagerFactory(LocalContainerEntityManagerFactoryBean.java:388)\r\n\tat org.springframework.orm.jpa.AbstractEntityManagerFactoryBean.buildNativeEntityManagerFactory(AbstractEntityManagerFactoryBean.java:419)\r\n\tat org.springframework.orm.jpa.AbstractEntityManagerFactoryBean.afterPropertiesSet(AbstractEntityManagerFactoryBean.java:400)\r\n\tat org.springframework.orm.jpa.LocalContainerEntityManagerFactoryBean.afterPropertiesSet(LocalContainerEntityManagerFactoryBean.java:364)\r\n\tat org.springframework.beans.factory.support.AbstractAutowireCapableBeanFactory.invokeInitMethods(AbstractAutowireCapableBeanFactory.java:1873)\r\n\tat org.springframework.beans.factory.support.AbstractAutowireCapableBeanFactory.initializeBean(AbstractAutowireCapableBeanFactory.java:1822)\r\n\tat org.springframework.beans.factory.support.AbstractAutowireCapableBeanFactory.doCreateBean(AbstractAutowireCapableBeanFactory.java:607)\r\n\tat org.springframework.beans.factory.support.AbstractAutowireCapableBeanFactory.createBean(AbstractAutowireCapableBeanFactory.java:529)\r\n\tat org.springframework.beans.factory.support.AbstractBeanFactory.lambda$doGetBean$0(AbstractBeanFactory.java:339)\r\n\tat org.springframework.beans.factory.support.DefaultSingletonBeanRegistry.getSingleton(DefaultSingletonBeanRegistry.java:373)\r\n\tat org.springframework.beans.factory.support.AbstractBeanFactory.doGetBean(AbstractBeanFactory.java:337)\r\n\tat org.springframework.beans.factory.support.AbstractBeanFactory.getBean(AbstractBeanFactory.java:207)\r\n\tat org.springframework.context.support.AbstractApplicationContext.finishBeanFactoryInitialization(AbstractApplicationContext.java:974)\r\n\tat org.springframework.context.support.AbstractApplicationContext.refresh(AbstractApplicationContext.java:628)\r\n\tat org.springframework.boot.SpringApplication.refresh(SpringApplication.java:752)\r\n\tat org.springframework.boot.SpringApplication.refreshContext(SpringApplication.java:439)\r\n\tat org.springframework.boot.SpringApplication.run(SpringApplication.java:318)\r\n\tat org.springframework.boot.test.context.SpringBootContextLoader.lambda$loadContext$3(SpringBootContextLoader.java:152)\r\n\tat org.springframework.util.function.ThrowingSupplier.get(ThrowingSupplier.java:58)\r\n\tat org.springframework.util.function.ThrowingSupplier.get(ThrowingSupplier.java:46)\r\n\tat org.springframework.boot.SpringApplication.withHook(SpringApplication.java:1461)\r\n\tat org.springframework.boot.test.context.SpringBootContextLoader$ContextLoaderHook.run(SpringBootContextLoader.java:595)\r\n\tat org.springframework.boot.test.context.SpringBootContextLoader.loadContext(SpringBootContextLoader.java:152)\r\n\tat org.springframework.boot.test.context.SpringBootContextLoader.loadContext(SpringBootContextLoader.java:111)\r\n\tat org.springframework.test.context.cache.DefaultCacheAwareContextLoaderDelegate.loadContextInternal(DefaultCacheAwareContextLoaderDelegate.java:225)\r\n\tat org.springframework.test.context.cache.DefaultCacheAwareContextLoaderDelegate.loadContext(DefaultCacheAwareContextLoaderDelegate.java:152)\r\n\tat org.springframework.test.context.support.DefaultTestContext.getApplicationContext(DefaultTestContext.java:130)\r\n\tat org.springframework.test.context.web.ServletTestExecutionListener.setUpRequestContextIfNecessary(ServletTestExecutionListener.java:200)\r\n\tat org.springframework.test.context.web.ServletTestExecutionListener.prepareTestInstance(ServletTestExecutionListener.java:139)\r\n\tat org.springframework.test.context.TestContextManager.prepareTestInstance(TestContextManager.java:260)\r\n\tat org.springframework.test.context.junit.jupiter.SpringExtension.postProcessTestInstance(SpringExtension.java:159)\r\n\tat org.junit.jupiter.engine.descriptor.ClassBasedTestDescriptor.lambda$invokeTestInstancePostProcessors$10(ClassBasedTestDescriptor.java:383)\r\n\tat org.junit.jupiter.engine.descriptor.ClassBasedTestDescriptor.executeAndMaskThrowable(ClassBasedTestDescriptor.java:388)\r\n\tat org.junit.jupiter.engine.descriptor.ClassBasedTestDescriptor.lambda$invokeTestInstancePostProcessors$11(ClassBasedTestDescriptor.java:382)\r\n\tat java.base/java.util.stream.ForEachOps$ForEachOp$OfRef.accept(ForEachOps.java:183)\r\n\tat java.base/java.util.stream.ReferencePipeline$3$1.accept(ReferencePipeline.java:197)\r\n\tat java.base/java.util.stream.ReferencePipeline$2$1.accept(ReferencePipeline.java:179)\r\n\tat java.base/java.util.stream.ReferencePipeline$3$1.accept(ReferencePipeline.java:197)\r\n\tat java.base/java.util.ArrayList$ArrayListSpliterator.forEachRemaining(ArrayList.java:1625)\r\n\tat java.base/java.util.stream.AbstractPipeline.copyInto(AbstractPipeline.java:509)\r\n\tat java.base/java.util.stream.AbstractPipeline.wrapAndCopyInto(AbstractPipeline.java:499)\r\n\tat java.base/java.util.stream.ForEachOps$ForEachOp.evaluateSequential(ForEachOps.java:150)\r\n\tat java.base/java.util.stream.ForEachOps$ForEachOp$OfRef.evaluateSequential(ForEachOps.java:173)\r\n\tat java.base/java.util.stream.AbstractPipeline.evaluate(AbstractPipeline.java:234)\r\n\tat java.base/java.util.stream.ReferencePipeline.forEach(ReferencePipeline.java:596)\r\n\tat org.junit.jupiter.engine.descriptor.ClassBasedTestDescriptor.invokeTestInstancePostProcessors(ClassBasedTestDescriptor.java:382)\r\n\tat org.junit.jupiter.engine.descriptor.ClassBasedTestDescriptor.lambda$instantiateAndPostProcessTestInstance$6(ClassBasedTestDescriptor.java:293)\r\n\tat org.junit.platform.engine.support.hierarchical.ThrowableCollector.execute(ThrowableCollector.java:73)\r\n\tat org.junit.jupiter.engine.descriptor.ClassBasedTestDescriptor.instantiateAndPostProcessTestInstance(ClassBasedTestDescriptor.java:292)\r\n\tat org.junit.jupiter.engine.descriptor.ClassBasedTestDescriptor.lambda$testInstancesProvider$4(ClassBasedTestDescriptor.java:281)\r\n\tat java.base/java.util.Optional.orElseGet(Optional.java:364)\r\n\tat org.junit.jupiter.engine.descriptor.ClassBasedTestDescriptor.lambda$testInstancesProvider$5(ClassBasedTestDescriptor.java:280)\r\n\tat org.junit.jupiter.engine.execution.TestInstancesProvider.getTestInstances(TestInstancesProvider.java:27)\r\n\tat org.junit.jupiter.engine.descriptor.TestMethodTestDescriptor.lambda$prepare$0(TestMethodTestDescriptor.java:112)\r\n\tat org.junit.platform.engine.support.hierarchical.ThrowableCollector.execute(ThrowableCollector.java:73)\r\n\tat org.junit.jupiter.engine.descriptor.TestMethodTestDescriptor.prepare(TestMethodTestDescriptor.java:111)\r\n\tat org.junit.jupiter.engine.descriptor.TestMethodTestDescriptor.prepare(TestMethodTestDescriptor.java:69)\r\n\tat org.junit.platform.engine.support.hierarchical.NodeTestTask.lambda$prepare$2(NodeTestTask.java:128)\r\n\tat org.junit.platform.engine.support.hierarchical.ThrowableCollector.execute(ThrowableCollector.java:73)\r\n\tat org.junit.platform.engine.support.hierarchical.NodeTestTask.prepare(NodeTestTask.java:128)\r\n\tat org.junit.platform.engine.support.hierarchical.NodeTestTask.execute(NodeTestTask.java:95)\r\n\tat java.base/java.util.ArrayList.forEach(ArrayList.java:1511)\r\n\tat org.junit.platform.engine.support.hierarchical.SameThreadHierarchicalTestExecutorService.invokeAll(SameThreadHierarchicalTestExecutorService.java:41)\r\n\tat org.junit.platform.engine.support.hierarchical.NodeTestTask.lambda$executeRecursively$6(NodeTestTask.java:160)\r\n\tat org.junit.platform.engine.support.hierarchical.ThrowableCollector.execute(ThrowableCollector.java:73)\r\n\tat org.junit.platform.engine.support.hierarchical.NodeTestTask.lambda$executeRecursively$8(NodeTestTask.java:146)\r\n\tat org.junit.platform.engine.support.hierarchical.Node.around(Node.java:137)\r\n\tat org.junit.platform.engine.support.hierarchical.NodeTestTask.lambda$executeRecursively$9(NodeTestTask.java:144)\r\n\tat org.junit.platform.engine.support.hierarchical.ThrowableCollector.execute(ThrowableCollector.java:73)\r\n\tat org.junit.platform.engine.support.hierarchical.NodeTestTask.executeRecursively(NodeTestTask.java:143)\r\n\tat org.junit.platform.engine.support.hierarchical.NodeTestTask.execute(NodeTestTask.java:100)\r\n\tat java.base/java.util.ArrayList.forEach(ArrayList.java:1511)\r\n\tat org.junit.platform.engine.support.hierarchical.SameThreadHierarchicalTestExecutorService.invokeAll(SameThreadHierarchicalTestExecutorService.java:41)\r\n\tat org.junit.platform.engine.support.hierarchical.NodeTestTask.lambda$executeRecursively$6(NodeTestTask.java:160)\r\n\tat org.junit.platform.engine.support.hierarchical.ThrowableCollector.execute(ThrowableCollector.java:73)\r\n\tat org.junit.platform.engine.support.hierarchical.NodeTestTask.lambda$executeRecursively$8(NodeTestTask.java:146)\r\n\tat org.junit.platform.engine.support.hierarchical.Node.around(Node.java:137)\r\n\tat org.junit.platform.engine.support.hierarchical.NodeTestTask.lambda$executeRecursively$9(NodeTestTask.java:144)\r\n\tat org.junit.platform.engine.support.hierarchical.ThrowableCollector.execute(ThrowableCollector.java:73)\r\n\tat org.junit.platform.engine.support.hierarchical.NodeTestTask.executeRecursively(NodeTestTask.java:143)\r\n\tat org.junit.platform.engine.support.hierarchical.NodeTestTask.execute(NodeTestTask.java:100)\r\n\tat org.junit.platform.engine.support.hierarchical.SameThreadHierarchicalTestExecutorService.submit(SameThreadHierarchicalTestExecutorService.java:35)\r\n\tat org.junit.platform.engine.support.hierarchical.HierarchicalTestExecutor.execute(HierarchicalTestExecutor.java:57)\r\n\tat org.junit.platform.engine.support.hierarchical.HierarchicalTestEngine.execute(HierarchicalTestEngine.java:54)\r\n\tat org.junit.platform.launcher.core.EngineExecutionOrchestrator.execute(EngineExecutionOrchestrator.java:201)\r\n\tat org.junit.platform.launcher.core.EngineExecutionOrchestrator.execute(EngineExecutionOrchestrator.java:170)\r\n\tat org.junit.platform.launcher.core.EngineExecutionOrchestrator.execute(EngineExecutionOrchestrator.java:94)\r\n\tat org.junit.platform.launcher.core.EngineExecutionOrchestrator.lambda$execute$0(EngineExecutionOrchestrator.java:59)\r\n\tat org.junit.platform.launcher.core.EngineExecutionOrchestrator.withInterceptedStreams(EngineExecutionOrchestrator.java:142)\r\n\tat org.junit.platform.launcher.core.EngineExecutionOrchestrator.execute(EngineExecutionOrchestrator.java:58)\r\n\tat org.junit.platform.launcher.core.DefaultLauncher.execute(DefaultLauncher.java:103)\r\n\tat org.junit.platform.launcher.core.DefaultLauncher.execute(DefaultLauncher.java:85)\r\n\tat org.junit.platform.launcher.core.DelegatingLauncher.execute(DelegatingLauncher.java:47)\r\n\tat org.junit.platform.launcher.core.InterceptingLauncher.lambda$execute$1(InterceptingLauncher.java:39)\r\n\tat org.junit.platform.launcher.core.ClasspathAlignmentCheckingLauncherInterceptor.intercept(ClasspathAlignmentCheckingLauncherInterceptor.java:25)\r\n\tat org.junit.platform.launcher.core.InterceptingLauncher.execute(InterceptingLauncher.java:38)\r\n\tat org.junit.platform.launcher.core.DelegatingLauncher.execute(DelegatingLauncher.java:47)\r\n\tat org.apache.maven.surefire.junitplatform.LazyLauncher.execute(LazyLauncher.java:55)\r\n\tat org.apache.maven.surefire.junitplatform.JUnitPlatformProvider.execute(JUnitPlatformProvider.java:223)\r\n\tat org.apache.maven.surefire.junitplatform.JUnitPlatformProvider.invokeAllTests(JUnitPlatformProvider.java:175)\r\n\tat org.apache.maven.surefire.junitplatform.JUnitPlatformProvider.invoke(JUnitPlatformProvider.java:139)\r\n\tat org.apache.maven.surefire.booter.ForkedBooter.runSuitesInProcess(ForkedBooter.java:456)\r\n\tat org.apache.maven.surefire.booter.ForkedBooter.execute(ForkedBooter.java:169)\r\n\tat org.apache.maven.surefire.booter.ForkedBooter.run(ForkedBooter.java:595)\r\n\tat org.apache.maven.surefire.booter.ForkedBooter.main(ForkedBooter.java:581)\r\nCaused by: org.postgresql.util.PSQLException: ERROR: relation \"idx_created_at\" already exists\r\n\tat org.postgresql.core.v3.QueryExecutorImpl.receiveErrorResponse(QueryExecutorImpl.java:2875)\r\n\tat org.postgresql.core.v3.QueryExecutorImpl.processResults(QueryExecutorImpl.java:2560)\r\n\tat org.postgresql.core.v3.QueryExecutorImpl.execute(QueryExecutorImpl.java:429)\r\n\tat org.postgresql.jdbc.PgStatement.executeInternal(PgStatement.java:526)\r\n\tat org.postgresql.jdbc.PgStatement.execute(PgStatement.java:436)\r\n\tat org.postgresql.jdbc.PgStatement.executeWithFlags(PgStatement.java:358)\r\n\tat org.postgresql.jdbc.PgStatement.executeCachedSql(PgStatement.java:343)\r\n\tat org.postgresql.jdbc.PgStatement.executeWithFlags(PgStatement.java:319)\r\n\tat org.postgresql.jdbc.PgStatement.execute(PgStatement.java:314)\r\n\tat com.zaxxer.hikari.pool.ProxyStatement.execute(ProxyStatement.java:95)\r\n\tat com.zaxxer.hikari.pool.HikariProxyStatement.execute(HikariProxyStatement.java)\r\n\tat org.hibernate.tool.schema.internal.exec.GenerationTargetToDatabase.accept(GenerationTargetToDatabase.java:80)\r\n\t... 123 common frames omitted\r\n"}
{"@timestamp":"2026-03-11T14:20:38.9687067-03:00","@version":"1","message":"\r\n    create index idx_next_retry \r\n       on failed_webhook_events (next_retry_at)","logger_name":"org.hibernate.SQL","thread_name":"main","level":"DEBUG","level_value":10000}
{"@timestamp":"2026-03-11T14:20:38.9702695-03:00","@version":"1","message":"\r\n    create index idx_lsh_lead_id \r\n       on lead_status_history (lead_id)","logger_name":"org.hibernate.SQL","thread_name":"main","level":"DEBUG","level_value":10000}
{"@timestamp":"2026-03-11T14:20:38.9707765-03:00","@version":"1","message":"\r\n    create index idx_lsh_lead_changed_at \r\n       on lead_status_history (lead_id, changed_at)","logger_name":"org.hibernate.SQL","thread_name":"main","level":"DEBUG","level_value":10000}
{"@timestamp":"2026-03-11T14:20:38.972603-03:00","@version":"1","message":"\r\n    create index idx_leads_email \r\n       on leads (email)","logger_name":"org.hibernate.SQL","thread_name":"main","level":"DEBUG","level_value":10000}
{"@timestamp":"2026-03-11T14:20:38.9734708-03:00","@version":"1","message":"\r\n    create index idx_leads_user \r\n       on leads (user_id)","logger_name":"org.hibernate.SQL","thread_name":"main","level":"DEBUG","level_value":10000}
{"@timestamp":"2026-03-11T14:20:38.9769254-03:00","@version":"1","message":"\r\n    create index idx_leads_user_email \r\n       on leads (user_id, email)","logger_name":"org.hibernate.SQL","thread_name":"main","level":"DEBUG","level_value":10000}
{"@timestamp":"2026-03-11T14:20:38.9797246-03:00","@version":"1","message":"\r\n    create index idx_login_user_tenant \r\n       on login_audit (user_id, tenant_id)","logger_name":"org.hibernate.SQL","thread_name":"main","level":"DEBUG","level_value":10000}
{"@timestamp":"2026-03-11T14:20:38.9813172-03:00","@version":"1","message":"\r\n    create index idx_login_email_tenant \r\n       on login_audit (email, tenant_id)","logger_name":"org.hibernate.SQL","thread_name":"main","level":"DEBUG","level_value":10000}
{"@timestamp":"2026-03-11T14:20:38.9823628-03:00","@version":"1","message":"\r\n    create index idx_login_created \r\n       on login_audit (created_at)","logger_name":"org.hibernate.SQL","thread_name":"main","level":"DEBUG","level_value":10000}
{"@timestamp":"2026-03-11T14:20:38.9839239-03:00","@version":"1","message":"\r\n    create index idx_login_success \r\n       on login_audit (success)","logger_name":"org.hibernate.SQL","thread_name":"main","level":"DEBUG","level_value":10000}
{"@timestamp":"2026-03-11T14:20:38.9849917-03:00","@version":"1","message":"\r\n    create index idx_logs_user_id \r\n       on logs (user_id)","logger_name":"org.hibernate.SQL","thread_name":"main","level":"DEBUG","level_value":10000}
{"@timestamp":"2026-03-11T14:20:38.9855129-03:00","@version":"1","message":"\r\n    create index idx_logs_created_at \r\n       on logs (created_at)","logger_name":"org.hibernate.SQL","thread_name":"main","level":"DEBUG","level_value":10000}
{"@timestamp":"2026-03-11T14:20:38.9865501-03:00","@version":"1","message":"\r\n    create index idx_password_reset_token_hash \r\n       on password_reset_token (token_hash)","logger_name":"org.hibernate.SQL","thread_name":"main","level":"DEBUG","level_value":10000}
{"@timestamp":"2026-03-11T14:20:38.9875584-03:00","@version":"1","message":"\r\n    create index idx_password_reset_token_user \r\n       on password_reset_token (user_id)","logger_name":"org.hibernate.SQL","thread_name":"main","level":"DEBUG","level_value":10000}
{"@timestamp":"2026-03-11T14:20:38.9880762-03:00","@version":"1","message":"\r\n    create index idx_password_reset_token_expires \r\n       on password_reset_token (expires_at)","logger_name":"org.hibernate.SQL","thread_name":"main","level":"DEBUG","level_value":10000}
{"@timestamp":"2026-03-11T14:20:38.9891111-03:00","@version":"1","message":"\r\n    create index idx_payment_email \r\n       on payments (email)","logger_name":"org.hibernate.SQL","thread_name":"main","level":"DEBUG","level_value":10000}
{"@timestamp":"2026-03-11T14:20:38.9901502-03:00","@version":"1","message":"\r\n    create index idx_refresh_tokens_user \r\n       on refresh_tokens (user_id)","logger_name":"org.hibernate.SQL","thread_name":"main","level":"DEBUG","level_value":10000}
{"@timestamp":"2026-03-11T14:20:38.9909971-03:00","@version":"1","message":"\r\n    create index idx_refresh_tokens_hash \r\n       on refresh_tokens (token_hash)","logger_name":"org.hibernate.SQL","thread_name":"main","level":"DEBUG","level_value":10000}
{"@timestamp":"2026-03-11T14:20:38.9927497-03:00","@version":"1","message":"\r\n    create index idx_refresh_tokens_fingerprint \r\n       on refresh_tokens (device_fingerprint)","logger_name":"org.hibernate.SQL","thread_name":"main","level":"DEBUG","level_value":10000}
{"@timestamp":"2026-03-11T14:20:38.9938078-03:00","@version":"1","message":"\r\n    create index idx_refresh_tokens_expires \r\n       on refresh_tokens (expires_at)","logger_name":"org.hibernate.SQL","thread_name":"main","level":"DEBUG","level_value":10000}
{"@timestamp":"2026-03-11T14:20:38.9943375-03:00","@version":"1","message":"\r\n    create index idx_audit_email \r\n       on security_audit_logs (email)","logger_name":"org.hibernate.SQL","thread_name":"main","level":"DEBUG","level_value":10000}
{"@timestamp":"2026-03-11T14:20:38.995366-03:00","@version":"1","message":"\r\n    create index idx_audit_tenant \r\n       on security_audit_logs (tenant)","logger_name":"org.hibernate.SQL","thread_name":"main","level":"DEBUG","level_value":10000}
{"@timestamp":"2026-03-11T14:20:38.9964004-03:00","@version":"1","message":"\r\n    create index idx_audit_created_at \r\n       on security_audit_logs (created_at)","logger_name":"org.hibernate.SQL","thread_name":"main","level":"DEBUG","level_value":10000}
{"@timestamp":"2026-03-11T14:20:38.9975322-03:00","@version":"1","message":"\r\n    create index idx_settings_user \r\n       on settings (user_id)","logger_name":"org.hibernate.SQL","thread_name":"main","level":"DEBUG","level_value":10000}
{"@timestamp":"2026-03-11T14:20:38.9985649-03:00","@version":"1","message":"\r\n    create index idx_session_token_tenant \r\n       on user_sessions (token_id, tenant_id)","logger_name":"org.hibernate.SQL","thread_name":"main","level":"DEBUG","level_value":10000}
{"@timestamp":"2026-03-11T14:20:38.9996103-03:00","@version":"1","message":"\r\n    create index idx_session_user_tenant \r\n       on user_sessions (user_id, tenant_id)","logger_name":"org.hibernate.SQL","thread_name":"main","level":"DEBUG","level_value":10000}
{"@timestamp":"2026-03-11T14:20:39.0016592-03:00","@version":"1","message":"\r\n    create index idx_session_active \r\n       on user_sessions (active)","logger_name":"org.hibernate.SQL","thread_name":"main","level":"DEBUG","level_value":10000}
{"@timestamp":"2026-03-11T14:20:39.0036706-03:00","@version":"1","message":"\r\n    create index idx_session_last_access \r\n       on user_sessions (last_access_at)","logger_name":"org.hibernate.SQL","thread_name":"main","level":"DEBUG","level_value":10000}
{"@timestamp":"2026-03-11T14:20:39.0036706-03:00","@version":"1","message":"\r\n    create index idx_users_email \r\n       on users (email)","logger_name":"org.hibernate.SQL","thread_name":"main","level":"DEBUG","level_value":10000}
{"@timestamp":"2026-03-11T14:20:39.0056892-03:00","@version":"1","message":"\r\n    create index idx_vlm_vendor_lead_id \r\n       on vendor_lead_messages (vendor_lead_id)","logger_name":"org.hibernate.SQL","thread_name":"main","level":"DEBUG","level_value":10000}
{"@timestamp":"2026-03-11T14:20:39.0068148-03:00","@version":"1","message":"\r\n    create index idx_vlm_vendor_lead_created_at \r\n       on vendor_lead_messages (vendor_lead_id, created_at)","logger_name":"org.hibernate.SQL","thread_name":"main","level":"DEBUG","level_value":10000}
{"@timestamp":"2026-03-11T14:20:39.0090568-03:00","@version":"1","message":"\r\n    alter table if exists public.subscriptions \r\n       add constraint FKb1uf5qnxi6uj95se8ykydntl1 \r\n       foreign key (plan_id) \r\n       references plans","logger_name":"org.hibernate.SQL","thread_name":"main","level":"DEBUG","level_value":10000}
{"@timestamp":"2026-03-11T14:20:39.011146-03:00","@version":"1","message":"\r\n    alter table if exists public.usage_limits \r\n       add constraint FKbg5wda5uc49nfxxoaoepjh6nf \r\n       foreign key (plan_id) \r\n       references plans","logger_name":"org.hibernate.SQL","thread_name":"main","level":"DEBUG","level_value":10000}
{"@timestamp":"2026-03-11T14:20:39.0127066-03:00","@version":"1","message":"\r\n    alter table if exists lead_status_history \r\n       add constraint fk_lsh_user \r\n       foreign key (changed_by) \r\n       references users","logger_name":"org.hibernate.SQL","thread_name":"main","level":"DEBUG","level_value":10000}
{"@timestamp":"2026-03-11T14:20:39.0142712-03:00","@version":"1","message":"\r\n    alter table if exists lead_status_history \r\n       add constraint fk_lsh_lead \r\n       foreign key (lead_id) \r\n       references leads","logger_name":"org.hibernate.SQL","thread_name":"main","level":"DEBUG","level_value":10000}
{"@timestamp":"2026-03-11T14:20:39.0158244-03:00","@version":"1","message":"\r\n    alter table if exists logs \r\n       add constraint fk_logs_user \r\n       foreign key (user_id) \r\n       references users","logger_name":"org.hibernate.SQL","thread_name":"main","level":"DEBUG","level_value":10000}
{"@timestamp":"2026-03-11T14:20:39.0184001-03:00","@version":"1","message":"\r\n    alter table if exists password_reset_token \r\n       add constraint FK83nsrttkwkb6ym0anu051mtxn \r\n       foreign key (user_id) \r\n       references users","logger_name":"org.hibernate.SQL","thread_name":"main","level":"DEBUG","level_value":10000}
{"@timestamp":"2026-03-11T14:20:39.0205158-03:00","@version":"1","message":"\r\n    alter table if exists refresh_tokens \r\n       add constraint fk_refresh_tokens_user \r\n       foreign key (user_id) \r\n       references users","logger_name":"org.hibernate.SQL","thread_name":"main","level":"DEBUG","level_value":10000}
{"@timestamp":"2026-03-11T14:20:39.0223261-03:00","@version":"1","message":"\r\n    alter table if exists settings \r\n       add constraint fk_settings_user \r\n       foreign key (user_id) \r\n       references users","logger_name":"org.hibernate.SQL","thread_name":"main","level":"DEBUG","level_value":10000}
{"@timestamp":"2026-03-11T14:20:39.0244111-03:00","@version":"1","message":"\r\n    alter table if exists users \r\n       add constraint fk_users_role \r\n       foreign key (role_id) \r\n       references roles","logger_name":"org.hibernate.SQL","thread_name":"main","level":"DEBUG","level_value":10000}
{"@timestamp":"2026-03-11T14:20:39.0637447-03:00","@version":"1","message":"HHH90000025: PostgreSQLDialect does not need to be specified explicitly using 'hibernate.dialect' (remove the property setting and it will be selected by default)","logger_name":"org.hibernate.orm.deprecation","thread_name":"main","level":"WARN","level_value":30000}
{"@timestamp":"2026-03-11T14:20:39.3507555-03:00","@version":"1","message":"Tenant context empty. Using default schema: public","logger_name":"com.leadflow.backend.multitenancy.identifier.CurrentTenantIdentifierResolverImpl","thread_name":"main","level":"DEBUG","level_value":10000}
[...]
{"@timestamp":"2026-03-11T14:20:42.6675033-03:00","@version":"1","message":"\r\n    select\r\n        sel1_0.id,\r\n        sel1_0.created_at,\r\n        sel1_0.event_id,\r\n        sel1_0.event_type,\r\n        sel1_0.last_error,\r\n        sel1_0.max_retries,\r\n        sel1_0.next_retry_at,\r\n        sel1_0.payload,\r\n        sel1_0.processed_at,\r\n        sel1_0.retry_count,\r\n        sel1_0.status,\r\n        sel1_0.updated_at \r\n    from\r\n        public.stripe_event_logs sel1_0 \r\n    where\r\n        sel1_0.status=? \r\n        and sel1_0.next_retry_at is not null \r\n        and sel1_0.next_retry_at<=localtimestamp \r\n    order by\r\n        sel1_0.next_retry_at \r\n    fetch\r\n        first 10 rows only","logger_name":"org.hibernate.SQL","thread_name":"scheduler-2","level":"DEBUG","level_value":10000}
{"@timestamp":"2026-03-11T14:20:42.6694795-03:00","@version":"1","message":"Tenant context empty. Using default schema: public","logger_name":"com.leadflow.backend.multitenancy.identifier.CurrentTenantIdentifierResolverImpl","thread_name":"main","level":"DEBUG","level_value":10000}
{"@timestamp":"2026-03-11T14:20:42.6699989-03:00","@version":"1","message":"Connection switched to schema: public","logger_name":"com.leadflow.backend.multitenancy.provider.MultiTenantConnectionProviderImpl","thread_name":"scheduler-1","level":"DEBUG","level_value":10000}
{"@timestamp":"2026-03-11T14:20:42.6707799-03:00","@version":"1","message":"binding parameter (1:TIMESTAMP_UTC) <- [2026-03-11T17:20:42.664981300Z]","logger_name":"org.hibernate.orm.jdbc.bind","thread_name":"scheduler-1","level":"TRACE","level_value":5000}
{"@timestamp":"2026-03-11T14:20:42.6707799-03:00","@version":"1","message":"binding parameter (2:INTEGER) <- [10]","logger_name":"org.hibernate.orm.jdbc.bind","thread_name":"scheduler-1","level":"TRACE","level_value":5000}
{"@timestamp":"2026-03-11T14:20:42.6752095-03:00","@version":"1","message":"No webhooks to retry at this time","logger_name":"com.leadflow.backend.webhook.service.WebhookReplayService","thread_name":"scheduler-1","level":"DEBUG","level_value":10000}
{"@timestamp":"2026-03-11T14:20:42.6793324-03:00","@version":"1","message":"Connection schema reset to public","logger_name":"com.leadflow.backend.multitenancy.provider.MultiTenantConnectionProviderImpl","thread_name":"scheduler-1","level":"DEBUG","level_value":10000}
{"@timestamp":"2026-03-11T14:20:42.6827812-03:00","@version":"1","message":"Connection switched to schema: public","logger_name":"com.leadflow.backend.multitenancy.provider.MultiTenantConnectionProviderImpl","thread_name":"scheduler-2","level":"DEBUG","level_value":10000}
{"@timestamp":"2026-03-11T14:20:42.6833184-03:00","@version":"1","message":"binding parameter (1:VARCHAR) <- [RETRY_PENDING]","logger_name":"org.hibernate.orm.jdbc.bind","thread_name":"scheduler-2","level":"TRACE","level_value":5000}
{"@timestamp":"2026-03-11T14:20:42.686981-03:00","@version":"1","message":"Connection schema reset to public","logger_name":"com.leadflow.backend.multitenancy.provider.MultiTenantConnectionProviderImpl","thread_name":"scheduler-2","level":"DEBUG","level_value":10000}
{"@timestamp":"2026-03-11T14:20:42.748544-03:00","@version":"1","message":"\r\n    insert \r\n    into\r\n        vendors\r\n        (cor_destaque, created_at, email_invalid, external_customer_id, external_subscription_id, last_payment_at, logo_url, mensagem_boas_vindas, name, next_billing_at, nome_empresa, nome_vendedor, schema_name, slug, subscription_expires_at, subscription_started_at, subscription_status, updated_at, user_email, whatsapp_vendedor, id) \r\n    values\r\n        (?, ?, ?, ?, ?, ?, ?, ?, ?, ?, ?, ?, ?, ?, ?, ?, ?, ?, ?, ?, ?)","logger_name":"org.hibernate.SQL","thread_name":"main","level":"DEBUG","level_value":10000}
{"@timestamp":"2026-03-11T14:20:42.7519386-03:00","@version":"1","message":"Connection switched to schema: public","logger_name":"com.leadflow.backend.multitenancy.provider.MultiTenantConnectionProviderImpl","thread_name":"main","level":"DEBUG","level_value":10000}
{"@timestamp":"2026-03-11T14:20:42.7524075-03:00","@version":"1","message":"binding parameter (1:VARCHAR) <- [#FF7A00]","logger_name":"org.hibernate.orm.jdbc.bind","thread_name":"main","level":"TRACE","level_value":5000}
{"@timestamp":"2026-03-11T14:20:42.7524075-03:00","@version":"1","message":"binding parameter (2:TIMESTAMP_UTC) <- [2026-03-11T17:20:42.741344800Z]","logger_name":"org.hibernate.orm.jdbc.bind","thread_name":"main","level":"TRACE","level_value":5000}
{"@timestamp":"2026-03-11T14:20:42.7524075-03:00","@version":"1","message":"binding parameter (3:BOOLEAN) <- [false]","logger_name":"org.hibernate.orm.jdbc.bind","thread_name":"main","level":"TRACE","level_value":5000}
{"@timestamp":"2026-03-11T14:20:42.7524075-03:00","@version":"1","message":"binding parameter (4:VARCHAR) <- [null]","logger_name":"org.hibernate.orm.jdbc.bind","thread_name":"main","level":"TRACE","level_value":5000}
{"@timestamp":"2026-03-11T14:20:42.7524075-03:00","@version":"1","message":"binding parameter (5:VARCHAR) <- [null]","logger_name":"org.hibernate.orm.jdbc.bind","thread_name":"main","level":"TRACE","level_value":5000}
{"@timestamp":"2026-03-11T14:20:42.7531354-03:00","@version":"1","message":"binding parameter (6:TIMESTAMP_UTC) <- [null]","logger_name":"org.hibernate.orm.jdbc.bind","thread_name":"main","level":"TRACE","level_value":5000}
{"@timestamp":"2026-03-11T14:20:42.7531354-03:00","@version":"1","message":"binding parameter (7:VARCHAR) <- [null]","logger_name":"org.hibernate.orm.jdbc.bind","thread_name":"main","level":"TRACE","level_value":5000}
{"@timestamp":"2026-03-11T14:20:42.7531354-03:00","@version":"1","message":"binding parameter (8:VARCHAR) <- [null]","logger_name":"org.hibernate.orm.jdbc.bind","thread_name":"main","level":"TRACE","level_value":5000}
{"@timestamp":"2026-03-11T14:20:42.7531354-03:00","@version":"1","message":"binding parameter (9:VARCHAR) <- [Vendor Teste]","logger_name":"org.hibernate.orm.jdbc.bind","thread_name":"main","level":"TRACE","level_value":5000}
{"@timestamp":"2026-03-11T14:20:42.7531354-03:00","@version":"1","message":"binding parameter (10:TIMESTAMP_UTC) <- [null]","logger_name":"org.hibernate.orm.jdbc.bind","thread_name":"main","level":"TRACE","level_value":5000}
{"@timestamp":"2026-03-11T14:20:42.7531354-03:00","@version":"1","message":"binding parameter (11:VARCHAR) <- [null]","logger_name":"org.hibernate.orm.jdbc.bind","thread_name":"main","level":"TRACE","level_value":5000}
{"@timestamp":"2026-03-11T14:20:42.7531354-03:00","@version":"1","message":"binding parameter (12:VARCHAR) <- [Teste]","logger_name":"org.hibernate.orm.jdbc.bind","thread_name":"main","level":"TRACE","level_value":5000}
{"@timestamp":"2026-03-11T14:20:42.7531354-03:00","@version":"1","message":"binding parameter (13:VARCHAR) <- [null]","logger_name":"org.hibernate.orm.jdbc.bind","thread_name":"main","level":"TRACE","level_value":5000}
{"@timestamp":"2026-03-11T14:20:42.7531354-03:00","@version":"1","message":"binding parameter (14:VARCHAR) <- [teste]","logger_name":"org.hibernate.orm.jdbc.bind","thread_name":"main","level":"TRACE","level_value":5000}
{"@timestamp":"2026-03-11T14:20:42.7531354-03:00","@version":"1","message":"binding parameter (15:TIMESTAMP_UTC) <- [null]","logger_name":"org.hibernate.orm.jdbc.bind","thread_name":"main","level":"TRACE","level_value":5000}
{"@timestamp":"2026-03-11T14:20:42.7531354-03:00","@version":"1","message":"binding parameter (16:TIMESTAMP_UTC) <- [null]","logger_name":"org.hibernate.orm.jdbc.bind","thread_name":"main","level":"TRACE","level_value":5000}
{"@timestamp":"2026-03-11T14:20:42.7531354-03:00","@version":"1","message":"binding parameter (17:VARCHAR) <- [TRIAL]","logger_name":"org.hibernate.orm.jdbc.bind","thread_name":"main","level":"TRACE","level_value":5000}
{"@timestamp":"2026-03-11T14:20:42.7531354-03:00","@version":"1","message":"binding parameter (18:TIMESTAMP_UTC) <- [2026-03-11T17:20:42.740343200Z]","logger_name":"org.hibernate.orm.jdbc.bind","thread_name":"main","level":"TRACE","level_value":5000}
{"@timestamp":"2026-03-11T14:20:42.7531354-03:00","@version":"1","message":"binding parameter (19:VARCHAR) <- [vendor@test.com]","logger_name":"org.hibernate.orm.jdbc.bind","thread_name":"main","level":"TRACE","level_value":5000}
{"@timestamp":"2026-03-11T14:20:42.7531354-03:00","@version":"1","message":"binding parameter (20:VARCHAR) <- [99999999]","logger_name":"org.hibernate.orm.jdbc.bind","thread_name":"main","level":"TRACE","level_value":5000}
{"@timestamp":"2026-03-11T14:20:42.7531354-03:00","@version":"1","message":"binding parameter (21:UUID) <- [a1565a73-3de9-418f-9c15-6631d2c3633f]","logger_name":"org.hibernate.orm.jdbc.bind","thread_name":"main","level":"TRACE","level_value":5000}
{"@timestamp":"2026-03-11T14:20:42.7552419-03:00","@version":"1","message":"\r\n    insert \r\n    into\r\n        vendor_leads\r\n        (created_date, nome_completo, owner_email, resumo_estrategico, score, stage, status, tipo_consorcio, urgencia, valor_credito, vendor_id, whatsapp, id) \r\n    values\r\n        (?, ?, ?, ?, ?, ?, ?, ?, ?, ?, ?, ?, ?)","logger_name":"org.hibernate.SQL","thread_name":"main","level":"DEBUG","level_value":10000}
{"@timestamp":"2026-03-11T14:20:42.7552419-03:00","@version":"1","message":"binding parameter (1:TIMESTAMP_UTC) <- [2026-03-11T17:20:42.742854400Z]","logger_name":"org.hibernate.orm.jdbc.bind","thread_name":"main","level":"TRACE","level_value":5000}
{"@timestamp":"2026-03-11T14:20:42.755766-03:00","@version":"1","message":"binding parameter (2:VARCHAR) <- [Cliente]","logger_name":"org.hibernate.orm.jdbc.bind","thread_name":"main","level":"TRACE","level_value":5000}
{"@timestamp":"2026-03-11T14:20:42.755766-03:00","@version":"1","message":"binding parameter (3:VARCHAR) <- [null]","logger_name":"org.hibernate.orm.jdbc.bind","thread_name":"main","level":"TRACE","level_value":5000}
{"@timestamp":"2026-03-11T14:20:42.755766-03:00","@version":"1","message":"binding parameter (4:VARCHAR) <- [null]","logger_name":"org.hibernate.orm.jdbc.bind","thread_name":"main","level":"TRACE","level_value":5000}
{"@timestamp":"2026-03-11T14:20:42.755766-03:00","@version":"1","message":"binding parameter (5:INTEGER) <- [0]","logger_name":"org.hibernate.orm.jdbc.bind","thread_name":"main","level":"TRACE","level_value":5000}
{"@timestamp":"2026-03-11T14:20:42.755766-03:00","@version":"1","message":"binding parameter (6:VARCHAR) <- [NOVO]","logger_name":"org.hibernate.orm.jdbc.bind","thread_name":"main","level":"TRACE","level_value":5000}
{"@timestamp":"2026-03-11T14:20:42.755766-03:00","@version":"1","message":"binding parameter (7:VARCHAR) <- [novo]","logger_name":"org.hibernate.orm.jdbc.bind","thread_name":"main","level":"TRACE","level_value":5000}
{"@timestamp":"2026-03-11T14:20:42.755766-03:00","@version":"1","message":"binding parameter (8:VARCHAR) <- [null]","logger_name":"org.hibernate.orm.jdbc.bind","thread_name":"main","level":"TRACE","level_value":5000}
{"@timestamp":"2026-03-11T14:20:42.755766-03:00","@version":"1","message":"binding parameter (9:VARCHAR) <- [null]","logger_name":"org.hibernate.orm.jdbc.bind","thread_name":"main","level":"TRACE","level_value":5000}
{"@timestamp":"2026-03-11T14:20:42.755766-03:00","@version":"1","message":"binding parameter (10:VARCHAR) <- [null]","logger_name":"org.hibernate.orm.jdbc.bind","thread_name":"main","level":"TRACE","level_value":5000}
{"@timestamp":"2026-03-11T14:20:42.755766-03:00","@version":"1","message":"binding parameter (11:UUID) <- [a1565a73-3de9-418f-9c15-6631d2c3633f]","logger_name":"org.hibernate.orm.jdbc.bind","thread_name":"main","level":"TRACE","level_value":5000}
{"@timestamp":"2026-03-11T14:20:42.755766-03:00","@version":"1","message":"binding parameter (12:VARCHAR) <- [88888888]","logger_name":"org.hibernate.orm.jdbc.bind","thread_name":"main","level":"TRACE","level_value":5000}
{"@timestamp":"2026-03-11T14:20:42.755766-03:00","@version":"1","message":"binding parameter (13:UUID) <- [85ff5098-d626-4dac-abeb-fcbbabbf6d45]","logger_name":"org.hibernate.orm.jdbc.bind","thread_name":"main","level":"TRACE","level_value":5000}
{"@timestamp":"2026-03-11T14:20:42.7578708-03:00","@version":"1","message":"\r\n    select\r\n        vl1_0.id,\r\n        vl1_0.created_date,\r\n        vl1_0.nome_completo,\r\n        vl1_0.owner_email,\r\n        vl1_0.resumo_estrategico,\r\n        vl1_0.score,\r\n        vl1_0.stage,\r\n        vl1_0.status,\r\n        vl1_0.tipo_consorcio,\r\n        vl1_0.urgencia,\r\n        vl1_0.valor_credito,\r\n        vl1_0.vendor_id,\r\n        vl1_0.whatsapp \r\n    from\r\n        vendor_leads vl1_0 \r\n    where\r\n        vl1_0.id=? \r\n        and vl1_0.vendor_id=?","logger_name":"org.hibernate.SQL","thread_name":"main","level":"DEBUG","level_value":10000}
{"@timestamp":"2026-03-11T14:20:42.7578708-03:00","@version":"1","message":"binding parameter (1:UUID) <- [85ff5098-d626-4dac-abeb-fcbbabbf6d45]","logger_name":"org.hibernate.orm.jdbc.bind","thread_name":"main","level":"TRACE","level_value":5000}
{"@timestamp":"2026-03-11T14:20:42.7583972-03:00","@version":"1","message":"binding parameter (2:UUID) <- [a1565a73-3de9-418f-9c15-6631d2c3633f]","logger_name":"org.hibernate.orm.jdbc.bind","thread_name":"main","level":"TRACE","level_value":5000}
{"@timestamp":"2026-03-11T14:20:42.7620802-03:00","@version":"1","message":"lead_stage_changed vendorId=a1565a73-3de9-418f-9c15-6631d2c3633f leadId=85ff5098-d626-4dac-abeb-fcbbabbf6d45 from=NOVO to=CONTATO","logger_name":"com.leadflow.backend.service.vendor.VendorLeadService","thread_name":"main","level":"INFO","level_value":20000}
{"@timestamp":"2026-03-11T14:20:42.7730686-03:00","@version":"1","message":"\r\n    insert \r\n    into\r\n        vendor_lead_stage_history\r\n        (changed_at, new_stage, previous_stage, vendor_lead_id, id) \r\n    values\r\n        (?, ?, ?, ?, ?)","logger_name":"org.hibernate.SQL","thread_name":"main","level":"DEBUG","level_value":10000}
{"@timestamp":"2026-03-11T14:20:42.7730686-03:00","@version":"1","message":"binding parameter (1:TIMESTAMP_UTC) <- [2026-03-11T17:20:42.762596900Z]","logger_name":"org.hibernate.orm.jdbc.bind","thread_name":"main","level":"TRACE","level_value":5000}
{"@timestamp":"2026-03-11T14:20:42.7730686-03:00","@version":"1","message":"binding parameter (2:VARCHAR) <- [CONTATO]","logger_name":"org.hibernate.orm.jdbc.bind","thread_name":"main","level":"TRACE","level_value":5000}
{"@timestamp":"2026-03-11T14:20:42.7730686-03:00","@version":"1","message":"binding parameter (3:VARCHAR) <- [NOVO]","logger_name":"org.hibernate.orm.jdbc.bind","thread_name":"main","level":"TRACE","level_value":5000}
{"@timestamp":"2026-03-11T14:20:42.7730686-03:00","@version":"1","message":"binding parameter (4:UUID) <- [85ff5098-d626-4dac-abeb-fcbbabbf6d45]","logger_name":"org.hibernate.orm.jdbc.bind","thread_name":"main","level":"TRACE","level_value":5000}
{"@timestamp":"2026-03-11T14:20:42.7730686-03:00","@version":"1","message":"binding parameter (5:UUID) <- [8cc746a7-e513-4ca3-b4a4-4b3548e1b9fc]","logger_name":"org.hibernate.orm.jdbc.bind","thread_name":"main","level":"TRACE","level_value":5000}
{"@timestamp":"2026-03-11T14:20:42.7757237-03:00","@version":"1","message":"\r\n    update\r\n        vendor_leads \r\n    set\r\n        nome_completo=?,\r\n        owner_email=?,\r\n        resumo_estrategico=?,\r\n        score=?,\r\n        stage=?,\r\n        status=?,\r\n        tipo_consorcio=?,\r\n        urgencia=?,\r\n        valor_credito=?,\r\n        vendor_id=?,\r\n        whatsapp=? \r\n    where\r\n        id=?","logger_name":"org.hibernate.SQL","thread_name":"main","level":"DEBUG","level_value":10000}
{"@timestamp":"2026-03-11T14:20:42.7757237-03:00","@version":"1","message":"binding parameter (1:VARCHAR) <- [Cliente]","logger_name":"org.hibernate.orm.jdbc.bind","thread_name":"main","level":"TRACE","level_value":5000}
{"@timestamp":"2026-03-11T14:20:42.7762567-03:00","@version":"1","message":"binding parameter (2:VARCHAR) <- [null]","logger_name":"org.hibernate.orm.jdbc.bind","thread_name":"main","level":"TRACE","level_value":5000}
{"@timestamp":"2026-03-11T14:20:42.7762567-03:00","@version":"1","message":"binding parameter (3:VARCHAR) <- [null]","logger_name":"org.hibernate.orm.jdbc.bind","thread_name":"main","level":"TRACE","level_value":5000}
{"@timestamp":"2026-03-11T14:20:42.7762567-03:00","@version":"1","message":"binding parameter (4:INTEGER) <- [20]","logger_name":"org.hibernate.orm.jdbc.bind","thread_name":"main","level":"TRACE","level_value":5000}
{"@timestamp":"2026-03-11T14:20:42.7762567-03:00","@version":"1","message":"binding parameter (5:VARCHAR) <- [CONTATO]","logger_name":"org.hibernate.orm.jdbc.bind","thread_name":"main","level":"TRACE","level_value":5000}
{"@timestamp":"2026-03-11T14:20:42.7762567-03:00","@version":"1","message":"binding parameter (6:VARCHAR) <- [novo]","logger_name":"org.hibernate.orm.jdbc.bind","thread_name":"main","level":"TRACE","level_value":5000}
{"@timestamp":"2026-03-11T14:20:42.7762567-03:00","@version":"1","message":"binding parameter (7:VARCHAR) <- [null]","logger_name":"org.hibernate.orm.jdbc.bind","thread_name":"main","level":"TRACE","level_value":5000}
{"@timestamp":"2026-03-11T14:20:42.7762567-03:00","@version":"1","message":"binding parameter (8:VARCHAR) <- [null]","logger_name":"org.hibernate.orm.jdbc.bind","thread_name":"main","level":"TRACE","level_value":5000}
{"@timestamp":"2026-03-11T14:20:42.7762567-03:00","@version":"1","message":"binding parameter (9:VARCHAR) <- [null]","logger_name":"org.hibernate.orm.jdbc.bind","thread_name":"main","level":"TRACE","level_value":5000}
{"@timestamp":"2026-03-11T14:20:42.7762567-03:00","@version":"1","message":"binding parameter (10:UUID) <- [a1565a73-3de9-418f-9c15-6631d2c3633f]","logger_name":"org.hibernate.orm.jdbc.bind","thread_name":"main","level":"TRACE","level_value":5000}
{"@timestamp":"2026-03-11T14:20:42.7762567-03:00","@version":"1","message":"binding parameter (11:VARCHAR) <- [88888888]","logger_name":"org.hibernate.orm.jdbc.bind","thread_name":"main","level":"TRACE","level_value":5000}
{"@timestamp":"2026-03-11T14:20:42.7762567-03:00","@version":"1","message":"binding parameter (12:UUID) <- [85ff5098-d626-4dac-abeb-fcbbabbf6d45]","logger_name":"org.hibernate.orm.jdbc.bind","thread_name":"main","level":"TRACE","level_value":5000}
{"@timestamp":"2026-03-11T14:20:42.777839-03:00","@version":"1","message":"\r\n    select\r\n        vlsh1_0.id,\r\n        vlsh1_0.changed_at,\r\n        vlsh1_0.new_stage,\r\n        vlsh1_0.previous_stage,\r\n        vlsh1_0.vendor_lead_id \r\n    from\r\n        vendor_lead_stage_history vlsh1_0 \r\n    where\r\n        vlsh1_0.vendor_lead_id=? \r\n    order by\r\n        vlsh1_0.changed_at desc","logger_name":"org.hibernate.SQL","thread_name":"main","level":"DEBUG","level_value":10000}
{"@timestamp":"2026-03-11T14:20:42.7783718-03:00","@version":"1","message":"binding parameter (1:UUID) <- [85ff5098-d626-4dac-abeb-fcbbabbf6d45]","logger_name":"org.hibernate.orm.jdbc.bind","thread_name":"main","level":"TRACE","level_value":5000}
{"@timestamp":"2026-03-11T14:20:42.7869412-03:00","@version":"1","message":"Connection schema reset to public","logger_name":"com.leadflow.backend.multitenancy.provider.MultiTenantConnectionProviderImpl","thread_name":"main","level":"DEBUG","level_value":10000}
]]></system-out>
  </testcase>
</testsuite>