<?xml version="1.0" encoding="UTF-8"?>
<testsuite xmlns:xsi="http://www.w3.org/2001/XMLSchema-instance" xsi:noNamespaceSchemaLocation="https://maven.apache.org/surefire/maven-surefire-plugin/xsd/surefire-test-report-3.0.xsd" version="3.0" name="com.leadflow.backend.controller.admin.AdminOverviewIntegrationTest" time="21.045" tests="4" errors="4" skipped="0" failures="0">
  <properties>
[...]
</properties>
  <testcase name="shouldRegisterLoginAndReturnToken" classname="com.leadflow.backend.controller.admin.AdminOverviewIntegrationTest" time="0.002">
    <error message="Failed to load ApplicationContext for [WebMergedContextConfiguration@3913408b testClass = com.leadflow.backend.controller.admin.AdminOverviewIntegrationTest, locations = [], classes = [com.leadflow.backend.BackendApplication], contextInitializerClasses = [], activeProfiles = [&quot;test&quot;], propertySourceDescriptors = [], propertySourceProperties = [&quot;org.springframework.boot.test.context.SpringBootTestContextBootstrapper=true&quot;], contextCustomizers = [[ImportsContextCustomizer@2bb5fbdd key = [org.springframework.boot.autoconfigure.security.oauth2.client.servlet.OAuth2ClientWebSecurityAutoConfiguration, com.leadflow.backend.config.TestBillingConfig, org.springframework.boot.autoconfigure.security.saml2.Saml2RelyingPartyAutoConfiguration, org.springframework.boot.test.autoconfigure.web.servlet.MockMvcSecurityConfiguration, org.springframework.boot.test.autoconfigure.web.servlet.MockMvcWebClientAutoConfiguration, org.springframework.boot.test.autoconfigure.web.reactive.WebTestClientAutoConfiguration, org.springframework.boot.test.autoconfigure.web.servlet.MockMvcWebDriverAutoConfiguration, org.springframework.boot.test.autoconfigure.web.servlet.MockMvcAutoConfiguration, org.springframework.boot.autoconfigure.security.servlet.SecurityAutoConfiguration, org.springframework.boot.autoconfigure.security.servlet.SecurityFilterAutoConfiguration, org.springframework.boot.autoconfigure.security.servlet.UserDetailsServiceAutoConfiguration, org.springframework.boot.autoconfigure.security.oauth2.resource.servlet.OAuth2ResourceServerAutoConfiguration, org.springframework.boot.autoconfigure.security.oauth2.client.OAuth2ClientAutoConfiguration]], org.springframework.boot.test.context.filter.ExcludeFilterContextCustomizer@6a87026, org.springframework.boot.test.json.DuplicateJsonObjectContextCustomizerFactory$DuplicateJsonObjectContextCustomizer@2503ec73, org.springframework.boot.test.mock.mockito.MockitoContextCustomizer@e2300016, org.springframework.boot.test.web.client.TestRestTemplateContextCustomizer@3da701a1, org.springframework.boot.test.web.reactor.netty.DisableReactorResourceFactoryGlobalResourcesContextCustomizerFactory$DisableReactorResourceFactoryGlobalResourcesContextCustomizerCustomizer@63538bb4, org.springframework.boot.test.autoconfigure.OnFailureConditionReportContextCustomizerFactory$OnFailureConditionReportContextCustomizer@106d77da, org.springframework.boot.test.autoconfigure.actuate.observability.ObservabilityContextCustomizerFactory$DisableObservabilityContextCustomizer@1f, org.springframework.boot.test.autoconfigure.properties.PropertyMappingContextCustomizer@4b3fa0b3, org.springframework.boot.test.autoconfigure.web.servlet.WebDriverContextCustomizer@4b5a078a, org.springframework.test.context.bean.override.BeanOverrideContextCustomizer@c14c9fec, org.springframework.test.context.support.DynamicPropertiesContextCustomizer@74b3a85f, org.springframework.boot.test.context.SpringBootTestAnnotation@be354986], resourceBasePath = &quot;src/main/webapp&quot;, contextLoader = org.springframework.boot.test.context.SpringBootContextLoader, parent = null]" type="java.lang.IllegalStateException"><![CDATA[java.lang.IllegalStateException: Failed to load ApplicationContext for [WebMergedContextConfiguration@3913408b testClass = com.leadflow.backend.controller.admin.AdminOverviewIntegrationTest, locations = [], classes = [com.leadflow.backend.BackendApplication], contextInitializerClasses = [], activeProfiles = ["test"], propertySourceDescriptors = [], propertySourceProperties = ["org.springframework.boot.test.context.SpringBootTestContextBootstrapper=true"], contextCustomizers = [[ImportsContextCustomizer@2bb5fbdd key = [org.springframework.boot.autoconfigure.security.oauth2.client.servlet.OAuth2ClientWebSecurityAutoConfiguration, com.leadflow.backend.config.TestBillingConfig, org.springframework.boot.autoconfigure.security.saml2.Saml2RelyingPartyAutoConfiguration, org.springframework.boot.test.autoconfigure.web.servlet.MockMvcSecurityConfiguration, org.springframework.boot.test.autoconfigure.web.servlet.MockMvcWebClientAutoConfiguration, org.springframework.boot.test.autoconfigure.web.reactive.WebTestClientAutoConfiguration, org.springframework.boot.test.autoconfigure.web.servlet.MockMvcWebDriverAutoConfiguration, org.springframework.boot.test.autoconfigure.web.servlet.MockMvcAutoConfiguration, org.springframework.boot.autoconfigure.security.servlet.SecurityAutoConfiguration, org.springframework.boot.autoconfigure.security.servlet.SecurityFilterAutoConfiguration, org.springframework.boot.autoconfigure.security.servlet.UserDetailsServiceAutoConfiguration, org.springframework.boot.autoconfigure.security.oauth2.resource.servlet.OAuth2ResourceServerAutoConfiguration, org.springframework.boot.autoconfigure.security.oauth2.client.OAuth2ClientAutoConfiguration]], org.springframework.boot.test.context.filter.ExcludeFilterContextCustomizer@6a87026, org.springframework.boot.test.json.DuplicateJsonObjectContextCustomizerFactory$DuplicateJsonObjectContextCustomizer@2503ec73, org.springframework.boot.test.mock.mockito.MockitoContextCustomizer@e2300016, org.springframework.boot.test.web.client.TestRestTemplateContextCustomizer@3da701a1, org.springframework.boot.test.web.reactor.netty.DisableReactorResourceFactoryGlobalResourcesContextCustomizerFactory$DisableReactorResourceFactoryGlobalResourcesContextCustomizerCustomizer@63538bb4, org.springframework.boot.test.autoconfigure.OnFailureConditionReportContextCustomizerFactory$OnFailureConditionReportContextCustomizer@106d77da, org.springframework.boot.test.autoconfigure.actuate.observability.ObservabilityContextCustomizerFactory$DisableObservabilityContextCustomizer@1f, org.springframework.boot.test.autoconfigure.properties.PropertyMappingContextCustomizer@4b3fa0b3, org.springframework.boot.test.autoconfigure.web.servlet.WebDriverContextCustomizer@4b5a078a, org.springframework.test.context.bean.override.BeanOverrideContextCustomizer@c14c9fec, org.springframework.test.context.support.DynamicPropertiesContextCustomizer@74b3a85f, org.springframework.boot.test.context.SpringBootTestAnnotation@be354986], resourceBasePath = "src/main/webapp", contextLoader = org.springframework.boot.test.context.SpringBootContextLoader, parent = null]
	at org.springframework.test.context.cache.DefaultCacheAwareContextLoaderDelegate.loadContext(DefaultCacheAwareContextLoaderDelegate.java:180)
	at org.springframework.test.context.support.DefaultTestContext.getApplicationContext(DefaultTestContext.java:130)
	at org.springframework.test.context.web.ServletTestExecutionListener.setUpRequestContextIfNecessary(ServletTestExecutionListener.java:200)
	at org.springframework.test.context.web.ServletTestExecutionListener.prepareTestInstance(ServletTestExecutionListener.java:139)
	at org.springframework.test.context.TestContextManager.prepareTestInstance(TestContextManager.java:260)
	at org.springframework.test.context.junit.jupiter.SpringExtension.postProcessTestInstance(SpringExtension.java:159)
	at java.base/java.util.stream.ForEachOps$ForEachOp$OfRef.accept(ForEachOps.java:183)
	at java.base/java.util.stream.ReferencePipeline$3$1.accept(ReferencePipeline.java:197)
	at java.base/java.util.stream.ReferencePipeline$2$1.accept(ReferencePipeline.java:179)
	at java.base/java.util.stream.ReferencePipeline$3$1.accept(ReferencePipeline.java:197)
	at java.base/java.util.ArrayList$ArrayListSpliterator.forEachRemaining(ArrayList.java:1625)
	at java.base/java.util.stream.AbstractPipeline.copyInto(AbstractPipeline.java:509)
	at java.base/java.util.stream.AbstractPipeline.wrapAndCopyInto(AbstractPipeline.java:499)
	at java.base/java.util.stream.ForEachOps$ForEachOp.evaluateSequential(ForEachOps.java:150)
	at java.base/java.util.stream.ForEachOps$ForEachOp$OfRef.evaluateSequential(ForEachOps.java:173)
	at java.base/java.util.stream.AbstractPipeline.evaluate(AbstractPipeline.java:234)
	at java.base/java.util.stream.ReferencePipeline.forEach(ReferencePipeline.java:596)
	at java.base/java.util.Optional.orElseGet(Optional.java:364)
	at java.base/java.util.ArrayList.forEach(ArrayList.java:1511)
	at java.base/java.util.ArrayList.forEach(ArrayList.java:1511)
Caused by: org.springframework.beans.factory.BeanCreationException: Error creating bean with name 'stripeRetry' defined in class path resource [com/leadflow/backend/resilience/config/Resilience4jConfiguration.class]: Failed to instantiate [io.github.resilience4j.retry.Retry]: Factory method 'stripeRetry' threw exception with message: The intervalFunction was configured twice which could result in an undesired state. Please use either intervalFunction or intervalBiFunction.
	at org.springframework.beans.factory.support.ConstructorResolver.instantiate(ConstructorResolver.java:657)
	at org.springframework.beans.factory.support.ConstructorResolver.instantiateUsingFactoryMethod(ConstructorResolver.java:645)
	at org.springframework.beans.factory.support.AbstractAutowireCapableBeanFactory.instantiateUsingFactoryMethod(AbstractAutowireCapableBeanFactory.java:1375)
	at org.springframework.beans.factory.support.AbstractAutowireCapableBeanFactory.createBeanInstance(AbstractAutowireCapableBeanFactory.java:1205)
	at org.springframework.beans.factory.support.AbstractAutowireCapableBeanFactory.doCreateBean(AbstractAutowireCapableBeanFactory.java:569)
	at org.springframework.beans.factory.support.AbstractAutowireCapableBeanFactory.createBean(AbstractAutowireCapableBeanFactory.java:529)
	at org.springframework.beans.factory.support.AbstractBeanFactory.lambda$doGetBean$0(AbstractBeanFactory.java:339)
	at org.springframework.beans.factory.support.DefaultSingletonBeanRegistry.getSingleton(DefaultSingletonBeanRegistry.java:373)
	at org.springframework.beans.factory.support.AbstractBeanFactory.doGetBean(AbstractBeanFactory.java:337)
	at org.springframework.beans.factory.support.AbstractBeanFactory.getBean(AbstractBeanFactory.java:202)
	at org.springframework.beans.factory.support.DefaultListableBeanFactory.instantiateSingleton(DefaultListableBeanFactory.java:1228)
	at org.springframework.beans.factory.support.DefaultListableBeanFactory.preInstantiateSingleton(DefaultListableBeanFactory.java:1194)
	at org.springframework.beans.factory.support.DefaultListableBeanFactory.preInstantiateSingletons(DefaultListableBeanFactory.java:1130)
	at org.springframework.context.support.AbstractApplicationContext.finishBeanFactoryInitialization(AbstractApplicationContext.java:991)
	at org.springframework.context.support.AbstractApplicationContext.refresh(AbstractApplicationContext.java:628)
	at org.springframework.boot.SpringApplication.refresh(SpringApplication.java:752)
	at org.springframework.boot.SpringApplication.refreshContext(SpringApplication.java:439)
	at org.springframework.boot.SpringApplication.run(SpringApplication.java:318)
	at org.springframework.boot.test.context.SpringBootContextLoader.lambda$loadContext$3(SpringBootContextLoader.java:152)
	at org.springframework.util.function.ThrowingSupplier.get(ThrowingSupplier.java:58)
	at org.springframework.util.function.ThrowingSupplier.get(ThrowingSupplier.java:46)
	at org.springframework.boot.SpringApplication.withHook(SpringApplication.java:1461)
	at org.springframework.boot.test.context.SpringBootContextLoader$ContextLoaderHook.run(SpringBootContextLoader.java:595)
	at org.springframework.boot.test.context.SpringBootContextLoader.loadContext(SpringBootContextLoader.java:152)
	at org.springframework.boot.test.context.SpringBootContextLoader.loadContext(SpringBootContextLoader.java:111)
	at org.springframework.test.context.cache.DefaultCacheAwareContextLoaderDelegate.loadContextInternal(DefaultCacheAwareContextLoaderDelegate.java:225)
	at org.springframework.test.context.cache.DefaultCacheAwareContextLoaderDelegate.loadContext(DefaultCacheAwareContextLoaderDelegate.java:152)
	... 19 more
Caused by: org.springframework.beans.BeanInstantiationException: Failed to instantiate [io.github.resilience4j.retry.Retry]: Factory method 'stripeRetry' threw exception with message: The intervalFunction was configured twice which could result in an undesired state. Please use either intervalFunction or intervalBiFunction.
	at org.springframework.beans.factory.support.SimpleInstantiationStrategy.lambda$instantiate$0(SimpleInstantiationStrategy.java:200)
	at org.springframework.beans.factory.support.SimpleInstantiationStrategy.instantiateWithFactoryMethod(SimpleInstantiationStrategy.java:89)
	at org.springframework.beans.factory.support.SimpleInstantiationStrategy.instantiate(SimpleInstantiationStrategy.java:169)
	at org.springframework.beans.factory.support.ConstructorResolver.instantiate(ConstructorResolver.java:653)
	... 45 more
Caused by: java.lang.IllegalStateException: The intervalFunction was configured twice which could result in an undesired state. Please use either intervalFunction or intervalBiFunction.
	at io.github.resilience4j.retry.RetryConfig$Builder.build(RetryConfig.java:393)
	at com.leadflow.backend.resilience.config.Resilience4jConfiguration.stripeRetry(Resilience4jConfiguration.java:140)
	at com.leadflow.backend.resilience.config.Resilience4jConfiguration$$SpringCGLIB$$0.CGLIB$stripeRetry$1(<generated>)
	at com.leadflow.backend.resilience.config.Resilience4jConfiguration$$SpringCGLIB$$FastClass$$1.invoke(<generated>)
	at org.springframework.cglib.proxy.MethodProxy.invokeSuper(MethodProxy.java:258)
	at org.springframework.context.annotation.ConfigurationClassEnhancer$BeanMethodInterceptor.intercept(ConfigurationClassEnhancer.java:400)
	at com.leadflow.backend.resilience.config.Resilience4jConfiguration$$SpringCGLIB$$0.stripeRetry(<generated>)
	at java.base/java.lang.reflect.Method.invoke(Method.java:569)
	at org.springframework.beans.factory.support.SimpleInstantiationStrategy.lambda$instantiate$0(SimpleInstantiationStrategy.java:172)
	... 48 more
]]></error>
    <system-out><![CDATA[
  .   ____          _            __ _ _
 /\\ / ___'_ __ _ _(_)_ __  __ _ \ \ \ \
( ( )\___ | '_ | '_| | '_ \/ _` | \ \ \ \
 \\/  ___)| |_)| | | | | || (_| |  ) ) ) )
  '  |____| .__|_| |_|_| |_\__, | / / / /
 =========|_|==============|___/=/_/_/_/

 :: Spring Boot ::               (v3.5.11)

{"@timestamp":"2026-03-10T15:34:13.194185-03:00","@version":"1","message":"Starting AdminOverviewIntegrationTest using Java 17.0.16 with PID 3616 (started by Gabri in C:\\Users\\Gabri\\OneDrive\\Ã�rea de Trabalho\\leadflow-backend\\leadflow-backend)","logger_name":"com.leadflow.backend.controller.admin.AdminOverviewIntegrationTest","thread_name":"main","level":"INFO","level_value":20000}
{"@timestamp":"2026-03-10T15:34:13.194185-03:00","@version":"1","message":"Running with Spring Boot v3.5.11, Spring v6.2.16","logger_name":"com.leadflow.backend.controller.admin.AdminOverviewIntegrationTest","thread_name":"main","level":"DEBUG","level_value":10000}
{"@timestamp":"2026-03-10T15:34:13.194185-03:00","@version":"1","message":"The following 1 profile is active: \"test\"","logger_name":"com.leadflow.backend.controller.admin.AdminOverviewIntegrationTest","thread_name":"main","level":"INFO","level_value":20000}
{"@timestamp":"2026-03-10T15:34:19.0488613-03:00","@version":"1","message":"DB: relation \"tenants\" already exists, skipping (SQL State: 42P07 - Error Code: 0)","logger_name":"org.flywaydb.core.internal.sqlscript.DefaultSqlScriptExecutor","thread_name":"main","level":"WARN","level_value":30000}
{"@timestamp":"2026-03-10T15:34:19.0504275-03:00","@version":"1","message":"DB: relation \"idx_tenants_schema_name\" already exists, skipping (SQL State: 42P07 - Error Code: 0)","logger_name":"org.flywaydb.core.internal.sqlscript.DefaultSqlScriptExecutor","thread_name":"main","level":"WARN","level_value":30000}
{"@timestamp":"2026-03-10T15:34:19.0514677-03:00","@version":"1","message":"DB: relation \"idx_tenants_deleted_at\" already exists, skipping (SQL State: 42P07 - Error Code: 0)","logger_name":"org.flywaydb.core.internal.sqlscript.DefaultSqlScriptExecutor","thread_name":"main","level":"WARN","level_value":30000}
{"@timestamp":"2026-03-10T15:34:19.2001935-03:00","@version":"1","message":"DB: relation \"idx_vendor_usage_vendor\" already exists, skipping (SQL State: 42P07 - Error Code: 0)","logger_name":"org.flywaydb.core.internal.sqlscript.DefaultSqlScriptExecutor","thread_name":"main","level":"WARN","level_value":30000}
{"@timestamp":"2026-03-10T15:34:19.2007103-03:00","@version":"1","message":"DB: relation \"idx_vendor_usage_period\" already exists, skipping (SQL State: 42P07 - Error Code: 0)","logger_name":"org.flywaydb.core.internal.sqlscript.DefaultSqlScriptExecutor","thread_name":"main","level":"WARN","level_value":30000}
{"@timestamp":"2026-03-10T15:34:19.3504294-03:00","@version":"1","message":"DB: column \"deleted_at\" of relation \"template_users\" already exists, skipping (SQL State: 42701 - Error Code: 0)","logger_name":"org.flywaydb.core.internal.sqlscript.DefaultSqlScriptExecutor","thread_name":"main","level":"WARN","level_value":30000}
{"@timestamp":"2026-03-10T15:34:19.3684861-03:00","@version":"1","message":"DB: column \"deleted_at\" of relation \"template_leads\" already exists, skipping (SQL State: 42701 - Error Code: 0)","logger_name":"org.flywaydb.core.internal.sqlscript.DefaultSqlScriptExecutor","thread_name":"main","level":"WARN","level_value":30000}
{"@timestamp":"2026-03-10T15:34:19.5040221-03:00","@version":"1","message":"DB: relation \"idx_vendor_usage_vendor\" already exists, skipping (SQL State: 42P07 - Error Code: 0)","logger_name":"org.flywaydb.core.internal.sqlscript.DefaultSqlScriptExecutor","thread_name":"main","level":"WARN","level_value":30000}
{"@timestamp":"2026-03-10T15:34:19.5040221-03:00","@version":"1","message":"DB: relation \"idx_vendor_usage_quota\" already exists, skipping (SQL State: 42P07 - Error Code: 0)","logger_name":"org.flywaydb.core.internal.sqlscript.DefaultSqlScriptExecutor","thread_name":"main","level":"WARN","level_value":30000}
{"@timestamp":"2026-03-10T15:34:19.5045266-03:00","@version":"1","message":"DB: relation \"idx_vendor_usage_period\" already exists, skipping (SQL State: 42P07 - Error Code: 0)","logger_name":"org.flywaydb.core.internal.sqlscript.DefaultSqlScriptExecutor","thread_name":"main","level":"WARN","level_value":30000}
{"@timestamp":"2026-03-10T15:34:19.5927933-03:00","@version":"1","message":"DB: column \"alert80_sent\" of relation \"vendor_usage\" already exists, skipping (SQL State: 42701 - Error Code: 0)","logger_name":"org.flywaydb.core.internal.sqlscript.DefaultSqlScriptExecutor","thread_name":"main","level":"WARN","level_value":30000}
{"@timestamp":"2026-03-10T15:34:19.5933172-03:00","@version":"1","message":"DB: column \"alert100_sent\" of relation \"vendor_usage\" already exists, skipping (SQL State: 42701 - Error Code: 0)","logger_name":"org.flywaydb.core.internal.sqlscript.DefaultSqlScriptExecutor","thread_name":"main","level":"WARN","level_value":30000}
{"@timestamp":"2026-03-10T15:34:19.7354022-03:00","@version":"1","message":"DB: column \"score\" of relation \"vendor_leads\" already exists, skipping (SQL State: 42701 - Error Code: 0)","logger_name":"org.flywaydb.core.internal.sqlscript.DefaultSqlScriptExecutor","thread_name":"main","level":"WARN","level_value":30000}
{"@timestamp":"2026-03-10T15:34:19.751165-03:00","@version":"1","message":"DB: column \"owner_email\" of relation \"vendor_leads\" already exists, skipping (SQL State: 42701 - Error Code: 0)","logger_name":"org.flywaydb.core.internal.sqlscript.DefaultSqlScriptExecutor","thread_name":"main","level":"WARN","level_value":30000}
{"@timestamp":"2026-03-10T15:34:19.7779828-03:00","@version":"1","message":"DB: relation \"idx_vendor_leads_vendor_stage\" already exists, skipping (SQL State: 42P07 - Error Code: 0)","logger_name":"org.flywaydb.core.internal.sqlscript.DefaultSqlScriptExecutor","thread_name":"main","level":"WARN","level_value":30000}
{"@timestamp":"2026-03-10T15:34:19.9903807-03:00","@version":"1","message":"DB: column \"credentials_updated_at\" of relation \"template_users\" already exists, skipping (SQL State: 42701 - Error Code: 0)","logger_name":"org.flywaydb.core.internal.sqlscript.DefaultSqlScriptExecutor","thread_name":"main","level":"WARN","level_value":30000}
{"@timestamp":"2026-03-10T15:34:20.1425598-03:00","@version":"1","message":"DB: column \"mensagem_boas_vindas\" of relation \"vendors\" already exists, skipping (SQL State: 42701 - Error Code: 0)","logger_name":"org.flywaydb.core.internal.sqlscript.DefaultSqlScriptExecutor","thread_name":"main","level":"WARN","level_value":30000}
{"@timestamp":"2026-03-10T15:34:20.2354556-03:00","@version":"1","message":"DB: column \"user_agent\" of relation \"login_audit\" already exists, skipping (SQL State: 42701 - Error Code: 0)","logger_name":"org.flywaydb.core.internal.sqlscript.DefaultSqlScriptExecutor","thread_name":"main","level":"WARN","level_value":30000}
{"@timestamp":"2026-03-10T15:34:20.2365056-03:00","@version":"1","message":"DB: relation \"login_audit\" already exists, skipping (SQL State: 42P07 - Error Code: 0)","logger_name":"org.flywaydb.core.internal.sqlscript.DefaultSqlScriptExecutor","thread_name":"main","level":"WARN","level_value":30000}
{"@timestamp":"2026-03-10T15:34:20.275595-03:00","@version":"1","message":"DB: column \"tenant_id\" of relation \"template_user_sessions\" already exists, skipping (SQL State: 42701 - Error Code: 0)","logger_name":"org.flywaydb.core.internal.sqlscript.DefaultSqlScriptExecutor","thread_name":"main","level":"WARN","level_value":30000}
{"@timestamp":"2026-03-10T15:34:20.2766434-03:00","@version":"1","message":"DB: column \"active\" of relation \"template_user_sessions\" already exists, skipping (SQL State: 42701 - Error Code: 0)","logger_name":"org.flywaydb.core.internal.sqlscript.DefaultSqlScriptExecutor","thread_name":"main","level":"WARN","level_value":30000}
{"@timestamp":"2026-03-10T15:34:20.277793-03:00","@version":"1","message":"DB: relation \"idx_template_user_sessions_user_tenant_active\" already exists, skipping (SQL State: 42P07 - Error Code: 0)","logger_name":"org.flywaydb.core.internal.sqlscript.DefaultSqlScriptExecutor","thread_name":"main","level":"WARN","level_value":30000}
{"@timestamp":"2026-03-10T15:34:20.278885-03:00","@version":"1","message":"DB: relation \"idx_template_user_sessions_token\" already exists, skipping (SQL State: 42P07 - Error Code: 0)","logger_name":"org.flywaydb.core.internal.sqlscript.DefaultSqlScriptExecutor","thread_name":"main","level":"WARN","level_value":30000}
{"@timestamp":"2026-03-10T15:34:20.3119744-03:00","@version":"1","message":"DB: relation \"idx_vendors_subscription_expires_at\" already exists, skipping (SQL State: 42P07 - Error Code: 0)","logger_name":"org.flywaydb.core.internal.sqlscript.DefaultSqlScriptExecutor","thread_name":"main","level":"WARN","level_value":30000}
{"@timestamp":"2026-03-10T15:34:20.3288841-03:00","@version":"1","message":"DB: column \"external_subscription_id\" of relation \"vendors\" already exists, skipping (SQL State: 42701 - Error Code: 0)","logger_name":"org.flywaydb.core.internal.sqlscript.DefaultSqlScriptExecutor","thread_name":"main","level":"WARN","level_value":30000}
{"@timestamp":"2026-03-10T15:34:20.3288841-03:00","@version":"1","message":"DB: column \"last_payment_at\" of relation \"vendors\" already exists, skipping (SQL State: 42701 - Error Code: 0)","logger_name":"org.flywaydb.core.internal.sqlscript.DefaultSqlScriptExecutor","thread_name":"main","level":"WARN","level_value":30000}
{"@timestamp":"2026-03-10T15:34:20.33574-03:00","@version":"1","message":"DB: relation \"idx_vendors_external_subscription_id\" already exists, skipping (SQL State: 42P07 - Error Code: 0)","logger_name":"org.flywaydb.core.internal.sqlscript.DefaultSqlScriptExecutor","thread_name":"main","level":"WARN","level_value":30000}
{"@timestamp":"2026-03-10T15:34:20.3514633-03:00","@version":"1","message":"DB: column \"subscription_expires_at\" of relation \"vendors\" already exists, skipping (SQL State: 42701 - Error Code: 0)","logger_name":"org.flywaydb.core.internal.sqlscript.DefaultSqlScriptExecutor","thread_name":"main","level":"WARN","level_value":30000}
{"@timestamp":"2026-03-10T15:34:20.3573201-03:00","@version":"1","message":"DB: relation \"idx_vendors_subscription_expires_at\" already exists, skipping (SQL State: 42P07 - Error Code: 0)","logger_name":"org.flywaydb.core.internal.sqlscript.DefaultSqlScriptExecutor","thread_name":"main","level":"WARN","level_value":30000}
{"@timestamp":"2026-03-10T15:34:20.3719218-03:00","@version":"1","message":"DB: column \"nome_vendedor\" of relation \"vendors\" already exists, skipping (SQL State: 42701 - Error Code: 0)","logger_name":"org.flywaydb.core.internal.sqlscript.DefaultSqlScriptExecutor","thread_name":"main","level":"WARN","level_value":30000}
{"@timestamp":"2026-03-10T15:34:20.3719218-03:00","@version":"1","message":"DB: column \"whatsapp_vendedor\" of relation \"vendors\" already exists, skipping (SQL State: 42701 - Error Code: 0)","logger_name":"org.flywaydb.core.internal.sqlscript.DefaultSqlScriptExecutor","thread_name":"main","level":"WARN","level_value":30000}
{"@timestamp":"2026-03-10T15:34:20.3734357-03:00","@version":"1","message":"DB: column \"nome_empresa\" of relation \"vendors\" already exists, skipping (SQL State: 42701 - Error Code: 0)","logger_name":"org.flywaydb.core.internal.sqlscript.DefaultSqlScriptExecutor","thread_name":"main","level":"WARN","level_value":30000}
{"@timestamp":"2026-03-10T15:34:20.3734357-03:00","@version":"1","message":"DB: column \"logo_url\" of relation \"vendors\" already exists, skipping (SQL State: 42701 - Error Code: 0)","logger_name":"org.flywaydb.core.internal.sqlscript.DefaultSqlScriptExecutor","thread_name":"main","level":"WARN","level_value":30000}
{"@timestamp":"2026-03-10T15:34:20.3734357-03:00","@version":"1","message":"DB: column \"cor_destaque\" of relation \"vendors\" already exists, skipping (SQL State: 42701 - Error Code: 0)","logger_name":"org.flywaydb.core.internal.sqlscript.DefaultSqlScriptExecutor","thread_name":"main","level":"WARN","level_value":30000}
{"@timestamp":"2026-03-10T15:34:20.3734357-03:00","@version":"1","message":"DB: column \"mensagem_boas_vindas\" of relation \"vendors\" already exists, skipping (SQL State: 42701 - Error Code: 0)","logger_name":"org.flywaydb.core.internal.sqlscript.DefaultSqlScriptExecutor","thread_name":"main","level":"WARN","level_value":30000}
{"@timestamp":"2026-03-10T15:34:20.3734357-03:00","@version":"1","message":"DB: column \"slug\" of relation \"vendors\" already exists, skipping (SQL State: 42701 - Error Code: 0)","logger_name":"org.flywaydb.core.internal.sqlscript.DefaultSqlScriptExecutor","thread_name":"main","level":"WARN","level_value":30000}
{"@timestamp":"2026-03-10T15:34:20.3734357-03:00","@version":"1","message":"DB: column \"email_invalid\" of relation \"vendors\" already exists, skipping (SQL State: 42701 - Error Code: 0)","logger_name":"org.flywaydb.core.internal.sqlscript.DefaultSqlScriptExecutor","thread_name":"main","level":"WARN","level_value":30000}
{"@timestamp":"2026-03-10T15:34:20.3734357-03:00","@version":"1","message":"DB: column \"created_at\" of relation \"vendors\" already exists, skipping (SQL State: 42701 - Error Code: 0)","logger_name":"org.flywaydb.core.internal.sqlscript.DefaultSqlScriptExecutor","thread_name":"main","level":"WARN","level_value":30000}
{"@timestamp":"2026-03-10T15:34:20.3734357-03:00","@version":"1","message":"DB: column \"updated_at\" of relation \"vendors\" already exists, skipping (SQL State: 42701 - Error Code: 0)","logger_name":"org.flywaydb.core.internal.sqlscript.DefaultSqlScriptExecutor","thread_name":"main","level":"WARN","level_value":30000}
{"@timestamp":"2026-03-10T15:34:20.3739621-03:00","@version":"1","message":"DB: column \"schema_name\" of relation \"vendors\" already exists, skipping (SQL State: 42701 - Error Code: 0)","logger_name":"org.flywaydb.core.internal.sqlscript.DefaultSqlScriptExecutor","thread_name":"main","level":"WARN","level_value":30000}
{"@timestamp":"2026-03-10T15:34:20.3739621-03:00","@version":"1","message":"DB: column \"name\" of relation \"vendors\" already exists, skipping (SQL State: 42701 - Error Code: 0)","logger_name":"org.flywaydb.core.internal.sqlscript.DefaultSqlScriptExecutor","thread_name":"main","level":"WARN","level_value":30000}
{"@timestamp":"2026-03-10T15:34:20.3828076-03:00","@version":"1","message":"DB: relation \"idx_vendors_slug\" already exists, skipping (SQL State: 42P07 - Error Code: 0)","logger_name":"org.flywaydb.core.internal.sqlscript.DefaultSqlScriptExecutor","thread_name":"main","level":"WARN","level_value":30000}
{"@timestamp":"2026-03-10T15:34:20.399289-03:00","@version":"1","message":"DB: column \"owner_email\" of relation \"vendor_leads\" already exists, skipping (SQL State: 42701 - Error Code: 0)","logger_name":"org.flywaydb.core.internal.sqlscript.DefaultSqlScriptExecutor","thread_name":"main","level":"WARN","level_value":30000}
{"@timestamp":"2026-03-10T15:34:20.399289-03:00","@version":"1","message":"DB: column \"resumo_estrategico\" of relation \"vendor_leads\" already exists, skipping (SQL State: 42701 - Error Code: 0)","logger_name":"org.flywaydb.core.internal.sqlscript.DefaultSqlScriptExecutor","thread_name":"main","level":"WARN","level_value":30000}
{"@timestamp":"2026-03-10T15:34:20.399289-03:00","@version":"1","message":"DB: column \"score\" of relation \"vendor_leads\" already exists, skipping (SQL State: 42701 - Error Code: 0)","logger_name":"org.flywaydb.core.internal.sqlscript.DefaultSqlScriptExecutor","thread_name":"main","level":"WARN","level_value":30000}
{"@timestamp":"2026-03-10T15:34:20.4283706-03:00","@version":"1","message":"DB: column \"valor_credito\" of relation \"vendor_leads\" already exists, skipping (SQL State: 42701 - Error Code: 0)","logger_name":"org.flywaydb.core.internal.sqlscript.DefaultSqlScriptExecutor","thread_name":"main","level":"WARN","level_value":30000}
{"@timestamp":"2026-03-10T15:34:21.2741502-03:00","@version":"1","message":"HHH90000025: PostgreSQLDialect does not need to be specified explicitly using 'hibernate.dialect' (remove the property setting and it will be selected by default)","logger_name":"org.hibernate.orm.deprecation","thread_name":"main","level":"WARN","level_value":30000}
{"@timestamp":"2026-03-10T15:34:22.8541995-03:00","@version":"1","message":"HHH90000025: PostgreSQLDialect does not need to be specified explicitly using 'hibernate.dialect' (remove the property setting and it will be selected by default)","logger_name":"org.hibernate.orm.deprecation","thread_name":"main","level":"WARN","level_value":30000}
{"@timestamp":"2026-03-10T15:34:23.4509025-03:00","@version":"1","message":"Tenant context empty. Using default schema: public","logger_name":"com.leadflow.backend.multitenancy.identifier.CurrentTenantIdentifierResolverImpl","thread_name":"main","level":"DEBUG","level_value":10000}
{"@timestamp":"2026-03-10T15:34:23.587536-03:00","@version":"1","message":"Tenant context empty. Using default schema: public","logger_name":"com.leadflow.backend.multitenancy.identifier.CurrentTenantIdentifierResolverImpl","thread_name":"main","level":"DEBUG","level_value":10000}
{"@timestamp":"2026-03-10T15:34:23.5905522-03:00","@version":"1","message":"Tenant context empty. Using default schema: public","logger_name":"com.leadflow.backend.multitenancy.identifier.CurrentTenantIdentifierResolverImpl","thread_name":"main","level":"DEBUG","level_value":10000}
{"@timestamp":"2026-03-10T15:34:23.592064-03:00","@version":"1","message":"Tenant context empty. Using default schema: public","logger_name":"com.leadflow.backend.multitenancy.identifier.CurrentTenantIdentifierResolverImpl","thread_name":"main","level":"DEBUG","level_value":10000}
{"@timestamp":"2026-03-10T15:34:23.5930692-03:00","@version":"1","message":"Tenant context empty. Using default schema: public","logger_name":"com.leadflow.backend.multitenancy.identifier.CurrentTenantIdentifierResolverImpl","thread_name":"main","level":"DEBUG","level_value":10000}
{"@timestamp":"2026-03-10T15:34:23.5940696-03:00","@version":"1","message":"Tenant context empty. Using default schema: public","logger_name":"com.leadflow.backend.multitenancy.identifier.CurrentTenantIdentifierResolverImpl","thread_name":"main","level":"DEBUG","level_value":10000}
{"@timestamp":"2026-03-10T15:34:23.5976675-03:00","@version":"1","message":"Tenant context empty. Using default schema: public","logger_name":"com.leadflow.backend.multitenancy.identifier.CurrentTenantIdentifierResolverImpl","thread_name":"main","level":"DEBUG","level_value":10000}
{"@timestamp":"2026-03-10T15:34:23.7925177-03:00","@version":"1","message":"Slack alerting service not configured (slack.webhook.url not set)","logger_name":"com.leadflow.backend.alert.config.AlertingConfiguration","thread_name":"main","level":"DEBUG","level_value":10000}
{"@timestamp":"2026-03-10T15:34:24.0158571-03:00","@version":"1","message":"Tenant context empty. Using default schema: public","logger_name":"com.leadflow.backend.multitenancy.identifier.CurrentTenantIdentifierResolverImpl","thread_name":"main","level":"DEBUG","level_value":10000}
{"@timestamp":"2026-03-10T15:34:24.017365-03:00","@version":"1","message":"Tenant context empty. Using default schema: public","logger_name":"com.leadflow.backend.multitenancy.identifier.CurrentTenantIdentifierResolverImpl","thread_name":"main","level":"DEBUG","level_value":10000}
{"@timestamp":"2026-03-10T15:34:24.0740058-03:00","@version":"1","message":"Tenant context empty. Using default schema: public","logger_name":"com.leadflow.backend.multitenancy.identifier.CurrentTenantIdentifierResolverImpl","thread_name":"main","level":"DEBUG","level_value":10000}
{"@timestamp":"2026-03-10T15:34:24.0784055-03:00","@version":"1","message":"Connection switched to schema: public","logger_name":"com.leadflow.backend.multitenancy.provider.MultiTenantConnectionProviderImpl","thread_name":"main","level":"DEBUG","level_value":10000}
{"@timestamp":"2026-03-10T15:34:24.480806-03:00","@version":"1","message":"\r\n    select\r\n        count(*) \r\n    from\r\n        plans p1_0","logger_name":"org.hibernate.SQL","thread_name":"main","level":"DEBUG","level_value":10000}
{"@timestamp":"2026-03-10T15:34:24.5112781-03:00","@version":"1","message":"Connection schema reset to public","logger_name":"com.leadflow.backend.multitenancy.provider.MultiTenantConnectionProviderImpl","thread_name":"main","level":"DEBUG","level_value":10000}
{"@timestamp":"2026-03-10T15:34:24.5118015-03:00","@version":"1","message":"Plano jÃ¡ existe no banco de dados","logger_name":"com.leadflow.backend.config.PlanInitializer","thread_name":"main","level":"INFO","level_value":20000}
{"@timestamp":"2026-03-10T15:34:24.5279913-03:00","@version":"1","message":"=== Initializing Stripe Configuration ===","logger_name":"com.leadflow.backend.config.StripeProperties","thread_name":"main","level":"INFO","level_value":20000}
{"@timestamp":"2026-03-10T15:34:24.5279913-03:00","@version":"1","message":"âš ï¸�  Stripe Mode: TEST (Key: sk_test_dummy...)","logger_name":"com.leadflow.backend.config.StripeProperties","thread_name":"main","level":"WARN","level_value":30000}
{"@timestamp":"2026-03-10T15:34:24.5279913-03:00","@version":"1","message":"âœ… Stripe SDK initialized successfully","logger_name":"com.leadflow.backend.config.StripeProperties","thread_name":"main","level":"INFO","level_value":20000}
{"@timestamp":"2026-03-10T15:34:24.5279913-03:00","@version":"1","message":"Stripe Configuration Summary:","logger_name":"com.leadflow.backend.config.StripeProperties","thread_name":"main","level":"INFO","level_value":20000}
{"@timestamp":"2026-03-10T15:34:24.5279913-03:00","@version":"1","message":"  - API Key: sk_test_dummy... (TEST)","logger_name":"com.leadflow.backend.config.StripeProperties","thread_name":"main","level":"INFO","level_value":20000}
{"@timestamp":"2026-03-10T15:34:24.5279913-03:00","@version":"1","message":"  - Webhook Enabled: true","logger_name":"com.leadflow.backend.config.StripeProperties","thread_name":"main","level":"INFO","level_value":20000}
{"@timestamp":"2026-03-10T15:34:24.5279913-03:00","@version":"1","message":"  - Webhook Timestamp Tolerance: 300s","logger_name":"com.leadflow.backend.config.StripeProperties","thread_name":"main","level":"INFO","level_value":20000}
{"@timestamp":"2026-03-10T15:34:24.5279913-03:00","@version":"1","message":"  - Retry Max Attempts: 3","logger_name":"com.leadflow.backend.config.StripeProperties","thread_name":"main","level":"INFO","level_value":20000}
{"@timestamp":"2026-03-10T15:34:24.5279913-03:00","@version":"1","message":"  - Connection Timeout: 10000ms","logger_name":"com.leadflow.backend.config.StripeProperties","thread_name":"main","level":"INFO","level_value":20000}
{"@timestamp":"2026-03-10T15:34:24.5279913-03:00","@version":"1","message":"  - Read Timeout: 30000ms","logger_name":"com.leadflow.backend.config.StripeProperties","thread_name":"main","level":"INFO","level_value":20000}
{"@timestamp":"2026-03-10T15:34:24.5279913-03:00","@version":"1","message":"  - Events Persistence: true (Max Age: 90 days)","logger_name":"com.leadflow.backend.config.StripeProperties","thread_name":"main","level":"INFO","level_value":20000}
{"@timestamp":"2026-03-10T15:34:24.5804604-03:00","@version":"1","message":"Tenant context empty. Using default schema: public","logger_name":"com.leadflow.backend.multitenancy.identifier.CurrentTenantIdentifierResolverImpl","thread_name":"main","level":"DEBUG","level_value":10000}
{"@timestamp":"2026-03-10T15:34:24.5849739-03:00","@version":"1","message":"Tenant context empty. Using default schema: public","logger_name":"com.leadflow.backend.multitenancy.identifier.CurrentTenantIdentifierResolverImpl","thread_name":"main","level":"DEBUG","level_value":10000}
{"@timestamp":"2026-03-10T15:34:24.8890407-03:00","@version":"1","message":"Tenant context empty. Using default schema: public","logger_name":"com.leadflow.backend.multitenancy.identifier.CurrentTenantIdentifierResolverImpl","thread_name":"main","level":"DEBUG","level_value":10000}
{"@timestamp":"2026-03-10T15:34:24.9133503-03:00","@version":"1","message":"Tenant context empty. Using default schema: public","logger_name":"com.leadflow.backend.multitenancy.identifier.CurrentTenantIdentifierResolverImpl","thread_name":"main","level":"DEBUG","level_value":10000}
{"@timestamp":"2026-03-10T15:34:24.9212133-03:00","@version":"1","message":"Tenant context empty. Using default schema: public","logger_name":"com.leadflow.backend.multitenancy.identifier.CurrentTenantIdentifierResolverImpl","thread_name":"main","level":"DEBUG","level_value":10000}
{"@timestamp":"2026-03-10T15:34:24.9307507-03:00","@version":"1","message":"Tenant context empty. Using default schema: public","logger_name":"com.leadflow.backend.multitenancy.identifier.CurrentTenantIdentifierResolverImpl","thread_name":"main","level":"DEBUG","level_value":10000}
{"@timestamp":"2026-03-10T15:34:24.9489135-03:00","@version":"1","message":"Tenant context empty. Using default schema: public","logger_name":"com.leadflow.backend.multitenancy.identifier.CurrentTenantIdentifierResolverImpl","thread_name":"main","level":"DEBUG","level_value":10000}
{"@timestamp":"2026-03-10T15:34:24.957434-03:00","@version":"1","message":"Tenant context empty. Using default schema: public","logger_name":"com.leadflow.backend.multitenancy.identifier.CurrentTenantIdentifierResolverImpl","thread_name":"main","level":"DEBUG","level_value":10000}
{"@timestamp":"2026-03-10T15:34:24.9659656-03:00","@version":"1","message":"Tenant context empty. Using default schema: public","logger_name":"com.leadflow.backend.multitenancy.identifier.CurrentTenantIdentifierResolverImpl","thread_name":"main","level":"DEBUG","level_value":10000}
{"@timestamp":"2026-03-10T15:34:25.0807862-03:00","@version":"1","message":"Tenant context empty. Using default schema: public","logger_name":"com.leadflow.backend.multitenancy.identifier.CurrentTenantIdentifierResolverImpl","thread_name":"main","level":"DEBUG","level_value":10000}
{"@timestamp":"2026-03-10T15:34:25.0833077-03:00","@version":"1","message":"Tenant context empty. Using default schema: public","logger_name":"com.leadflow.backend.multitenancy.identifier.CurrentTenantIdentifierResolverImpl","thread_name":"main","level":"DEBUG","level_value":10000}
{"@timestamp":"2026-03-10T15:34:25.0853412-03:00","@version":"1","message":"Tenant context empty. Using default schema: public","logger_name":"com.leadflow.backend.multitenancy.identifier.CurrentTenantIdentifierResolverImpl","thread_name":"main","level":"DEBUG","level_value":10000}
{"@timestamp":"2026-03-10T15:34:25.0873417-03:00","@version":"1","message":"Tenant context empty. Using default schema: public","logger_name":"com.leadflow.backend.multitenancy.identifier.CurrentTenantIdentifierResolverImpl","thread_name":"main","level":"DEBUG","level_value":10000}
{"@timestamp":"2026-03-10T15:34:25.0883425-03:00","@version":"1","message":"Tenant context empty. Using default schema: public","logger_name":"com.leadflow.backend.multitenancy.identifier.CurrentTenantIdentifierResolverImpl","thread_name":"main","level":"DEBUG","level_value":10000}
{"@timestamp":"2026-03-10T15:34:25.0883425-03:00","@version":"1","message":"Tenant context empty. Using default schema: public","logger_name":"com.leadflow.backend.multitenancy.identifier.CurrentTenantIdentifierResolverImpl","thread_name":"main","level":"DEBUG","level_value":10000}
{"@timestamp":"2026-03-10T15:34:25.0893424-03:00","@version":"1","message":"Tenant context empty. Using default schema: public","logger_name":"com.leadflow.backend.multitenancy.identifier.CurrentTenantIdentifierResolverImpl","thread_name":"main","level":"DEBUG","level_value":10000}
{"@timestamp":"2026-03-10T15:34:25.1388709-03:00","@version":"1","message":"Tenant context empty. Using default schema: public","logger_name":"com.leadflow.backend.multitenancy.identifier.CurrentTenantIdentifierResolverImpl","thread_name":"main","level":"DEBUG","level_value":10000}
{"@timestamp":"2026-03-10T15:34:25.1398734-03:00","@version":"1","message":"Tenant context empty. Using default schema: public","logger_name":"com.leadflow.backend.multitenancy.identifier.CurrentTenantIdentifierResolverImpl","thread_name":"main","level":"DEBUG","level_value":10000}
{"@timestamp":"2026-03-10T15:34:25.1408706-03:00","@version":"1","message":"Tenant context empty. Using default schema: public","logger_name":"com.leadflow.backend.multitenancy.identifier.CurrentTenantIdentifierResolverImpl","thread_name":"main","level":"DEBUG","level_value":10000}
{"@timestamp":"2026-03-10T15:34:25.1408706-03:00","@version":"1","message":"Tenant context empty. Using default schema: public","logger_name":"com.leadflow.backend.multitenancy.identifier.CurrentTenantIdentifierResolverImpl","thread_name":"main","level":"DEBUG","level_value":10000}
{"@timestamp":"2026-03-10T15:34:25.1423752-03:00","@version":"1","message":"Tenant context empty. Using default schema: public","logger_name":"com.leadflow.backend.multitenancy.identifier.CurrentTenantIdentifierResolverImpl","thread_name":"main","level":"DEBUG","level_value":10000}
{"@timestamp":"2026-03-10T15:34:25.1433721-03:00","@version":"1","message":"Tenant context empty. Using default schema: public","logger_name":"com.leadflow.backend.multitenancy.identifier.CurrentTenantIdentifierResolverImpl","thread_name":"main","level":"DEBUG","level_value":10000}
{"@timestamp":"2026-03-10T15:34:25.1433721-03:00","@version":"1","message":"Tenant context empty. Using default schema: public","logger_name":"com.leadflow.backend.multitenancy.identifier.CurrentTenantIdentifierResolverImpl","thread_name":"main","level":"DEBUG","level_value":10000}
{"@timestamp":"2026-03-10T15:34:25.166146-03:00","@version":"1","message":"Tenant context empty. Using default schema: public","logger_name":"com.leadflow.backend.multitenancy.identifier.CurrentTenantIdentifierResolverImpl","thread_name":"main","level":"DEBUG","level_value":10000}
{"@timestamp":"2026-03-10T15:34:25.1681485-03:00","@version":"1","message":"Tenant context empty. Using default schema: public","logger_name":"com.leadflow.backend.multitenancy.identifier.CurrentTenantIdentifierResolverImpl","thread_name":"main","level":"DEBUG","level_value":10000}
{"@timestamp":"2026-03-10T15:34:25.1698053-03:00","@version":"1","message":"Tenant context empty. Using default schema: public","logger_name":"com.leadflow.backend.multitenancy.identifier.CurrentTenantIdentifierResolverImpl","thread_name":"main","level":"DEBUG","level_value":10000}
{"@timestamp":"2026-03-10T15:34:25.1698053-03:00","@version":"1","message":"Tenant context empty. Using default schema: public","logger_name":"com.leadflow.backend.multitenancy.identifier.CurrentTenantIdentifierResolverImpl","thread_name":"main","level":"DEBUG","level_value":10000}
{"@timestamp":"2026-03-10T15:34:25.2084964-03:00","@version":"1","message":"Tenant context empty. Using default schema: public","logger_name":"com.leadflow.backend.multitenancy.identifier.CurrentTenantIdentifierResolverImpl","thread_name":"main","level":"DEBUG","level_value":10000}
{"@timestamp":"2026-03-10T15:34:25.2104965-03:00","@version":"1","message":"Tenant context empty. Using default schema: public","logger_name":"com.leadflow.backend.multitenancy.identifier.CurrentTenantIdentifierResolverImpl","thread_name":"main","level":"DEBUG","level_value":10000}
{"@timestamp":"2026-03-10T15:34:25.212008-03:00","@version":"1","message":"Tenant context empty. Using default schema: public","logger_name":"com.leadflow.backend.multitenancy.identifier.CurrentTenantIdentifierResolverImpl","thread_name":"main","level":"DEBUG","level_value":10000}
{"@timestamp":"2026-03-10T15:34:25.2140097-03:00","@version":"1","message":"Tenant context empty. Using default schema: public","logger_name":"com.leadflow.backend.multitenancy.identifier.CurrentTenantIdentifierResolverImpl","thread_name":"main","level":"DEBUG","level_value":10000}
{"@timestamp":"2026-03-10T15:34:25.365597-03:00","@version":"1","message":"JWT secret successfully loaded","logger_name":"com.leadflow.backend.security.jwt.JwtService","thread_name":"main","level":"DEBUG","level_value":10000}
{"@timestamp":"2026-03-10T15:34:25.365597-03:00","@version":"1","message":"JWT Expiration time: 3600000 ms","logger_name":"com.leadflow.backend.security.jwt.JwtService","thread_name":"main","level":"DEBUG","level_value":10000}
{"@timestamp":"2026-03-10T15:34:25.365597-03:00","@version":"1","message":"JWT Issuer: leadflow","logger_name":"com.leadflow.backend.security.jwt.JwtService","thread_name":"main","level":"DEBUG","level_value":10000}
{"@timestamp":"2026-03-10T15:34:25.3797606-03:00","@version":"1","message":"Tenant context empty. Using default schema: public","logger_name":"com.leadflow.backend.multitenancy.identifier.CurrentTenantIdentifierResolverImpl","thread_name":"main","level":"DEBUG","level_value":10000}
{"@timestamp":"2026-03-10T15:34:25.3807667-03:00","@version":"1","message":"Tenant context empty. Using default schema: public","logger_name":"com.leadflow.backend.multitenancy.identifier.CurrentTenantIdentifierResolverImpl","thread_name":"main","level":"DEBUG","level_value":10000}
{"@timestamp":"2026-03-10T15:34:25.3812731-03:00","@version":"1","message":"Tenant context empty. Using default schema: public","logger_name":"com.leadflow.backend.multitenancy.identifier.CurrentTenantIdentifierResolverImpl","thread_name":"main","level":"DEBUG","level_value":10000}
{"@timestamp":"2026-03-10T15:34:25.3852831-03:00","@version":"1","message":"Tenant context empty. Using default schema: public","logger_name":"com.leadflow.backend.multitenancy.identifier.CurrentTenantIdentifierResolverImpl","thread_name":"main","level":"DEBUG","level_value":10000}
{"@timestamp":"2026-03-10T15:34:25.3852831-03:00","@version":"1","message":"Tenant context empty. Using default schema: public","logger_name":"com.leadflow.backend.multitenancy.identifier.CurrentTenantIdentifierResolverImpl","thread_name":"main","level":"DEBUG","level_value":10000}
{"@timestamp":"2026-03-10T15:34:25.4151565-03:00","@version":"1","message":"Tenant context empty. Using default schema: public","logger_name":"com.leadflow.backend.multitenancy.identifier.CurrentTenantIdentifierResolverImpl","thread_name":"main","level":"DEBUG","level_value":10000}
{"@timestamp":"2026-03-10T15:34:25.4177435-03:00","@version":"1","message":"Tenant context empty. Using default schema: public","logger_name":"com.leadflow.backend.multitenancy.identifier.CurrentTenantIdentifierResolverImpl","thread_name":"main","level":"DEBUG","level_value":10000}
{"@timestamp":"2026-03-10T15:34:25.4187501-03:00","@version":"1","message":"Tenant context empty. Using default schema: public","logger_name":"com.leadflow.backend.multitenancy.identifier.CurrentTenantIdentifierResolverImpl","thread_name":"main","level":"DEBUG","level_value":10000}
{"@timestamp":"2026-03-10T15:34:25.4197509-03:00","@version":"1","message":"Tenant context empty. Using default schema: public","logger_name":"com.leadflow.backend.multitenancy.identifier.CurrentTenantIdentifierResolverImpl","thread_name":"main","level":"DEBUG","level_value":10000}
{"@timestamp":"2026-03-10T15:34:25.4207514-03:00","@version":"1","message":"Tenant context empty. Using default schema: public","logger_name":"com.leadflow.backend.multitenancy.identifier.CurrentTenantIdentifierResolverImpl","thread_name":"main","level":"DEBUG","level_value":10000}
{"@timestamp":"2026-03-10T15:34:25.4207514-03:00","@version":"1","message":"Tenant context empty. Using default schema: public","logger_name":"com.leadflow.backend.multitenancy.identifier.CurrentTenantIdentifierResolverImpl","thread_name":"main","level":"DEBUG","level_value":10000}
{"@timestamp":"2026-03-10T15:34:25.4224409-03:00","@version":"1","message":"Tenant context empty. Using default schema: public","logger_name":"com.leadflow.backend.multitenancy.identifier.CurrentTenantIdentifierResolverImpl","thread_name":"main","level":"DEBUG","level_value":10000}
{"@timestamp":"2026-03-10T15:34:25.4274474-03:00","@version":"1","message":"Tenant context empty. Using default schema: public","logger_name":"com.leadflow.backend.multitenancy.identifier.CurrentTenantIdentifierResolverImpl","thread_name":"main","level":"DEBUG","level_value":10000}
{"@timestamp":"2026-03-10T15:34:25.4345417-03:00","@version":"1","message":"Tenant context empty. Using default schema: public","logger_name":"com.leadflow.backend.multitenancy.identifier.CurrentTenantIdentifierResolverImpl","thread_name":"main","level":"DEBUG","level_value":10000}
{"@timestamp":"2026-03-10T15:34:25.4942169-03:00","@version":"1","message":"Tenant context empty. Using default schema: public","logger_name":"com.leadflow.backend.multitenancy.identifier.CurrentTenantIdentifierResolverImpl","thread_name":"main","level":"DEBUG","level_value":10000}
{"@timestamp":"2026-03-10T15:34:25.5773342-03:00","@version":"1","message":"Tenant context empty. Using default schema: public","logger_name":"com.leadflow.backend.multitenancy.identifier.CurrentTenantIdentifierResolverImpl","thread_name":"main","level":"DEBUG","level_value":10000}
{"@timestamp":"2026-03-10T15:34:25.5783422-03:00","@version":"1","message":"Tenant context empty. Using default schema: public","logger_name":"com.leadflow.backend.multitenancy.identifier.CurrentTenantIdentifierResolverImpl","thread_name":"main","level":"DEBUG","level_value":10000}
{"@timestamp":"2026-03-10T15:34:25.7134614-03:00","@version":"1","message":"Tenant context empty. Using default schema: public","logger_name":"com.leadflow.backend.multitenancy.identifier.CurrentTenantIdentifierResolverImpl","thread_name":"main","level":"DEBUG","level_value":10000}
{"@timestamp":"2026-03-10T15:34:25.7144611-03:00","@version":"1","message":"Tenant context empty. Using default schema: public","logger_name":"com.leadflow.backend.multitenancy.identifier.CurrentTenantIdentifierResolverImpl","thread_name":"main","level":"DEBUG","level_value":10000}
{"@timestamp":"2026-03-10T15:34:25.7154613-03:00","@version":"1","message":"Tenant context empty. Using default schema: public","logger_name":"com.leadflow.backend.multitenancy.identifier.CurrentTenantIdentifierResolverImpl","thread_name":"main","level":"DEBUG","level_value":10000}
{"@timestamp":"2026-03-10T15:34:25.7164625-03:00","@version":"1","message":"Tenant context empty. Using default schema: public","logger_name":"com.leadflow.backend.multitenancy.identifier.CurrentTenantIdentifierResolverImpl","thread_name":"main","level":"DEBUG","level_value":10000}
{"@timestamp":"2026-03-10T15:34:25.7164625-03:00","@version":"1","message":"Tenant context empty. Using default schema: public","logger_name":"com.leadflow.backend.multitenancy.identifier.CurrentTenantIdentifierResolverImpl","thread_name":"main","level":"DEBUG","level_value":10000}
{"@timestamp":"2026-03-10T15:34:25.718461-03:00","@version":"1","message":"Tenant context empty. Using default schema: public","logger_name":"com.leadflow.backend.multitenancy.identifier.CurrentTenantIdentifierResolverImpl","thread_name":"main","level":"DEBUG","level_value":10000}
{"@timestamp":"2026-03-10T15:34:25.7683007-03:00","@version":"1","message":"Tenant context empty. Using default schema: public","logger_name":"com.leadflow.backend.multitenancy.identifier.CurrentTenantIdentifierResolverImpl","thread_name":"main","level":"DEBUG","level_value":10000}
{"@timestamp":"2026-03-10T15:34:25.7708071-03:00","@version":"1","message":"Tenant context empty. Using default schema: public","logger_name":"com.leadflow.backend.multitenancy.identifier.CurrentTenantIdentifierResolverImpl","thread_name":"main","level":"DEBUG","level_value":10000}
{"@timestamp":"2026-03-10T15:34:25.7708071-03:00","@version":"1","message":"Tenant context empty. Using default schema: public","logger_name":"com.leadflow.backend.multitenancy.identifier.CurrentTenantIdentifierResolverImpl","thread_name":"main","level":"DEBUG","level_value":10000}
{"@timestamp":"2026-03-10T15:34:25.7723251-03:00","@version":"1","message":"Tenant context empty. Using default schema: public","logger_name":"com.leadflow.backend.multitenancy.identifier.CurrentTenantIdentifierResolverImpl","thread_name":"main","level":"DEBUG","level_value":10000}
{"@timestamp":"2026-03-10T15:34:25.7738409-03:00","@version":"1","message":"Tenant context empty. Using default schema: public","logger_name":"com.leadflow.backend.multitenancy.identifier.CurrentTenantIdentifierResolverImpl","thread_name":"main","level":"DEBUG","level_value":10000}
{"@timestamp":"2026-03-10T15:34:25.7738409-03:00","@version":"1","message":"Tenant context empty. Using default schema: public","logger_name":"com.leadflow.backend.multitenancy.identifier.CurrentTenantIdentifierResolverImpl","thread_name":"main","level":"DEBUG","level_value":10000}
{"@timestamp":"2026-03-10T15:34:25.7748487-03:00","@version":"1","message":"Tenant context empty. Using default schema: public","logger_name":"com.leadflow.backend.multitenancy.identifier.CurrentTenantIdentifierResolverImpl","thread_name":"main","level":"DEBUG","level_value":10000}
{"@timestamp":"2026-03-10T15:34:25.7758491-03:00","@version":"1","message":"Tenant context empty. Using default schema: public","logger_name":"com.leadflow.backend.multitenancy.identifier.CurrentTenantIdentifierResolverImpl","thread_name":"main","level":"DEBUG","level_value":10000}
{"@timestamp":"2026-03-10T15:34:25.8289091-03:00","@version":"1","message":"Tenant context empty. Using default schema: public","logger_name":"com.leadflow.backend.multitenancy.identifier.CurrentTenantIdentifierResolverImpl","thread_name":"main","level":"DEBUG","level_value":10000}
{"@timestamp":"2026-03-10T15:34:25.8432599-03:00","@version":"1","message":"Tenant context empty. Using default schema: public","logger_name":"com.leadflow.backend.multitenancy.identifier.CurrentTenantIdentifierResolverImpl","thread_name":"main","level":"DEBUG","level_value":10000}
{"@timestamp":"2026-03-10T15:34:25.8457767-03:00","@version":"1","message":"Tenant context empty. Using default schema: public","logger_name":"com.leadflow.backend.multitenancy.identifier.CurrentTenantIdentifierResolverImpl","thread_name":"main","level":"DEBUG","level_value":10000}
{"@timestamp":"2026-03-10T15:34:25.9007961-03:00","@version":"1","message":"Tenant context empty. Using default schema: public","logger_name":"com.leadflow.backend.multitenancy.identifier.CurrentTenantIdentifierResolverImpl","thread_name":"main","level":"DEBUG","level_value":10000}
{"@timestamp":"2026-03-10T15:34:25.9024437-03:00","@version":"1","message":"Tenant context empty. Using default schema: public","logger_name":"com.leadflow.backend.multitenancy.identifier.CurrentTenantIdentifierResolverImpl","thread_name":"main","level":"DEBUG","level_value":10000}
{"@timestamp":"2026-03-10T15:34:25.9034496-03:00","@version":"1","message":"Tenant context empty. Using default schema: public","logger_name":"com.leadflow.backend.multitenancy.identifier.CurrentTenantIdentifierResolverImpl","thread_name":"main","level":"DEBUG","level_value":10000}
{"@timestamp":"2026-03-10T15:34:25.9034496-03:00","@version":"1","message":"Tenant context empty. Using default schema: public","logger_name":"com.leadflow.backend.multitenancy.identifier.CurrentTenantIdentifierResolverImpl","thread_name":"main","level":"DEBUG","level_value":10000}
{"@timestamp":"2026-03-10T15:34:25.9044524-03:00","@version":"1","message":"Tenant context empty. Using default schema: public","logger_name":"com.leadflow.backend.multitenancy.identifier.CurrentTenantIdentifierResolverImpl","thread_name":"main","level":"DEBUG","level_value":10000}
{"@timestamp":"2026-03-10T15:34:25.9054503-03:00","@version":"1","message":"Tenant context empty. Using default schema: public","logger_name":"com.leadflow.backend.multitenancy.identifier.CurrentTenantIdentifierResolverImpl","thread_name":"main","level":"DEBUG","level_value":10000}
{"@timestamp":"2026-03-10T15:34:25.906451-03:00","@version":"1","message":"Tenant context empty. Using default schema: public","logger_name":"com.leadflow.backend.multitenancy.identifier.CurrentTenantIdentifierResolverImpl","thread_name":"main","level":"DEBUG","level_value":10000}
{"@timestamp":"2026-03-10T15:34:25.9074524-03:00","@version":"1","message":"Tenant context empty. Using default schema: public","logger_name":"com.leadflow.backend.multitenancy.identifier.CurrentTenantIdentifierResolverImpl","thread_name":"main","level":"DEBUG","level_value":10000}
{"@timestamp":"2026-03-10T15:34:25.9326853-03:00","@version":"1","message":"Tenant context empty. Using default schema: public","logger_name":"com.leadflow.backend.multitenancy.identifier.CurrentTenantIdentifierResolverImpl","thread_name":"main","level":"DEBUG","level_value":10000}
{"@timestamp":"2026-03-10T15:34:25.9343897-03:00","@version":"1","message":"Tenant context empty. Using default schema: public","logger_name":"com.leadflow.backend.multitenancy.identifier.CurrentTenantIdentifierResolverImpl","thread_name":"main","level":"DEBUG","level_value":10000}
{"@timestamp":"2026-03-10T15:34:25.9353891-03:00","@version":"1","message":"Tenant context empty. Using default schema: public","logger_name":"com.leadflow.backend.multitenancy.identifier.CurrentTenantIdentifierResolverImpl","thread_name":"main","level":"DEBUG","level_value":10000}
{"@timestamp":"2026-03-10T15:34:25.9353891-03:00","@version":"1","message":"Tenant context empty. Using default schema: public","logger_name":"com.leadflow.backend.multitenancy.identifier.CurrentTenantIdentifierResolverImpl","thread_name":"main","level":"DEBUG","level_value":10000}
{"@timestamp":"2026-03-10T15:34:25.9777695-03:00","@version":"1","message":"Tenant context empty. Using default schema: public","logger_name":"com.leadflow.backend.multitenancy.identifier.CurrentTenantIdentifierResolverImpl","thread_name":"main","level":"DEBUG","level_value":10000}
{"@timestamp":"2026-03-10T15:34:25.9805062-03:00","@version":"1","message":"Tenant context empty. Using default schema: public","logger_name":"com.leadflow.backend.multitenancy.identifier.CurrentTenantIdentifierResolverImpl","thread_name":"main","level":"DEBUG","level_value":10000}
{"@timestamp":"2026-03-10T15:34:26.025225-03:00","@version":"1","message":"Tenant context empty. Using default schema: public","logger_name":"com.leadflow.backend.multitenancy.identifier.CurrentTenantIdentifierResolverImpl","thread_name":"main","level":"DEBUG","level_value":10000}
{"@timestamp":"2026-03-10T15:34:26.0268969-03:00","@version":"1","message":"Tenant context empty. Using default schema: public","logger_name":"com.leadflow.backend.multitenancy.identifier.CurrentTenantIdentifierResolverImpl","thread_name":"main","level":"DEBUG","level_value":10000}
{"@timestamp":"2026-03-10T15:34:26.0698126-03:00","@version":"1","message":"Tenant context empty. Using default schema: public","logger_name":"com.leadflow.backend.multitenancy.identifier.CurrentTenantIdentifierResolverImpl","thread_name":"main","level":"DEBUG","level_value":10000}
{"@timestamp":"2026-03-10T15:34:26.0708116-03:00","@version":"1","message":"Tenant context empty. Using default schema: public","logger_name":"com.leadflow.backend.multitenancy.identifier.CurrentTenantIdentifierResolverImpl","thread_name":"main","level":"DEBUG","level_value":10000}
{"@timestamp":"2026-03-10T15:34:26.0718614-03:00","@version":"1","message":"Tenant context empty. Using default schema: public","logger_name":"com.leadflow.backend.multitenancy.identifier.CurrentTenantIdentifierResolverImpl","thread_name":"main","level":"DEBUG","level_value":10000}
{"@timestamp":"2026-03-10T15:34:26.0723684-03:00","@version":"1","message":"Tenant context empty. Using default schema: public","logger_name":"com.leadflow.backend.multitenancy.identifier.CurrentTenantIdentifierResolverImpl","thread_name":"main","level":"DEBUG","level_value":10000}
{"@timestamp":"2026-03-10T15:34:26.0738821-03:00","@version":"1","message":"Tenant context empty. Using default schema: public","logger_name":"com.leadflow.backend.multitenancy.identifier.CurrentTenantIdentifierResolverImpl","thread_name":"main","level":"DEBUG","level_value":10000}
{"@timestamp":"2026-03-10T15:34:26.0748899-03:00","@version":"1","message":"Tenant context empty. Using default schema: public","logger_name":"com.leadflow.backend.multitenancy.identifier.CurrentTenantIdentifierResolverImpl","thread_name":"main","level":"DEBUG","level_value":10000}
{"@timestamp":"2026-03-10T15:34:26.1442805-03:00","@version":"1","message":"Tenant context empty. Using default schema: public","logger_name":"com.leadflow.backend.multitenancy.identifier.CurrentTenantIdentifierResolverImpl","thread_name":"main","level":"DEBUG","level_value":10000}
{"@timestamp":"2026-03-10T15:34:26.2266291-03:00","@version":"1","message":"Tenant context empty. Using default schema: public","logger_name":"com.leadflow.backend.multitenancy.identifier.CurrentTenantIdentifierResolverImpl","thread_name":"main","level":"DEBUG","level_value":10000}
{"@timestamp":"2026-03-10T15:34:26.2654551-03:00","@version":"1","message":"Tenant context empty. Using default schema: public","logger_name":"com.leadflow.backend.multitenancy.identifier.CurrentTenantIdentifierResolverImpl","thread_name":"main","level":"DEBUG","level_value":10000}
{"@timestamp":"2026-03-10T15:34:26.2892628-03:00","@version":"1","message":"Tenant context empty. Using default schema: public","logger_name":"com.leadflow.backend.multitenancy.identifier.CurrentTenantIdentifierResolverImpl","thread_name":"main","level":"DEBUG","level_value":10000}
{"@timestamp":"2026-03-10T15:34:26.2912194-03:00","@version":"1","message":"Tenant context empty. Using default schema: public","logger_name":"com.leadflow.backend.multitenancy.identifier.CurrentTenantIdentifierResolverImpl","thread_name":"main","level":"DEBUG","level_value":10000}
{"@timestamp":"2026-03-10T15:34:26.3306369-03:00","@version":"1","message":"Tenant context empty. Using default schema: public","logger_name":"com.leadflow.backend.multitenancy.identifier.CurrentTenantIdentifierResolverImpl","thread_name":"main","level":"DEBUG","level_value":10000}
{"@timestamp":"2026-03-10T15:34:26.3804609-03:00","@version":"1","message":"Tenant context empty. Using default schema: public","logger_name":"com.leadflow.backend.multitenancy.identifier.CurrentTenantIdentifierResolverImpl","thread_name":"main","level":"DEBUG","level_value":10000}
{"@timestamp":"2026-03-10T15:34:26.3814692-03:00","@version":"1","message":"Tenant context empty. Using default schema: public","logger_name":"com.leadflow.backend.multitenancy.identifier.CurrentTenantIdentifierResolverImpl","thread_name":"main","level":"DEBUG","level_value":10000}
{"@timestamp":"2026-03-10T15:34:26.3829752-03:00","@version":"1","message":"Tenant context empty. Using default schema: public","logger_name":"com.leadflow.backend.multitenancy.identifier.CurrentTenantIdentifierResolverImpl","thread_name":"main","level":"DEBUG","level_value":10000}
{"@timestamp":"2026-03-10T15:34:26.3869227-03:00","@version":"1","message":"Tenant context empty. Using default schema: public","logger_name":"com.leadflow.backend.multitenancy.identifier.CurrentTenantIdentifierResolverImpl","thread_name":"main","level":"DEBUG","level_value":10000}
{"@timestamp":"2026-03-10T15:34:26.3879195-03:00","@version":"1","message":"Tenant context empty. Using default schema: public","logger_name":"com.leadflow.backend.multitenancy.identifier.CurrentTenantIdentifierResolverImpl","thread_name":"main","level":"DEBUG","level_value":10000}
{"@timestamp":"2026-03-10T15:34:26.3889204-03:00","@version":"1","message":"Tenant context empty. Using default schema: public","logger_name":"com.leadflow.backend.multitenancy.identifier.CurrentTenantIdentifierResolverImpl","thread_name":"main","level":"DEBUG","level_value":10000}
{"@timestamp":"2026-03-10T15:34:26.3899208-03:00","@version":"1","message":"Tenant context empty. Using default schema: public","logger_name":"com.leadflow.backend.multitenancy.identifier.CurrentTenantIdentifierResolverImpl","thread_name":"main","level":"DEBUG","level_value":10000}
{"@timestamp":"2026-03-10T15:34:26.3909211-03:00","@version":"1","message":"Tenant context empty. Using default schema: public","logger_name":"com.leadflow.backend.multitenancy.identifier.CurrentTenantIdentifierResolverImpl","thread_name":"main","level":"DEBUG","level_value":10000}
{"@timestamp":"2026-03-10T15:34:26.3914266-03:00","@version":"1","message":"Tenant context empty. Using default schema: public","logger_name":"com.leadflow.backend.multitenancy.identifier.CurrentTenantIdentifierResolverImpl","thread_name":"main","level":"DEBUG","level_value":10000}
{"@timestamp":"2026-03-10T15:34:26.3924339-03:00","@version":"1","message":"Tenant context empty. Using default schema: public","logger_name":"com.leadflow.backend.multitenancy.identifier.CurrentTenantIdentifierResolverImpl","thread_name":"main","level":"DEBUG","level_value":10000}
{"@timestamp":"2026-03-10T15:34:26.3934329-03:00","@version":"1","message":"Tenant context empty. Using default schema: public","logger_name":"com.leadflow.backend.multitenancy.identifier.CurrentTenantIdentifierResolverImpl","thread_name":"main","level":"DEBUG","level_value":10000}
{"@timestamp":"2026-03-10T15:34:26.3969822-03:00","@version":"1","message":"Tenant context empty. Using default schema: public","logger_name":"com.leadflow.backend.multitenancy.identifier.CurrentTenantIdentifierResolverImpl","thread_name":"main","level":"DEBUG","level_value":10000}
{"@timestamp":"2026-03-10T15:34:26.3990881-03:00","@version":"1","message":"Tenant context empty. Using default schema: public","logger_name":"com.leadflow.backend.multitenancy.identifier.CurrentTenantIdentifierResolverImpl","thread_name":"main","level":"DEBUG","level_value":10000}
{"@timestamp":"2026-03-10T15:34:26.5498993-03:00","@version":"1","message":"Circuit Breaker registered: stripe","logger_name":"com.leadflow.backend.resilience.config.Resilience4jConfiguration","thread_name":"main","level":"INFO","level_value":20000}
{"@timestamp":"2026-03-10T15:34:26.5594457-03:00","@version":"1","message":"Circuit Breaker registered: database","logger_name":"com.leadflow.backend.resilience.config.Resilience4jConfiguration","thread_name":"main","level":"INFO","level_value":20000}
{"@timestamp":"2026-03-10T15:34:26.5594457-03:00","@version":"1","message":"Circuit Breaker registered: email","logger_name":"com.leadflow.backend.resilience.config.Resilience4jConfiguration","thread_name":"main","level":"INFO","level_value":20000}
{"@timestamp":"2026-03-10T15:34:26.7507283-03:00","@version":"1","message":"Stripe secret key is not configured - Stripe integration will not be available","logger_name":"com.leadflow.backend.service.billing.StripeService","thread_name":"main","level":"WARN","level_value":30000}
{"@timestamp":"2026-03-10T15:34:26.7752805-03:00","@version":"1","message":"Tenant context empty. Using default schema: public","logger_name":"com.leadflow.backend.multitenancy.identifier.CurrentTenantIdentifierResolverImpl","thread_name":"main","level":"DEBUG","level_value":10000}
{"@timestamp":"2026-03-10T15:34:26.776279-03:00","@version":"1","message":"Tenant context empty. Using default schema: public","logger_name":"com.leadflow.backend.multitenancy.identifier.CurrentTenantIdentifierResolverImpl","thread_name":"main","level":"DEBUG","level_value":10000}
{"@timestamp":"2026-03-10T15:34:26.7772817-03:00","@version":"1","message":"Tenant context empty. Using default schema: public","logger_name":"com.leadflow.backend.multitenancy.identifier.CurrentTenantIdentifierResolverImpl","thread_name":"main","level":"DEBUG","level_value":10000}
{"@timestamp":"2026-03-10T15:34:26.7772817-03:00","@version":"1","message":"Tenant context empty. Using default schema: public","logger_name":"com.leadflow.backend.multitenancy.identifier.CurrentTenantIdentifierResolverImpl","thread_name":"main","level":"DEBUG","level_value":10000}
{"@timestamp":"2026-03-10T15:34:26.778788-03:00","@version":"1","message":"Tenant context empty. Using default schema: public","logger_name":"com.leadflow.backend.multitenancy.identifier.CurrentTenantIdentifierResolverImpl","thread_name":"main","level":"DEBUG","level_value":10000}
{"@timestamp":"2026-03-10T15:34:26.8533397-03:00","@version":"1","message":"Tenant context empty. Using default schema: public","logger_name":"com.leadflow.backend.multitenancy.identifier.CurrentTenantIdentifierResolverImpl","thread_name":"main","level":"DEBUG","level_value":10000}
{"@timestamp":"2026-03-10T15:34:26.8543364-03:00","@version":"1","message":"Tenant context empty. Using default schema: public","logger_name":"com.leadflow.backend.multitenancy.identifier.CurrentTenantIdentifierResolverImpl","thread_name":"main","level":"DEBUG","level_value":10000}
{"@timestamp":"2026-03-10T15:34:26.8553385-03:00","@version":"1","message":"Tenant context empty. Using default schema: public","logger_name":"com.leadflow.backend.multitenancy.identifier.CurrentTenantIdentifierResolverImpl","thread_name":"main","level":"DEBUG","level_value":10000}
{"@timestamp":"2026-03-10T15:34:26.886145-03:00","@version":"1","message":"Tenant context empty. Using default schema: public","logger_name":"com.leadflow.backend.multitenancy.identifier.CurrentTenantIdentifierResolverImpl","thread_name":"main","level":"DEBUG","level_value":10000}
{"@timestamp":"2026-03-10T15:34:26.8871507-03:00","@version":"1","message":"Tenant context empty. Using default schema: public","logger_name":"com.leadflow.backend.multitenancy.identifier.CurrentTenantIdentifierResolverImpl","thread_name":"main","level":"DEBUG","level_value":10000}
{"@timestamp":"2026-03-10T15:34:28.1097106-03:00","@version":"1","message":"=== Initializing Stripe Configuration ===","logger_name":"com.leadflow.backend.config.StripeProperties","thread_name":"main","level":"INFO","level_value":20000}
{"@timestamp":"2026-03-10T15:34:28.1097106-03:00","@version":"1","message":"âš ï¸�  Stripe Mode: TEST (Key: sk_test_dummy...)","logger_name":"com.leadflow.backend.config.StripeProperties","thread_name":"main","level":"WARN","level_value":30000}
{"@timestamp":"2026-03-10T15:34:28.1097106-03:00","@version":"1","message":"âœ… Stripe SDK initialized successfully","logger_name":"com.leadflow.backend.config.StripeProperties","thread_name":"main","level":"INFO","level_value":20000}
{"@timestamp":"2026-03-10T15:34:28.1097106-03:00","@version":"1","message":"Stripe Configuration Summary:","logger_name":"com.leadflow.backend.config.StripeProperties","thread_name":"main","level":"INFO","level_value":20000}
{"@timestamp":"2026-03-10T15:34:28.1103756-03:00","@version":"1","message":"  - API Key: sk_test_dummy... (TEST)","logger_name":"com.leadflow.backend.config.StripeProperties","thread_name":"main","level":"INFO","level_value":20000}
{"@timestamp":"2026-03-10T15:34:28.1103756-03:00","@version":"1","message":"  - Webhook Enabled: true","logger_name":"com.leadflow.backend.config.StripeProperties","thread_name":"main","level":"INFO","level_value":20000}
{"@timestamp":"2026-03-10T15:34:28.1103756-03:00","@version":"1","message":"  - Webhook Timestamp Tolerance: 300s","logger_name":"com.leadflow.backend.config.StripeProperties","thread_name":"main","level":"INFO","level_value":20000}
{"@timestamp":"2026-03-10T15:34:28.1103756-03:00","@version":"1","message":"  - Retry Max Attempts: 3","logger_name":"com.leadflow.backend.config.StripeProperties","thread_name":"main","level":"INFO","level_value":20000}
{"@timestamp":"2026-03-10T15:34:28.1103756-03:00","@version":"1","message":"  - Connection Timeout: 10000ms","logger_name":"com.leadflow.backend.config.StripeProperties","thread_name":"main","level":"INFO","level_value":20000}
{"@timestamp":"2026-03-10T15:34:28.1103756-03:00","@version":"1","message":"  - Read Timeout: 30000ms","logger_name":"com.leadflow.backend.config.StripeProperties","thread_name":"main","level":"INFO","level_value":20000}
{"@timestamp":"2026-03-10T15:34:28.1103756-03:00","@version":"1","message":"  - Events Persistence: true (Max Age: 90 days)","logger_name":"com.leadflow.backend.config.StripeProperties","thread_name":"main","level":"INFO","level_value":20000}
{"@timestamp":"2026-03-10T15:34:28.2246034-03:00","@version":"1","message":"TenantFilter registered in filter chain with order -1","logger_name":"com.leadflow.backend.multitenancy.MultiTenantConfiguration","thread_name":"main","level":"INFO","level_value":20000}
{"@timestamp":"2026-03-10T15:34:28.2531827-03:00","@version":"1","message":"Exception encountered during context initialization - cancelling refresh attempt: org.springframework.beans.factory.BeanCreationException: Error creating bean with name 'stripeRetry' defined in class path resource [com/leadflow/backend/resilience/config/Resilience4jConfiguration.class]: Failed to instantiate [io.github.resilience4j.retry.Retry]: Factory method 'stripeRetry' threw exception with message: The intervalFunction was configured twice which could result in an undesired state. Please use either intervalFunction or intervalBiFunction.","logger_name":"org.springframework.web.context.support.GenericWebApplicationContext","thread_name":"main","level":"WARN","level_value":30000}
{"@timestamp":"2026-03-10T15:34:28.3491545-03:00","@version":"1","message":"Application run failed","logger_name":"org.springframework.boot.SpringApplication","thread_name":"main","level":"ERROR","level_value":40000,"stack_trace":"org.springframework.beans.factory.BeanCreationException: Error creating bean with name 'stripeRetry' defined in class path resource [com/leadflow/backend/resilience/config/Resilience4jConfiguration.class]: Failed to instantiate [io.github.resilience4j.retry.Retry]: Factory method 'stripeRetry' threw exception with message: The intervalFunction was configured twice which could result in an undesired state. Please use either intervalFunction or intervalBiFunction.\r\n\tat org.springframework.beans.factory.support.ConstructorResolver.instantiate(ConstructorResolver.java:657)\r\n\tat org.springframework.beans.factory.support.ConstructorResolver.instantiateUsingFactoryMethod(ConstructorResolver.java:645)\r\n\tat org.springframework.beans.factory.support.AbstractAutowireCapableBeanFactory.instantiateUsingFactoryMethod(AbstractAutowireCapableBeanFactory.java:1375)\r\n\tat org.springframework.beans.factory.support.AbstractAutowireCapableBeanFactory.createBeanInstance(AbstractAutowireCapableBeanFactory.java:1205)\r\n\tat org.springframework.beans.factory.support.AbstractAutowireCapableBeanFactory.doCreateBean(AbstractAutowireCapableBeanFactory.java:569)\r\n\tat org.springframework.beans.factory.support.AbstractAutowireCapableBeanFactory.createBean(AbstractAutowireCapableBeanFactory.java:529)\r\n\tat org.springframework.beans.factory.support.AbstractBeanFactory.lambda$doGetBean$0(AbstractBeanFactory.java:339)\r\n\tat org.springframework.beans.factory.support.DefaultSingletonBeanRegistry.getSingleton(DefaultSingletonBeanRegistry.java:373)\r\n\tat org.springframework.beans.factory.support.AbstractBeanFactory.doGetBean(AbstractBeanFactory.java:337)\r\n\tat org.springframework.beans.factory.support.AbstractBeanFactory.getBean(AbstractBeanFactory.java:202)\r\n\tat org.springframework.beans.factory.support.DefaultListableBeanFactory.instantiateSingleton(DefaultListableBeanFactory.java:1228)\r\n\tat org.springframework.beans.factory.support.DefaultListableBeanFactory.preInstantiateSingleton(DefaultListableBeanFactory.java:1194)\r\n\tat org.springframework.beans.factory.support.DefaultListableBeanFactory.preInstantiateSingletons(DefaultListableBeanFactory.java:1130)\r\n\tat org.springframework.context.support.AbstractApplicationContext.finishBeanFactoryInitialization(AbstractApplicationContext.java:991)\r\n\tat org.springframework.context.support.AbstractApplicationContext.refresh(AbstractApplicationContext.java:628)\r\n\tat org.springframework.boot.SpringApplication.refresh(SpringApplication.java:752)\r\n\tat org.springframework.boot.SpringApplication.refreshContext(SpringApplication.java:439)\r\n\tat org.springframework.boot.SpringApplication.run(SpringApplication.java:318)\r\n\tat org.springframework.boot.test.context.SpringBootContextLoader.lambda$loadContext$3(SpringBootContextLoader.java:152)\r\n\tat org.springframework.util.function.ThrowingSupplier.get(ThrowingSupplier.java:58)\r\n\tat org.springframework.util.function.ThrowingSupplier.get(ThrowingSupplier.java:46)\r\n\tat org.springframework.boot.SpringApplication.withHook(SpringApplication.java:1461)\r\n\tat org.springframework.boot.test.context.SpringBootContextLoader$ContextLoaderHook.run(SpringBootContextLoader.java:595)\r\n\tat org.springframework.boot.test.context.SpringBootContextLoader.loadContext(SpringBootContextLoader.java:152)\r\n\tat org.springframework.boot.test.context.SpringBootContextLoader.loadContext(SpringBootContextLoader.java:111)\r\n\tat org.springframework.test.context.cache.DefaultCacheAwareContextLoaderDelegate.loadContextInternal(DefaultCacheAwareContextLoaderDelegate.java:225)\r\n\tat org.springframework.test.context.cache.DefaultCacheAwareContextLoaderDelegate.loadContext(DefaultCacheAwareContextLoaderDelegate.java:152)\r\n\tat org.springframework.test.context.s
[...]
nfiguration, org.springframework.boot.test.autoconfigure.web.servlet.MockMvcWebClientAutoConfiguration, org.springframework.boot.test.autoconfigure.web.reactive.WebTestClientAutoConfiguration, org.springframework.boot.test.autoconfigure.web.servlet.MockMvcWebDriverAutoConfiguration, org.springframework.boot.test.autoconfigure.web.servlet.MockMvcAutoConfiguration, org.springframework.boot.autoconfigure.security.servlet.SecurityAutoConfiguration, org.springframework.boot.autoconfigure.security.servlet.SecurityFilterAutoConfiguration, org.springframework.boot.autoconfigure.security.servlet.UserDetailsServiceAutoConfiguration, org.springframework.boot.autoconfigure.security.oauth2.resource.servlet.OAuth2ResourceServerAutoConfiguration, org.springframework.boot.autoconfigure.security.oauth2.client.OAuth2ClientAutoConfiguration]], org.springframework.boot.test.context.filter.ExcludeFilterContextCustomizer@6a87026, org.springframework.boot.test.json.DuplicateJsonObjectContextCustomizerFactory$DuplicateJsonObjectContextCustomizer@2503ec73, org.springframework.boot.test.mock.mockito.MockitoContextCustomizer@e2300016, org.springframework.boot.test.web.client.TestRestTemplateContextCustomizer@3da701a1, org.springframework.boot.test.web.reactor.netty.DisableReactorResourceFactoryGlobalResourcesContextCustomizerFactory$DisableReactorResourceFactoryGlobalResourcesContextCustomizerCustomizer@63538bb4, org.springframework.boot.test.autoconfigure.OnFailureConditionReportContextCustomizerFactory$OnFailureConditionReportContextCustomizer@106d77da, org.springframework.boot.test.autoconfigure.actuate.observability.ObservabilityContextCustomizerFactory$DisableObservabilityContextCustomizer@1f, org.springframework.boot.test.autoconfigure.properties.PropertyMappingContextCustomizer@4b3fa0b3, org.springframework.boot.test.autoconfigure.web.servlet.WebDriverContextCustomizer@4b5a078a, org.springframework.test.context.bean.override.BeanOverrideContextCustomizer@c14c9fec, org.springframework.test.context.support.DynamicPropertiesContextCustomizer@74b3a85f, org.springframework.boot.test.context.SpringBootTestAnnotation@be354986], resourceBasePath = &quot;src/main/webapp&quot;, contextLoader = org.springframework.boot.test.context.SpringBootContextLoader, parent = null]" type="java.lang.IllegalStateException"><![CDATA[java.lang.IllegalStateException: ApplicationContext failure threshold (1) exceeded: skipping repeated attempt to load context for [WebMergedContextConfiguration@3913408b testClass = com.leadflow.backend.controller.admin.AdminOverviewIntegrationTest, locations = [], classes = [com.leadflow.backend.BackendApplication], contextInitializerClasses = [], activeProfiles = ["test"], propertySourceDescriptors = [], propertySourceProperties = ["org.springframework.boot.test.context.SpringBootTestContextBootstrapper=true"], contextCustomizers = [[ImportsContextCustomizer@2bb5fbdd key = [org.springframework.boot.autoconfigure.security.oauth2.client.servlet.OAuth2ClientWebSecurityAutoConfiguration, com.leadflow.backend.config.TestBillingConfig, org.springframework.boot.autoconfigure.security.saml2.Saml2RelyingPartyAutoConfiguration, org.springframework.boot.test.autoconfigure.web.servlet.MockMvcSecurityConfiguration, org.springframework.boot.test.autoconfigure.web.servlet.MockMvcWebClientAutoConfiguration, org.springframework.boot.test.autoconfigure.web.reactive.WebTestClientAutoConfiguration, org.springframework.boot.test.autoconfigure.web.servlet.MockMvcWebDriverAutoConfiguration, org.springframework.boot.test.autoconfigure.web.servlet.MockMvcAutoConfiguration, org.springframework.boot.autoconfigure.security.servlet.SecurityAutoConfiguration, org.springframework.boot.autoconfigure.security.servlet.SecurityFilterAutoConfiguration, org.springframework.boot.autoconfigure.security.servlet.UserDetailsServiceAutoConfiguration, org.springframework.boot.autoconfigure.security.oauth2.resource.servlet.OAuth2ResourceServerAutoConfiguration, org.springframework.boot.autoconfigure.security.oauth2.client.OAuth2ClientAutoConfiguration]], org.springframework.boot.test.context.filter.ExcludeFilterContextCustomizer@6a87026, org.springframework.boot.test.json.DuplicateJsonObjectContextCustomizerFactory$DuplicateJsonObjectContextCustomizer@2503ec73, org.springframework.boot.test.mock.mockito.MockitoContextCustomizer@e2300016, org.springframework.boot.test.web.client.TestRestTemplateContextCustomizer@3da701a1, org.springframework.boot.test.web.reactor.netty.DisableReactorResourceFactoryGlobalResourcesContextCustomizerFactory$DisableReactorResourceFactoryGlobalResourcesContextCustomizerCustomizer@63538bb4, org.springframework.boot.test.autoconfigure.OnFailureConditionReportContextCustomizerFactory$OnFailureConditionReportContextCustomizer@106d77da, org.springframework.boot.test.autoconfigure.actuate.observability.ObservabilityContextCustomizerFactory$DisableObservabilityContextCustomizer@1f, org.springframework.boot.test.autoconfigure.properties.PropertyMappingContextCustomizer@4b3fa0b3, org.springframework.boot.test.autoconfigure.web.servlet.WebDriverContextCustomizer@4b5a078a, org.springframework.test.context.bean.override.BeanOverrideContextCustomizer@c14c9fec, org.springframework.test.context.support.DynamicPropertiesContextCustomizer@74b3a85f, org.springframework.boot.test.context.SpringBootTestAnnotation@be354986], resourceBasePath = "src/main/webapp", contextLoader = org.springframework.boot.test.context.SpringBootContextLoader, parent = null]
	at org.springframework.test.context.cache.DefaultCacheAwareContextLoaderDelegate.loadContext(DefaultCacheAwareContextLoaderDelegate.java:145)
	at org.springframework.test.context.support.DefaultTestContext.getApplicationContext(DefaultTestContext.java:130)
	at org.springframework.test.context.web.ServletTestExecutionListener.setUpRequestContextIfNecessary(ServletTestExecutionListener.java:200)
	at org.springframework.test.context.web.ServletTestExecutionListener.prepareTestInstance(ServletTestExecutionListener.java:139)
	at org.springframework.test.context.TestContextManager.prepareTestInstance(TestContextManager.java:260)
	at org.springframework.test.context.junit.jupiter.SpringExtension.postProcessTestInstance(SpringExtension.java:159)
	at java.base/java.util.stream.ForEachOps$ForEachOp$OfRef.accept(ForEachOps.java:183)
	at java.base/java.util.stream.ReferencePipeline$3$1.accept(ReferencePipeline.java:197)
	at java.base/java.util.stream.ReferencePipeline$2$1.accept(ReferencePipeline.java:179)
	at java.base/java.util.stream.ReferencePipeline$3$1.accept(ReferencePipeline.java:197)
	at java.base/java.util.ArrayList$ArrayListSpliterator.forEachRemaining(ArrayList.java:1625)
	at java.base/java.util.stream.AbstractPipeline.copyInto(AbstractPipeline.java:509)
	at java.base/java.util.stream.AbstractPipeline.wrapAndCopyInto(AbstractPipeline.java:499)
	at java.base/java.util.stream.ForEachOps$ForEachOp.evaluateSequential(ForEachOps.java:150)
	at java.base/java.util.stream.ForEachOps$ForEachOp$OfRef.evaluateSequential(ForEachOps.java:173)
	at java.base/java.util.stream.AbstractPipeline.evaluate(AbstractPipeline.java:234)
	at java.base/java.util.stream.ReferencePipeline.forEach(ReferencePipeline.java:596)
	at java.base/java.util.Optional.orElseGet(Optional.java:364)
	at java.base/java.util.ArrayList.forEach(ArrayList.java:1511)
	at java.base/java.util.ArrayList.forEach(ArrayList.java:1511)
]]></error>
    <system-out><![CDATA[{"@timestamp":"2026-03-10T15:34:28.3785754-03:00","@version":"1","message":"Caught exception while allowing TestExecutionListener [org.springframework.test.context.web.ServletTestExecutionListener] to prepare test instance [com.leadflow.backend.controller.admin.AdminOverviewIntegrationTest@5334cf3f]","logger_name":"org.springframework.test.context.TestContextManager","thread_name":"main","level":"WARN","level_value":30000,"stack_trace":"java.lang.IllegalStateException: ApplicationContext failure threshold (1) exceeded: skipping repeated attempt to load context for [WebMergedContextConfiguration@3913408b testClass = com.leadflow.backend.controller.admin.AdminOverviewIntegrationTest, locations = [], classes = [com.leadflow.backend.BackendApplication], contextInitializerClasses = [], activeProfiles = [\"test\"], propertySourceDescriptors = [], propertySourceProperties = [\"org.springframework.boot.test.context.SpringBootTestContextBootstrapper=true\"], contextCustomizers = [[ImportsContextCustomizer@2bb5fbdd key = [org.springframework.boot.autoconfigure.security.oauth2.client.servlet.OAuth2ClientWebSecurityAutoConfiguration, com.leadflow.backend.config.TestBillingConfig, org.springframework.boot.autoconfigure.security.saml2.Saml2RelyingPartyAutoConfiguration, org.springframework.boot.test.autoconfigure.web.servlet.MockMvcSecurityConfiguration, org.springframework.boot.test.autoconfigure.web.servlet.MockMvcWebClientAutoConfiguration, org.springframework.boot.test.autoconfigure.web.reactive.WebTestClientAutoConfiguration, org.springframework.boot.test.autoconfigure.web.servlet.MockMvcWebDriverAutoConfiguration, org.springframework.boot.test.autoconfigure.web.servlet.MockMvcAutoConfiguration, org.springframework.boot.autoconfigure.security.servlet.SecurityAutoConfiguration, org.springframework.boot.autoconfigure.security.servlet.SecurityFilterAutoConfiguration, org.springframework.boot.autoconfigure.security.servlet.UserDetailsServiceAutoConfiguration, org.springframework.boot.autoconfigure.security.oauth2.resource.servlet.OAuth2ResourceServerAutoConfiguration, org.springframework.boot.autoconfigure.security.oauth2.client.OAuth2ClientAutoConfiguration]], org.springframework.boot.test.context.filter.ExcludeFilterContextCustomizer@6a87026, org.springframework.boot.test.json.DuplicateJsonObjectContextCustomizerFactory$DuplicateJsonObjectContextCustomizer@2503ec73, org.springframework.boot.test.mock.mockito.MockitoContextCustomizer@e2300016, org.springframework.boot.test.web.client.TestRestTemplateContextCustomizer@3da701a1, org.springframework.boot.test.web.reactor.netty.DisableReactorResourceFactoryGlobalResourcesContextCustomizerFactory$DisableReactorResourceFactoryGlobalResourcesContextCustomizerCustomizer@63538bb4, org.springframework.boot.test.autoconfigure.OnFailureConditionReportContextCustomizerFactory$OnFailureConditionReportContextCustomizer@106d77da, org.springframework.boot.test.autoconfigure.actuate.observability.ObservabilityContextCustomizerFactory$DisableObservabilityContextCustomizer@1f, org.springframework.boot.test.autoconfigure.properties.PropertyMappingContextCustomizer@4b3fa0b3, org.springframework.boot.test.autoconfigure.web.servlet.WebDriverContextCustomizer@4b5a078a, org.springframework.test.context.bean.override.BeanOverrideContextCustomizer@c14c9fec, org.springframework.test.context.support.DynamicPropertiesContextCustomizer@74b3a85f, org.springframework.boot.test.context.SpringBootTestAnnotation@be354986], resourceBasePath = \"src/main/webapp\", contextLoader = org.springframework.boot.test.context.SpringBootContextLoader, parent = null]\r\n\tat org.springframework.test.context.cache.DefaultCacheAwareContextLoaderDelegate.loadContext(DefaultCacheAwareContextLoaderDelegate.java:145)\r\n\tat org.springframework.test.context.support.DefaultTestContext.getApplicationContext(DefaultTestContext.java:130)\r\n\tat org.springframework.test.context.web.ServletTestExecutionListener.setUpRequestContextIfNecessary(ServletTestExecutionListener.java:200)\r\n\tat org.springframework.test.context.web.ServletTestExecutionListener.prepareTestInstance(ServletTestExecutionListener.java:139)\r\n\tat org.springframework.test.context.TestContextManager.prepareTestInstance(TestContextManager.java:260)\r\n\tat org.springframework.test.context.junit.jupiter.SpringExtension.postProcessTestInstance(SpringExtension.java:159)\r\n\tat org.junit.jupiter.engine.descriptor.ClassBasedTestDescriptor.lambda$invokeTestInstancePostProcessors$10(ClassBasedTestDescriptor.java:383)\r\n\tat org.junit.jupiter.engine.descriptor.ClassBasedTestDescriptor.executeAndMaskThrowable(ClassBasedTestDescriptor.java:388)\r\n\tat org.junit.jupiter.engine.descriptor.ClassBasedTestDescriptor.lambda$invokeTestInstancePostProcessors$11(ClassBasedTestDescriptor.java:382)\r\n\tat java.base/java.util.stream.ForEachOps$ForEachOp$OfRef.accept(ForEachOps.java:183)\r\n\tat java.base/java.util.stream.ReferencePipeline$3$1.accept(ReferencePipeline.java:197)\r\n\tat java.base/java.util.stream.ReferencePipeline$2$1.accept(ReferencePipeline.java:179)\r\n\tat java.base/java.util.stream.ReferencePipeline$3$1.accept(ReferencePipeline.java:197)\r\n\tat java.base/java.util.ArrayList$ArrayListSpliterator.forEachRemaining(ArrayList.java:1625)\r\n\tat java.base/java.util.stream.AbstractPipeline.copyInto(AbstractPipeline.java:509)\r\n\tat java.base/java.util.stream.AbstractPipeline.wrapAndCopyInto(AbstractPipeline.java:499)\r\n\tat java.base/java.util.stream.ForEachOps$ForEachOp.evaluateSequential(ForEachOps.java:150)\r\n\tat java.base/java.util.stream.ForEachOps$ForEachOp$OfRef.evaluateSequential(ForEachOps.java:173)\r\n\tat java.base/java.util.stream.AbstractPipeline.evaluate(AbstractPipeline.java:234)\r\n\tat java.base/java.util.stream.ReferencePipeline.forEach(ReferencePipeline.java:596)\r\n\tat org.junit.jupiter.engine.descriptor.ClassBasedTestDescriptor.invokeTestInstancePostProcessors(ClassBasedTestDescriptor.java:382)\r\n\tat org.junit.jupiter.engine.descriptor.ClassBasedTestDescriptor.lambda$instantiateAndPostProcessTestInstance$6(ClassBasedTestDescriptor.java:293)\r\n\tat org.junit.platform.engine.support.hierarchical.ThrowableCollector.execute(ThrowableCollector.java:73)\r\n\tat org.junit.jupiter.engine.descriptor.ClassBasedTestDescriptor.instantiateAndPostProcessTestInstance(ClassBasedTestDescriptor.java:292)\r\n\tat org.junit.jupiter.engine.descriptor.ClassBasedTestDescriptor.lambda$testInstancesProvider$4(ClassBasedTestDescriptor.java:281)\r\n\tat java.base/java.util.Optional.orElseGet(Optional.java:364)\r\n\tat org.junit.jupiter.engine.descriptor.ClassBasedTestDescriptor.lambda$testInstancesProvider$5(ClassBasedTestDescriptor.java:280)\r\n\tat org.junit.jupiter.engine.execution.TestInstancesProvider.getTestInstances(TestInstancesProvider.java:27)\r\n\tat org.junit.jupiter.engine.descriptor.TestMethodTestDescriptor.lambda$prepare$0(TestMethodTestDescriptor.java:112)\r\n\tat org.junit.platform.engine.support.hierarchical.ThrowableCollector.execute(ThrowableCollector.java:73)\r\n\tat org.junit.jupiter.engine.descriptor.TestMethodTestDescriptor.prepare(TestMethodTestDescriptor.java:111)\r\n\tat org.junit.jupiter.engine.descriptor.TestMethodTestDescriptor.prepare(TestMethodTestDescriptor.java:69)\r\n\tat org.junit.platform.engine.support.hierarchical.NodeTestTask.lambda$prepare$2(NodeTestTask.java:128)\r\n\tat org.junit.platform.engine.support.hierarchical.ThrowableCollector.execute(ThrowableCollector.java:73)\r\n\tat org.junit.platform.engine.support.hierarchical.NodeTestTask.prepare(NodeTestTask.java:128)\r\n\tat org.junit.platform.engine.support.hierarchical.NodeTestTask.execute(NodeTestTask.java:95)\r\n\tat java.base/java.util.ArrayList.forEach(ArrayList.java:1511)\r\n\tat org.junit.platform.engine.support.hierarchical.SameThreadHierarchicalTestExecutorService.invokeAll(SameThreadHierarchicalTestExecutorService.java:41)\r\n\tat org.junit.platform.engine.support.hierarchical.NodeTestTask.lambda$executeRecursively$6(NodeTestTask.java:160)\r\n\tat org.junit.platform.engine.support.hierarchical.ThrowableCollector.execute(ThrowableCollector.java:73)\r\n\tat org.junit.platform.engine.support.hierarchical.NodeTestTask.lambda$executeRecursively$8(NodeTestTask.java:146)\r\n\tat org.junit.platform.engine.support.hierarchical.Node.around(Node.java:137)\r\n\tat org.junit.platform.engine.support.hierarchical.NodeTestTask.lambda$executeRecursively$9(NodeTestTask.java:144)\r\n\tat org.junit.platform.engine.support.hierarchical.ThrowableCollector.execute(ThrowableCollector.java:73)\r\n\tat org.junit.platform.engine.support.hierarchical.NodeTestTask.executeRecursively(NodeTestTask.java:143)\r\n\tat org.junit.platform.engine.support.hierarchical.NodeTestTask.execute(NodeTestTask.java:100)\r\n\tat java.base/java.util.ArrayList.forEach(ArrayList.java:1511)\r\n\tat org.junit.platform.engine.support.hierarchical.SameThreadHierarchicalTestExecutorService.invokeAll(SameThreadHierarchicalTestExecutorService.java:41)\r\n\tat org.junit.platform.engine.support.hierarchical.NodeTestTask.lambda$executeRecursively$6(NodeTestTask.java:160)\r\n\tat org.junit.platform.engine.support.hierarchical.ThrowableCollector.execute(ThrowableCollector.java:73)\r\n\tat org.junit.platform.engine.support.hierarchical.NodeTestTask.lambda$executeRecursively$8(NodeTestTask.java:146)\r\n\tat org.junit.platform.engine.support.hierarchical.Node.around(Node.java:137)\r\n\tat org.junit.platform.engine.support.hierarchical.NodeTestTask.lambda$executeRecursively$9(NodeTestTask.java:144)\r\n\tat org.junit.platform.engine.support.hierarchical.ThrowableCollector.execute(ThrowableCollector.java:73)\r\n\tat org.junit.platform.engine.support.hierarchical.NodeTestTask.executeRecursively(NodeTestTask.java:143)\r\n\tat org.junit.platform.engine.support.hierarchical.NodeTestTask.execute(NodeTestTask.java:100)\r\n\tat org.junit.platform.engine.support.hierarchical.SameThreadHierarchicalTestExecutorService.submit(SameThreadHierarchicalTestExecutorService.java:35)\r\n\tat org.junit.platform.engine.support.hierarchical.HierarchicalTestExecutor.execute(HierarchicalTestExecutor.java:57)\r\n\tat org.junit.platform.engine.support.hierarchical.HierarchicalTestEngine.execute(HierarchicalTestEngine.java:54)\r\n\tat org.junit.platform.launcher.core.EngineExecutionOrchestrator.execute(EngineExecutionOrchestrator.java:201)\r\n\tat org.junit.platform.launcher.core.EngineExecutionOrchestrator.execute(EngineExecutionOrchestrator.java:170)\r\n\tat org.junit.platform.launcher.core.EngineExecutionOrchestrator.execute(EngineExecutionOrchestrator.java:94)\r\n\tat org.junit.platform.launcher.core.EngineExecutionOrchestrator.lambda$execute$0(EngineExecutionOrchestrator.java:59)\r\n\tat org.junit.platform.launcher.core.EngineExecutionOrchestrator.withInterceptedStreams(EngineExecutionOrchestrator.java:142)\r\n\tat org.junit.platform.launcher.core.EngineExecutionOrchestrator.execute(EngineExecutionOrchestrator.java:58)\r\n\tat org.junit.platform.launcher.core.DefaultLauncher.execute(DefaultLauncher.java:103)\r\n\tat org.junit.platform.launcher.core.DefaultLauncher.execute(DefaultLauncher.java:85)\r\n\tat org.junit.platform.launcher.core.DelegatingLauncher.execute(DelegatingLauncher.java:47)\r\n\tat org.junit.platform.launcher.core.InterceptingLauncher.lambda$execute$1(InterceptingLauncher.java:39)\r\n\tat org.junit.platform.launcher.core.ClasspathAlignmentCheckingLauncherInterceptor.intercept(ClasspathAlignmentCheckingLauncherInterceptor.java:25)\r\n\tat org.junit.platform.launcher.core.InterceptingLauncher.execute(InterceptingLauncher.java:38)\r\n\tat org.junit.platform.launcher.core.DelegatingLauncher.execute(DelegatingLauncher.java:47)\r\n\tat org.apache.maven.surefire.junitplatform.LazyLauncher.execute(LazyLauncher.java:55)\r\n\tat org.apache.maven.surefire.junitplatform.JUnitPlatformProvider.execute(JUnitPlatformProvider.java:223)\r\n\tat org.apache.maven.surefire.junitplatform.JUnitPlatformProvider.invokeAllTests(JUnitPlatformProvider.java:175)\r\n\tat org.apache.maven.surefire.junitplatform.JUnitPlatformProvider.invoke(JUnitPlatformProvider.java:139)\r\n\tat org.apache.maven.surefire.booter.ForkedBooter.runSuitesInProcess(ForkedBooter.java:456)\r\n\tat org.apache.maven.surefire.booter.ForkedBooter.execute(ForkedBooter.java:169)\r\n\tat org.apache.maven.surefire.booter.ForkedBooter.run(ForkedBooter.java:595)\r\n\tat org.apache.maven.surefire.booter.ForkedBooter.main(ForkedBooter.java:581)\r\n"}
]]></system-out>
  </testcase>
</testsuite>